#BIND_OUTPUT version: 3.0 
#JOB_TITLE: mp-47 
; ********* Atoms within the unit cell:  ********* 
# NUMBER OF ATOMS:  
	5 
# Crystallographic coordinates of atoms: 
   1    C 0.333333 0.666667 0.062772 
   2    C 0.666667 0.333333 0.562772 
  3    C 0.666667 0.333333 0.937228 
   4    C 0.333333 0.666667 0.437228 
   5    & 0.000000 0.000000 0.000000 
# ******** Extended Hueckel Parameters ******** 
;  FORMAT  quantum number orbital: Hii, <c1>, exponent1, <c2>, <exponent2> 
ATOM: C   Atomic number: 6  # Valence Electrons: 4 
	2S:   -35.7440     2.0083 
	2P:   -29.0014     1.9063 
ATOM: &   Atomic number: -1  # Valence Electrons: 0 
# CRYSTAL SPECIFICATION: 
#Cell Constants:  
2.5131 2.5131 4.1814  
# alpha:  90.0000 
# beta:  90.0000 
# gamma:  120.0000 
#Cell Volume: 22.8702 cubic Angstroms 
# Positions of atoms from crystal coordinates 
  1    C  -0.0000   1.4509   0.2625 
   2    C   1.2565   0.7255   2.3532 
   3    C   1.2565   0.7255   3.9189 
   4    C  -0.0000   1.4509   1.8282 
   5    &   0.0000   0.0000   0.0000 
; Number of orbitals 
#Num_Orbitals: 4 
; ------  Lattice Parameters ------ 
#Dimensionality: 2 
#Lattice Vectors 
(a) 2.513094 0.000000 0.000000 
(b) -1.256547 2.176403 0.000000 
(c) 0.000000 0.000000 4.181402 
; RHO = 22.627844 
;***& Kpoint: 1 (0.0 0.0 ) Weight: 0.000000 
 
;		 --- Hamiltonian H(K) --- 
    C(  1) 2s       C(  1) 2px 
 C(  1) 2s       (1+0j)         0j         0j         0j          
 C(  1) 2s       0j         (-1+0j)         0j         0j          
 C(  1) 2s       0j         0j         (1-0j)         -0j          
 C(  1) 2s       0j         0j         -0j         (-1-0j)          
#	******* Energies (in eV)  and Occupation Numbers ******* 
1:--->  -1.0  [2 Electrons] 
2:--->  -1.0  [2 Electrons] 
3:--->  1.0  [0 Electrons] 
4:--->  1.0  [0 Electrons] 
Total_Energy: 0.0 
 
 
;***& Kpoint: 2 (0.0 0.125 ) Weight: 0.000000 
 
;		 --- Hamiltonian H(K) --- 
    C(  1) 2s       C(  1) 2px 
 C(  1) 2s       (0.41421356237309515+0j)         0.35355339059327373j         0j         0j          
 C(  1) 2s       -0.35355339059327373j         (-0.41421356237309515+0j)         0j         0j          
 C(  1) 2s       0j         0j         (0.41421356237309515-0j)         0.35355339059327373j          
 C(  1) 2s       0j         0j         -0.35355339059327373j         (-0.41421356237309515-0j)          
#	******* Energies (in eV)  and Occupation Numbers ******* 
1:--->  -0.5445850486873558  [2 Electrons] 
2:--->  -0.5445850486873558  [2 Electrons] 
3:--->  0.544585048687356  [0 Electrons] 
4:--->  0.544585048687356  [0 Electrons] 
Total_Energy: 4.440892098500626e-16 
 
 
;***& Kpoint: 3 (0.0 0.25 ) Weight: 0.000000 
 
;		 --- Hamiltonian H(K) --- 
    C(  1) 2s       C(  1) 2px 
 C(  1) 2s       (-0.9999999999999999+0j)         0.5j         0j         0j          
 C(  1) 2s       -0.5j         (0.9999999999999999+0j)         0j         0j          
 C(  1) 2s       0j         0j         (-0.9999999999999999-0j)         0.5j          
 C(  1) 2s       0j         0j         -0.5j         (0.9999999999999999-0j)          
#	******* Energies (in eV)  and Occupation Numbers ******* 
1:--->  -1.1180339887498951  [2 Electrons] 
2:--->  -1.1180339887498951  [2 Electrons] 
3:--->  1.1180339887498947  [0 Electrons] 
4:--->  1.1180339887498947  [0 Electrons] 
Total_Energy: -8.881784197001252e-16 
 
 
;***& Kpoint: 4 (0.0 0.375 ) Weight: 0.000000 
 
;		 --- Hamiltonian H(K) --- 
    C(  1) 2s       C(  1) 2px 
 C(  1) 2s       (-2.414213562373095+0j)         0.3535533905932738j         0j         0j          
 C(  1) 2s       -0.3535533905932738j         (2.414213562373095+0j)         0j         0j          
 C(  1) 2s       0j         0j         (-2.414213562373095-0j)         0.3535533905932738j          
 C(  1) 2s       0j         0j         -0.3535533905932738j         (2.414213562373095-0j)          
#	******* Energies (in eV)  and Occupation Numbers ******* 
1:--->  -2.4399645744859075  [2 Electrons] 
2:--->  -2.4399645744859075  [2 Electrons] 
3:--->  2.439964574485906  [0 Electrons] 
4:--->  2.439964574485906  [0 Electrons] 
Total_Energy: -2.6645352591003757e-15 
 
 
;***& Kpoint: 5 (0.0 0.5 ) Weight: 0.000000 
 
;		 --- Hamiltonian H(K) --- 
    C(  1) 2s       C(  1) 2px 
 C(  1) 2s       (-3+0j)         6.123233995736766e-17j         0j         0j          
 C(  1) 2s       -6.123233995736766e-17j         (3+0j)         0j         0j          
 C(  1) 2s       0j         0j         (-3-0j)         6.123233995736766e-17j          
 C(  1) 2s       0j         0j         -6.123233995736766e-17j         (3-0j)          
#	******* Energies (in eV)  and Occupation Numbers ******* 
1:--->  -3.0  [2 Electrons] 
2:--->  -3.0  [2 Electrons] 
3:--->  3.0  [0 Electrons] 
4:--->  3.0  [0 Electrons] 
Total_Energy: 0.0 
 
 
;***& Kpoint: 6 (0.0 0.625 ) Weight: 0.000000 
 
;		 --- Hamiltonian H(K) --- 
    C(  1) 2s       C(  1) 2px 
 C(  1) 2s       (-2.4142135623730954+0j)         -0.35355339059327373j         0j         0j          
 C(  1) 2s       0.35355339059327373j         (2.4142135623730954+0j)         0j         0j          
 C(  1) 2s       0j         0j         (-2.4142135623730954-0j)         -0.35355339059327373j          
 C(  1) 2s       0j         0j         0.35355339059327373j         (2.4142135623730954-0j)          
#	******* Energies (in eV)  and Occupation Numbers ******* 
1:--->  -2.4399645744859075  [2 Electrons] 
2:--->  -2.4399645744859075  [2 Electrons] 
3:--->  2.4399645744859066  [0 Electrons] 
4:--->  2.4399645744859066  [0 Electrons] 
Total_Energy: -1.7763568394002505e-15 
 
 
;***& Kpoint: 7 (0.0 0.75 ) Weight: 0.000000 
 
;		 --- Hamiltonian H(K) --- 
    C(  1) 2s       C(  1) 2px 
 C(  1) 2s       (-1.0000000000000004+0j)         -0.5j         0j         0j          
 C(  1) 2s       0.5j         (1.0000000000000004+0j)         0j         0j          
 C(  1) 2s       0j         0j         (-1.0000000000000004-0j)         -0.5j          
 C(  1) 2s       0j         0j         0.5j         (1.0000000000000004-0j)          
#	******* Energies (in eV)  and Occupation Numbers ******* 
1:--->  -1.1180339887498956  [2 Electrons] 
2:--->  -1.1180339887498956  [2 Electrons] 
3:--->  1.1180339887498953  [0 Electrons] 
4:--->  1.1180339887498953  [0 Electrons] 
Total_Energy: -4.440892098500626e-16 
 
 
;***& Kpoint: 8 (0.0 0.875 ) Weight: 0.000000 
 
;		 --- Hamiltonian H(K) --- 
    C(  1) 2s       C(  1) 2px 
 C(  1) 2s       (0.4142135623730947+0j)         -0.35355339059327384j         0j         0j          
 C(  1) 2s       0.35355339059327384j         (-0.4142135623730947+0j)         0j         0j          
 C(  1) 2s       0j         0j         (0.4142135623730947-0j)         -0.35355339059327384j          
 C(  1) 2s       0j         0j         0.35355339059327384j         (-0.4142135623730947-0j)          
#	******* Energies (in eV)  and Occupation Numbers ******* 
1:--->  -0.5445850486873558  [2 Electrons] 
2:--->  -0.5445850486873558  [2 Electrons] 
3:--->  0.5445850486873558  [0 Electrons] 
4:--->  0.5445850486873558  [0 Electrons] 
Total_Energy: 0.0 
 
 
;***& Kpoint: 9 (0.05 0.0 ) Weight: 0.000000 
 
;		 --- Hamiltonian H(K) --- 
    C(  1) 2s       C(  1) 2px 
 C(  1) 2s       (0.9021130325903071+0j)         (0.1545084971874737+0j)         0j         0j          
 C(  1) 2s       (0.1545084971874737+0j)         (-0.9021130325903071+0j)         0j         0j          
 C(  1) 2s       0j         0j         (0.9021130325903071-0j)         (-0.1545084971874737-0j)          
 C(  1) 2s       0j         0j         (-0.1545084971874737-0j)         (-0.9021130325903071-0j)          
#	******* Energies (in eV)  and Occupation Numbers ******* 
1:--->  -0.9152490367503325  [2 Electrons] 
2:--->  -0.9152490367503325  [2 Electrons] 
3:--->  0.9152490367503328  [0 Electrons] 
4:--->  0.9152490367503328  [0 Electrons] 
Total_Energy: 4.440892098500626e-16 
 
 
;***& Kpoint: 10 (0.05 0.125 ) Weight: 0.000000 
 
;		 --- Hamiltonian H(K) --- 
    C(  1) 2s       C(  1) 2px 
 C(  1) 2s       (0.3163265949634022+0j)         (0.1545084971874737+0.35355339059327373j)         0j         0j          
 C(  1) 2s       (0.1545084971874737-0.35355339059327373j)         (-0.3163265949634022+0j)         0j         0j          
 C(  1) 2s       0j         0j         (0.3163265949634022-0j)         (-0.1545084971874737+0.35355339059327373j)          
 C(  1) 2s       0j         0j         (-0.1545084971874737-0.35355339059327373j)         (-0.3163265949634022-0j)          
#	******* Energies (in eV)  and Occupation Numbers ******* 
1:--->  -0.4989342545709514  [2 Electrons] 
2:--->  -0.4989342545709514  [2 Electrons] 
3:--->  0.4989342545709523  [0 Electrons] 
4:--->  0.4989342545709523  [0 Electrons] 
Total_Energy: 1.7763568394002505e-15 
 
 
;***& Kpoint: 11 (0.05 0.25 ) Weight: 0.000000 
 
;		 --- Hamiltonian H(K) --- 
    C(  1) 2s       C(  1) 2px 
 C(  1) 2s       (-1.0978869674096927+0j)         (0.1545084971874737+0.5j)         0j         0j          
 C(  1) 2s       (0.1545084971874737-0.5j)         (1.0978869674096927+0j)         0j         0j          
 C(  1) 2s       0j         0j         (-1.0978869674096927-0j)         (-0.1545084971874737+0.5j)          
 C(  1) 2s       0j         0j         (-0.1545084971874737-0.5j)         (1.0978869674096927-0j)          
#	******* Energies (in eV)  and Occupation Numbers ******* 
1:--->  -1.2162354496195151  [2 Electrons] 
2:--->  -1.2162354496195151  [2 Electrons] 
3:--->  1.2162354496195151  [0 Electrons] 
4:--->  1.2162354496195151  [0 Electrons] 
Total_Energy: 0.0 
 
 
;***& Kpoint: 12 (0.05 0.375 ) Weight: 0.000000 
 
;		 --- Hamiltonian H(K) --- 
    C(  1) 2s       C(  1) 2px 
 C(  1) 2s       (-2.5121005297827876+0j)         (0.1545084971874737+0.3535533905932738j)         0j         0j          
 C(  1) 2s       (0.1545084971874737-0.3535533905932738j)         (2.5121005297827876+0j)         0j         0j          
 C(  1) 2s       0j         0j         (-2.5121005297827876-0j)         (-0.1545084971874737+0.3535533905932738j)          
 C(  1) 2s       0j         0j         (-0.1545084971874737-0.3535533905932738j)         (2.5121005297827876-0j)          
#	******* Energies (in eV)  and Occupation Numbers ******* 
1:--->  -2.5415589600554416  [2 Electrons] 
2:--->  -2.5415589600554416  [2 Electrons] 
3:--->  2.5415589600554407  [0 Electrons] 
4:--->  2.5415589600554407  [0 Electrons] 
Total_Energy: -1.7763568394002505e-15 
 
 
;***& Kpoint: 13 (0.05 0.5 ) Weight: 0.000000 
 
;		 --- Hamiltonian H(K) --- 
    C(  1) 2s       C(  1) 2px 
 C(  1) 2s       (-3.0978869674096927+0j)         (0.1545084971874737+6.123233995736766e-17j)         0j         0j          
 C(  1) 2s       (0.1545084971874737-6.123233995736766e-17j)         (3.0978869674096927+0j)         0j         0j          
 C(  1) 2s       0j         0j         (-3.0978869674096927-0j)         (-0.1545084971874737+6.123233995736766e-17j)          
 C(  1) 2s       0j         0j         (-0.1545084971874737-6.123233995736766e-17j)         (3.0978869674096927-0j)          
#	******* Energies (in eV)  and Occupation Numbers ******* 
1:--->  -3.1017376643665324  [2 Electrons] 
2:--->  -3.1017376643665324  [2 Electrons] 
3:--->  3.101737664366533  [0 Electrons] 
4:--->  3.101737664366533  [0 Electrons] 
Total_Energy: 8.881784197001252e-16 
 
 
;***& Kpoint: 14 (0.05 0.625 ) Weight: 0.000000 
 
;		 --- Hamiltonian H(K) --- 
    C(  1) 2s       C(  1) 2px 
 C(  1) 2s       (-2.5121005297827885+0j)         (0.1545084971874737-0.35355339059327373j)         0j         0j          
 C(  1) 2s       (0.1545084971874737+0.35355339059327373j)         (2.5121005297827885+0j)         0j         0j          
 C(  1) 2s       0j         0j         (-2.5121005297827885-0j)         (-0.1545084971874737-0.35355339059327373j)          
 C(  1) 2s       0j         0j         (-0.1545084971874737+0.35355339059327373j)         (2.5121005297827885-0j)          
#	******* Energies (in eV)  and Occupation Numbers ******* 
1:--->  -2.5415589600554425  [2 Electrons] 
2:--->  -2.5415589600554425  [2 Electrons] 
3:--->  2.5415589600554416  [0 Electrons] 
4:--->  2.5415589600554416  [0 Electrons] 
Total_Energy: -1.7763568394002505e-15 
 
 
;***& Kpoint: 15 (0.05 0.75 ) Weight: 0.000000 
 
;		 --- Hamiltonian H(K) --- 
    C(  1) 2s       C(  1) 2px 
 C(  1) 2s       (-1.0978869674096934+0j)         (0.1545084971874737-0.5j)         0j         0j          
 C(  1) 2s       (0.1545084971874737+0.5j)         (1.0978869674096934+0j)         0j         0j          
 C(  1) 2s       0j         0j         (-1.0978869674096934-0j)         (-0.1545084971874737-0.5j)          
 C(  1) 2s       0j         0j         (-0.1545084971874737+0.5j)         (1.0978869674096934-0j)          
#	******* Energies (in eV)  and Occupation Numbers ******* 
1:--->  -1.2162354496195156  [2 Electrons] 
2:--->  -1.2162354496195156  [2 Electrons] 
3:--->  1.2162354496195158  [0 Electrons] 
4:--->  1.2162354496195158  [0 Electrons] 
Total_Energy: 4.440892098500626e-16 
 
 
;***& Kpoint: 16 (0.05 0.875 ) Weight: 0.000000 
 
;		 --- Hamiltonian H(K) --- 
    C(  1) 2s       C(  1) 2px 
 C(  1) 2s       (0.31632659496340176+0j)         (0.1545084971874737-0.35355339059327384j)         0j         0j          
 C(  1) 2s       (0.1545084971874737+0.35355339059327384j)         (-0.31632659496340176+0j)         0j         0j          
 C(  1) 2s       0j         0j         (0.31632659496340176-0j)         (-0.1545084971874737-0.35355339059327384j)          
 C(  1) 2s       0j         0j         (-0.1545084971874737+0.35355339059327384j)         (-0.31632659496340176-0j)          
#	******* Energies (in eV)  and Occupation Numbers ******* 
1:--->  -0.4989342545709513  [2 Electrons] 
2:--->  -0.4989342545709513  [2 Electrons] 
3:--->  0.49893425457095214  [0 Electrons] 
4:--->  0.49893425457095214  [0 Electrons] 
Total_Energy: 1.6653345369377348e-15 
 
 
;***& Kpoint: 17 (0.1 0.0 ) Weight: 0.000000 
 
;		 --- Hamiltonian H(K) --- 
    C(  1) 2s       C(  1) 2px 
 C(  1) 2s       (0.6180339887498949+0j)         (0.29389262614623657+0j)         0j         0j          
 C(  1) 2s       (0.29389262614623657+0j)         (-0.6180339887498949+0j)         0j         0j          
 C(  1) 2s       0j         0j         (0.6180339887498949-0j)         (-0.29389262614623657-0j)          
 C(  1) 2s       0j         0j         (-0.29389262614623657-0j)         (-0.6180339887498949-0j)          
#	******* Energies (in eV)  and Occupation Numbers ******* 
1:--->  -0.6843528965038703  [2 Electrons] 
2:--->  -0.6843528965038703  [2 Electrons] 
3:--->  0.6843528965038701  [0 Electrons] 
4:--->  0.6843528965038701  [0 Electrons] 
Total_Energy: -4.440892098500626e-16 
 
 
;***& Kpoint: 18 (0.1 0.125 ) Weight: 0.000000 
 
;		 --- Hamiltonian H(K) --- 
    C(  1) 2s       C(  1) 2px 
 C(  1) 2s       (0.03224755112299005+0j)         (0.29389262614623657+0.35355339059327373j)         0j         0j          
 C(  1) 2s       (0.29389262614623657-0.35355339059327373j)         (-0.03224755112299005+0j)         0j         0j          
 C(  1) 2s       0j         0j         (0.03224755112299005-0j)         (-0.29389262614623657+0.35355339059327373j)          
 C(  1) 2s       0j         0j         (-0.29389262614623657-0.35355339059327373j)         (-0.03224755112299005-0j)          
#	******* Energies (in eV)  and Occupation Numbers ******* 
1:--->  -0.46088261006091447  [2 Electrons] 
2:--->  -0.46088261006091447  [2 Electrons] 
3:--->  0.460882610060915  [0 Electrons] 
4:--->  0.460882610060915  [0 Electrons] 
Total_Energy: 1.1102230246251565e-15 
 
 
;***& Kpoint: 19 (0.1 0.25 ) Weight: 0.000000 
 
;		 --- Hamiltonian H(K) --- 
    C(  1) 2s       C(  1) 2px 
 C(  1) 2s       (-1.3819660112501049+0j)         (0.29389262614623657+0.5j)         0j         0j          
 C(  1) 2s       (0.29389262614623657-0.5j)         (1.3819660112501049+0j)         0j         0j          
 C(  1) 2s       0j         0j         (-1.3819660112501049-0j)         (-0.29389262614623657+0.5j)          
 C(  1) 2s       0j         0j         (-0.29389262614623657-0.5j)         (1.3819660112501049-0j)          
#	******* Energies (in eV)  and Occupation Numbers ******* 
1:--->  -1.498733776210324  [2 Electrons] 
2:--->  -1.498733776210324  [2 Electrons] 
3:--->  1.4987337762103237  [0 Electrons] 
4:--->  1.4987337762103237  [0 Electrons] 
Total_Energy: -8.881784197001252e-16 
 
 
;***& Kpoint: 20 (0.1 0.375 ) Weight: 0.000000 
 
;		 --- Hamiltonian H(K) --- 
    C(  1) 2s       C(  1) 2px 
 C(  1) 2s       (-2.7961795736232+0j)         (0.29389262614623657+0.3535533905932738j)         0j         0j          
 C(  1) 2s       (0.29389262614623657-0.3535533905932738j)         (2.7961795736232+0j)         0j         0j          
 C(  1) 2s       0j         0j         (-2.7961795736232-0j)         (-0.29389262614623657+0.3535533905932738j)          
 C(  1) 2s       0j         0j         (-0.29389262614623657-0.3535533905932738j)         (2.7961795736232-0j)          
#	******* Energies (in eV)  and Occupation Numbers ******* 
1:--->  -2.8337242426973654  [2 Electrons] 
2:--->  -2.8337242426973654  [2 Electrons] 
3:--->  2.8337242426973646  [0 Electrons] 
4:--->  2.8337242426973646  [0 Electrons] 
Total_Energy: -1.7763568394002505e-15 
 
 
;***& Kpoint: 21 (0.1 0.5 ) Weight: 0.000000 
 
;		 --- Hamiltonian H(K) --- 
    C(  1) 2s       C(  1) 2px 
 C(  1) 2s       (-3.381966011250105+0j)         (0.29389262614623657+6.123233995736766e-17j)         0j         0j          
 C(  1) 2s       (0.29389262614623657-6.123233995736766e-17j)         (3.381966011250105+0j)         0j         0j          
 C(  1) 2s       0j         0j         (-3.381966011250105-0j)         (-0.29389262614623657+6.123233995736766e-17j)          
 C(  1) 2s       0j         0j         (-0.29389262614623657-6.123233995736766e-17j)         (3.381966011250105-0j)          
#	******* Energies (in eV)  and Occupation Numbers ******* 
1:--->  -3.394711619114955  [2 Electrons] 
2:--->  -3.394711619114955  [2 Electrons] 
3:--->  3.394711619114955  [0 Electrons] 
4:--->  3.394711619114955  [0 Electrons] 
Total_Energy: 0.0 
 
 
;***& Kpoint: 22 (0.1 0.625 ) Weight: 0.000000 
 
;		 --- Hamiltonian H(K) --- 
    C(  1) 2s       C(  1) 2px 
 C(  1) 2s       (-2.7961795736232005+0j)         (0.29389262614623657-0.35355339059327373j)         0j         0j          
 C(  1) 2s       (0.29389262614623657+0.35355339059327373j)         (2.7961795736232005+0j)         0j         0j          
 C(  1) 2s       0j         0j         (-2.7961795736232005-0j)         (-0.29389262614623657-0.35355339059327373j)          
 C(  1) 2s       0j         0j         (-0.29389262614623657+0.35355339059327373j)         (2.7961795736232005-0j)          
#	******* Energies (in eV)  and Occupation Numbers ******* 
1:--->  -2.8337242426973663  [2 Electrons] 
2:--->  -2.8337242426973663  [2 Electrons] 
3:--->  2.833724242697365  [0 Electrons] 
4:--->  2.833724242697365  [0 Electrons] 
Total_Energy: -2.6645352591003757e-15 
 
 
;***& Kpoint: 23 (0.1 0.75 ) Weight: 0.000000 
 
;		 --- Hamiltonian H(K) --- 
    C(  1) 2s       C(  1) 2px 
 C(  1) 2s       (-1.3819660112501055+0j)         (0.29389262614623657-0.5j)         0j         0j          
 C(  1) 2s       (0.29389262614623657+0.5j)         (1.3819660112501055+0j)         0j         0j          
 C(  1) 2s       0j         0j         (-1.3819660112501055-0j)         (-0.29389262614623657-0.5j)          
 C(  1) 2s       0j         0j         (-0.29389262614623657+0.5j)         (1.3819660112501055-0j)          
#	******* Energies (in eV)  and Occupation Numbers ******* 
1:--->  -1.4987337762103246  [2 Electrons] 
2:--->  -1.4987337762103246  [2 Electrons] 
3:--->  1.4987337762103243  [0 Electrons] 
4:--->  1.4987337762103243  [0 Electrons] 
Total_Energy: -4.440892098500626e-16 
 
 
;***& Kpoint: 24 (0.1 0.875 ) Weight: 0.000000 
 
;		 --- Hamiltonian H(K) --- 
    C(  1) 2s       C(  1) 2px 
 C(  1) 2s       (0.032247551122989604+0j)         (0.29389262614623657-0.35355339059327384j)         0j         0j          
 C(  1) 2s       (0.29389262614623657+0.35355339059327384j)         (-0.032247551122989604+0j)         0j         0j          
 C(  1) 2s       0j         0j         (0.032247551122989604-0j)         (-0.29389262614623657-0.35355339059327384j)          
 C(  1) 2s       0j         0j         (-0.29389262614623657+0.35355339059327384j)         (-0.032247551122989604-0j)          
#	******* Energies (in eV)  and Occupation Numbers ******* 
1:--->  -0.46088261006091447  [2 Electrons] 
2:--->  -0.46088261006091447  [2 Electrons] 
3:--->  0.460882610060915  [0 Electrons] 
4:--->  0.460882610060915  [0 Electrons] 
Total_Energy: 1.1102230246251565e-15 
 
 
;***& Kpoint: 25 (0.15000000000000002 0.0 ) Weight: 0.000000 
 
;		 --- Hamiltonian H(K) --- 
    C(  1) 2s       C(  1) 2px 
 C(  1) 2s       (0.17557050458494605+0j)         (0.4045084971874737+0j)         0j         0j          
 C(  1) 2s       (0.4045084971874737+0j)         (-0.17557050458494605+0j)         0j         0j          
 C(  1) 2s       0j         0j         (0.17557050458494605-0j)         (-0.4045084971874737-0j)          
 C(  1) 2s       0j         0j         (-0.4045084971874737-0j)         (-0.17557050458494605-0j)          
#	******* Energies (in eV)  and Occupation Numbers ******* 
1:--->  -0.4409672622509301  [2 Electrons] 
2:--->  -0.4409672622509301  [2 Electrons] 
3:--->  0.44096726225093064  [0 Electrons] 
4:--->  0.44096726225093064  [0 Electrons] 
Total_Energy: 1.1102230246251565e-15 
 
 
;***& Kpoint: 26 (0.15000000000000002 0.125 ) Weight: 0.000000 
 
;		 --- Hamiltonian H(K) --- 
    C(  1) 2s       C(  1) 2px 
 C(  1) 2s       (-0.4102159330419588+0j)         (0.4045084971874737+0.35355339059327373j)         0j         0j          
 C(  1) 2s       (0.4045084971874737-0.35355339059327373j)         (0.4102159330419588+0j)         0j         0j          
 C(  1) 2s       0j         0j         (-0.4102159330419588-0j)         (-0.4045084971874737+0.35355339059327373j)          
 C(  1) 2s       0j         0j         (-0.4045084971874737-0.35355339059327373j)         (0.4102159330419588-0j)          
#	******* Energies (in eV)  and Occupation Numbers ******* 
1:--->  -0.6759469180478245  [2 Electrons] 
2:--->  -0.6759469180478245  [2 Electrons] 
3:--->  0.6759469180478251  [0 Electrons] 
4:--->  0.6759469180478251  [0 Electrons] 
Total_Energy: 1.3322676295501878e-15 
 
 
;***& Kpoint: 27 (0.15000000000000002 0.25 ) Weight: 0.000000 
 
;		 --- Hamiltonian H(K) --- 
    C(  1) 2s       C(  1) 2px 
 C(  1) 2s       (-1.8244294954150537+0j)         (0.4045084971874737+0.5j)         0j         0j          
 C(  1) 2s       (0.4045084971874737-0.5j)         (1.8244294954150537+0j)         0j         0j          
 C(  1) 2s       0j         0j         (-1.8244294954150537-0j)         (-0.4045084971874737+0.5j)          
 C(  1) 2s       0j         0j         (-0.4045084971874737-0.5j)         (1.8244294954150537-0j)          
#	******* Energies (in eV)  and Occupation Numbers ******* 
1:--->  -1.9344689472920722  [2 Electrons] 
2:--->  -1.9344689472920722  [2 Electrons] 
3:--->  1.9344689472920717  [0 Electrons] 
4:--->  1.9344689472920717  [0 Electrons] 
Total_Energy: -8.881784197001252e-16 
 
 
;***& Kpoint: 28 (0.15000000000000002 0.375 ) Weight: 0.000000 
 
;		 --- Hamiltonian H(K) --- 
    C(  1) 2s       C(  1) 2px 
 C(  1) 2s       (-3.238643057788149+0j)         (0.4045084971874737+0.3535533905932738j)         0j         0j          
 C(  1) 2s       (0.4045084971874737-0.3535533905932738j)         (3.238643057788149+0j)         0j         0j          
 C(  1) 2s       0j         0j         (-3.238643057788149-0j)         (-0.4045084971874737+0.3535533905932738j)          
 C(  1) 2s       0j         0j         (-0.4045084971874737-0.3535533905932738j)         (3.238643057788149-0j)          
#	******* Energies (in eV)  and Occupation Numbers ******* 
1:--->  -3.2829005437351038  [2 Electrons] 
2:--->  -3.2829005437351038  [2 Electrons] 
3:--->  3.2829005437351038  [0 Electrons] 
4:--->  3.2829005437351038  [0 Electrons] 
Total_Energy: 0.0 
 
 
;***& Kpoint: 29 (0.15000000000000002 0.5 ) Weight: 0.000000 
 
;		 --- Hamiltonian H(K) --- 
    C(  1) 2s       C(  1) 2px 
 C(  1) 2s       (-3.824429495415054+0j)         (0.4045084971874737+6.123233995736766e-17j)         0j         0j          
 C(  1) 2s       (0.4045084971874737-6.123233995736766e-17j)         (3.824429495415054+0j)         0j         0j          
 C(  1) 2s       0j         0j         (-3.824429495415054-0j)         (-0.4045084971874737+6.123233995736766e-17j)          
 C(  1) 2s       0j         0j         (-0.4045084971874737-6.123233995736766e-17j)         (3.824429495415054-0j)          
#	******* Energies (in eV)  and Occupation Numbers ******* 
1:--->  -3.8457623548130897  [2 Electrons] 
2:--->  -3.8457623548130897  [2 Electrons] 
3:--->  3.845762354813089  [0 Electrons] 
4:--->  3.845762354813089  [0 Electrons] 
Total_Energy: -1.7763568394002505e-15 
 
 
;***& Kpoint: 30 (0.15000000000000002 0.625 ) Weight: 0.000000 
 
;		 --- Hamiltonian H(K) --- 
    C(  1) 2s       C(  1) 2px 
 C(  1) 2s       (-3.238643057788149+0j)         (0.4045084971874737-0.35355339059327373j)         0j         0j          
 C(  1) 2s       (0.4045084971874737+0.35355339059327373j)         (3.238643057788149+0j)         0j         0j          
 C(  1) 2s       0j         0j         (-3.238643057788149-0j)         (-0.4045084971874737-0.35355339059327373j)          
 C(  1) 2s       0j         0j         (-0.4045084971874737+0.35355339059327373j)         (3.238643057788149-0j)          
#	******* Energies (in eV)  and Occupation Numbers ******* 
1:--->  -3.2829005437351038  [2 Electrons] 
2:--->  -3.2829005437351038  [2 Electrons] 
3:--->  3.2829005437351038  [0 Electrons] 
4:--->  3.2829005437351038  [0 Electrons] 
Total_Energy: 0.0 
 
 
;***& Kpoint: 31 (0.15000000000000002 0.75 ) Weight: 0.000000 
 
;		 --- Hamiltonian H(K) --- 
    C(  1) 2s       C(  1) 2px 
 C(  1) 2s       (-1.8244294954150544+0j)         (0.4045084971874737-0.5j)         0j         0j          
 C(  1) 2s       (0.4045084971874737+0.5j)         (1.8244294954150544+0j)         0j         0j          
 C(  1) 2s       0j         0j         (-1.8244294954150544-0j)         (-0.4045084971874737-0.5j)          
 C(  1) 2s       0j         0j         (-0.4045084971874737+0.5j)         (1.8244294954150544-0j)          
#	******* Energies (in eV)  and Occupation Numbers ******* 
1:--->  -1.9344689472920722  [2 Electrons] 
2:--->  -1.9344689472920722  [2 Electrons] 
3:--->  1.934468947292073  [0 Electrons] 
4:--->  1.934468947292073  [0 Electrons] 
Total_Energy: 1.7763568394002505e-15 
 
 
;***& Kpoint: 32 (0.15000000000000002 0.875 ) Weight: 0.000000 
 
;		 --- Hamiltonian H(K) --- 
    C(  1) 2s       C(  1) 2px 
 C(  1) 2s       (-0.41021593304195925+0j)         (0.4045084971874737-0.35355339059327384j)         0j         0j          
 C(  1) 2s       (0.4045084971874737+0.35355339059327384j)         (0.41021593304195925+0j)         0j         0j          
 C(  1) 2s       0j         0j         (-0.41021593304195925-0j)         (-0.4045084971874737-0.35355339059327384j)          
 C(  1) 2s       0j         0j         (-0.4045084971874737+0.35355339059327384j)         (0.41021593304195925-0j)          
#	******* Energies (in eV)  and Occupation Numbers ******* 
1:--->  -0.6759469180478251  [2 Electrons] 
2:--->  -0.6759469180478251  [2 Electrons] 
3:--->  0.6759469180478254  [0 Electrons] 
4:--->  0.6759469180478254  [0 Electrons] 
Total_Energy: 4.440892098500626e-16 
 
 
;***& Kpoint: 33 (0.2 0.0 ) Weight: 0.000000 
 
;		 --- Hamiltonian H(K) --- 
    C(  1) 2s       C(  1) 2px 
 C(  1) 2s       (-0.3819660112501051+0j)         (0.47552825814757677+0j)         0j         0j          
 C(  1) 2s       (0.47552825814757677+0j)         (0.3819660112501051+0j)         0j         0j          
 C(  1) 2s       0j         0j         (-0.3819660112501051-0j)         (-0.47552825814757677-0j)          
 C(  1) 2s       0j         0j         (-0.47552825814757677-0j)         (0.3819660112501051-0j)          
#	******* Energies (in eV)  and Occupation Numbers ******* 
1:--->  -0.6099386510520408  [2 Electrons] 
2:--->  -0.6099386510520408  [2 Electrons] 
3:--->  0.6099386510520413  [0 Electrons] 
4:--->  0.6099386510520413  [0 Electrons] 
Total_Energy: 8.881784197001252e-16 
 
 
;***& Kpoint: 34 (0.2 0.125 ) Weight: 0.000000 
 
;		 --- Hamiltonian H(K) --- 
    C(  1) 2s       C(  1) 2px 
 C(  1) 2s       (-0.96775244887701+0j)         (0.47552825814757677+0.35355339059327373j)         0j         0j          
 C(  1) 2s       (0.47552825814757677-0.35355339059327373j)         (0.96775244887701+0j)         0j         0j          
 C(  1) 2s       0j         0j         (-0.96775244887701-0j)         (-0.47552825814757677+0.35355339059327373j)          
 C(  1) 2s       0j         0j         (-0.47552825814757677-0.35355339059327373j)         (0.96775244887701-0j)          
#	******* Energies (in eV)  and Occupation Numbers ******* 
1:--->  -1.134756329175704  [2 Electrons] 
2:--->  -1.134756329175704  [2 Electrons] 
3:--->  1.1347563291757037  [0 Electrons] 
4:--->  1.1347563291757037  [0 Electrons] 
Total_Energy: -4.440892098500626e-16 
 
 
;***& Kpoint: 35 (0.2 0.25 ) Weight: 0.000000 
 
;		 --- Hamiltonian H(K) --- 
    C(  1) 2s       C(  1) 2px 
 C(  1) 2s       (-2.381966011250105+0j)         (0.47552825814757677+0.5j)         0j         0j          
 C(  1) 2s       (0.47552825814757677-0.5j)         (2.381966011250105+0j)         0j         0j          
 C(  1) 2s       0j         0j         (-2.381966011250105-0j)         (-0.47552825814757677+0.5j)          
 C(  1) 2s       0j         0j         (-0.47552825814757677-0.5j)         (2.381966011250105-0j)          
#	******* Energies (in eV)  and Occupation Numbers ******* 
1:--->  -2.4798970146051644  [2 Electrons] 
2:--->  -2.4798970146051644  [2 Electrons] 
3:--->  2.479897014605164  [0 Electrons] 
4:--->  2.479897014605164  [0 Electrons] 
Total_Energy: -8.881784197001252e-16 
 
 
;***& Kpoint: 36 (0.2 0.375 ) Weight: 0.000000 
 
;		 --- Hamiltonian H(K) --- 
    C(  1) 2s       C(  1) 2px 
 C(  1) 2s       (-3.7961795736232+0j)         (0.47552825814757677+0.3535533905932738j)         0j         0j          
 C(  1) 2s       (0.47552825814757677-0.3535533905932738j)         (3.7961795736232+0j)         0j         0j          
 C(  1) 2s       0j         0j         (-3.7961795736232-0j)         (-0.47552825814757677+0.3535533905932738j)          
 C(  1) 2s       0j         0j         (-0.47552825814757677-0.3535533905932738j)         (3.7961795736232-0j)          
#	******* Energies (in eV)  and Occupation Numbers ******* 
1:--->  -3.842148680034506  [2 Electrons] 
2:--->  -3.842148680034506  [2 Electrons] 
3:--->  3.842148680034505  [0 Electrons] 
4:--->  3.842148680034505  [0 Electrons] 
Total_Energy: -1.7763568394002505e-15 
 
 
;***& Kpoint: 37 (0.2 0.5 ) Weight: 0.000000 
 
;		 --- Hamiltonian H(K) --- 
    C(  1) 2s       C(  1) 2px 
 C(  1) 2s       (-4.381966011250105+0j)         (0.47552825814757677+6.123233995736766e-17j)         0j         0j          
 C(  1) 2s       (0.47552825814757677-6.123233995736766e-17j)         (4.381966011250105+0j)         0j         0j          
 C(  1) 2s       0j         0j         (-4.381966011250105-0j)         (-0.47552825814757677+6.123233995736766e-17j)          
 C(  1) 2s       0j         0j         (-0.47552825814757677-6.123233995736766e-17j)         (4.381966011250105-0j)          
#	******* Energies (in eV)  and Occupation Numbers ******* 
1:--->  -4.407692508336765  [2 Electrons] 
2:--->  -4.407692508336765  [2 Electrons] 
3:--->  4.407692508336763  [0 Electrons] 
4:--->  4.407692508336763  [0 Electrons] 
Total_Energy: -3.552713678800501e-15 
 
 
;***& Kpoint: 38 (0.2 0.625 ) Weight: 0.000000 
 
;		 --- Hamiltonian H(K) --- 
    C(  1) 2s       C(  1) 2px 
 C(  1) 2s       (-3.7961795736232005+0j)         (0.47552825814757677-0.35355339059327373j)         0j         0j          
 C(  1) 2s       (0.47552825814757677+0.35355339059327373j)         (3.7961795736232005+0j)         0j         0j          
 C(  1) 2s       0j         0j         (-3.7961795736232005-0j)         (-0.47552825814757677-0.35355339059327373j)          
 C(  1) 2s       0j         0j         (-0.47552825814757677+0.35355339059327373j)         (3.7961795736232005-0j)          
#	******* Energies (in eV)  and Occupation Numbers ******* 
1:--->  -3.842148680034507  [2 Electrons] 
2:--->  -3.842148680034507  [2 Electrons] 
3:--->  3.8421486800345055  [0 Electrons] 
4:--->  3.8421486800345055  [0 Electrons] 
Total_Energy: -2.6645352591003757e-15 
 
 
;***& Kpoint: 39 (0.2 0.75 ) Weight: 0.000000 
 
;		 --- Hamiltonian H(K) --- 
    C(  1) 2s       C(  1) 2px 
 C(  1) 2s       (-2.3819660112501055+0j)         (0.47552825814757677-0.5j)         0j         0j          
 C(  1) 2s       (0.47552825814757677+0.5j)         (2.3819660112501055+0j)         0j         0j          
 C(  1) 2s       0j         0j         (-2.3819660112501055-0j)         (-0.47552825814757677-0.5j)          
 C(  1) 2s       0j         0j         (-0.47552825814757677+0.5j)         (2.3819660112501055-0j)          
#	******* Energies (in eV)  and Occupation Numbers ******* 
1:--->  -2.4798970146051653  [2 Electrons] 
2:--->  -2.4798970146051653  [2 Electrons] 
3:--->  2.4798970146051644  [0 Electrons] 
4:--->  2.4798970146051644  [0 Electrons] 
Total_Energy: -1.7763568394002505e-15 
 
 
;***& Kpoint: 40 (0.2 0.875 ) Weight: 0.000000 
 
;		 --- Hamiltonian H(K) --- 
    C(  1) 2s       C(  1) 2px 
 C(  1) 2s       (-0.9677524488770104+0j)         (0.47552825814757677-0.35355339059327384j)         0j         0j          
 C(  1) 2s       (0.47552825814757677+0.35355339059327384j)         (0.9677524488770104+0j)         0j         0j          
 C(  1) 2s       0j         0j         (-0.9677524488770104-0j)         (-0.47552825814757677-0.35355339059327384j)          
 C(  1) 2s       0j         0j         (-0.47552825814757677+0.35355339059327384j)         (0.9677524488770104-0j)          
#	******* Energies (in eV)  and Occupation Numbers ******* 
1:--->  -1.1347563291757043  [2 Electrons] 
2:--->  -1.1347563291757043  [2 Electrons] 
3:--->  1.134756329175704  [0 Electrons] 
4:--->  1.134756329175704  [0 Electrons] 
Total_Energy: -8.881784197001252e-16 
 
 
;***& Kpoint: 41 (0.25 0.0 ) Weight: 0.000000 
 
;		 --- Hamiltonian H(K) --- 
    C(  1) 2s       C(  1) 2px 
 C(  1) 2s       (-1+0j)         (0.5+0j)         0j         0j          
 C(  1) 2s       (0.5+0j)         (1+0j)         0j         0j          
 C(  1) 2s       0j         0j         (-1-0j)         (-0.5-0j)          
 C(  1) 2s       0j         0j         (-0.5-0j)         (1-0j)          
#	******* Energies (in eV)  and Occupation Numbers ******* 
1:--->  -1.1180339887498951  [2 Electrons] 
2:--->  -1.1180339887498951  [2 Electrons] 
3:--->  1.118033988749895  [0 Electrons] 
4:--->  1.118033988749895  [0 Electrons] 
Total_Energy: -4.440892098500626e-16 
 
 
;***& Kpoint: 42 (0.25 0.125 ) Weight: 0.000000 
 
;		 --- Hamiltonian H(K) --- 
    C(  1) 2s       C(  1) 2px 
 C(  1) 2s       (-1.5857864376269049+0j)         (0.5+0.35355339059327373j)         0j         0j          
 C(  1) 2s       (0.5-0.35355339059327373j)         (1.5857864376269049+0j)         0j         0j          
 C(  1) 2s       0j         0j         (-1.5857864376269049-0j)         (-0.5+0.35355339059327373j)          
 C(  1) 2s       0j         0j         (-0.5-0.35355339059327373j)         (1.5857864376269049-0j)          
#	******* Energies (in eV)  and Occupation Numbers ******* 
1:--->  -1.6999172408565744  [2 Electrons] 
2:--->  -1.6999172408565744  [2 Electrons] 
3:--->  1.6999172408565746  [0 Electrons] 
4:--->  1.6999172408565746  [0 Electrons] 
Total_Energy: 4.440892098500626e-16 
 
 
;***& Kpoint: 43 (0.25 0.25 ) Weight: 0.000000 
 
;		 --- Hamiltonian H(K) --- 
    C(  1) 2s       C(  1) 2px 
 C(  1) 2s       (-3+0j)         (0.5+0.5j)         0j         0j          
 C(  1) 2s       (0.5-0.5j)         (3+0j)         0j         0j          
 C(  1) 2s       0j         0j         (-3-0j)         (-0.5+0.5j)          
 C(  1) 2s       0j         0j         (-0.5-0.5j)         (3-0j)          
#	******* Energies (in eV)  and Occupation Numbers ******* 
1:--->  -3.0822070014844885  [2 Electrons] 
2:--->  -3.0822070014844885  [2 Electrons] 
3:--->  3.0822070014844867  [0 Electrons] 
4:--->  3.0822070014844867  [0 Electrons] 
Total_Energy: -3.552713678800501e-15 
 
 
;***& Kpoint: 44 (0.25 0.375 ) Weight: 0.000000 
 
;		 --- Hamiltonian H(K) --- 
    C(  1) 2s       C(  1) 2px 
 C(  1) 2s       (-4.414213562373095+0j)         (0.5+0.3535533905932738j)         0j         0j          
 C(  1) 2s       (0.5-0.3535533905932738j)         (4.414213562373095+0j)         0j         0j          
 C(  1) 2s       0j         0j         (-4.414213562373095-0j)         (-0.5+0.3535533905932738j)          
 C(  1) 2s       0j         0j         (-0.5-0.3535533905932738j)         (4.414213562373095-0j)          
#	******* Energies (in eV)  and Occupation Numbers ******* 
1:--->  -4.4564875602023815  [2 Electrons] 
2:--->  -4.4564875602023815  [2 Electrons] 
3:--->  4.456487560202381  [0 Electrons] 
4:--->  4.456487560202381  [0 Electrons] 
Total_Energy: -1.7763568394002505e-15 
 
 
;***& Kpoint: 45 (0.25 0.5 ) Weight: 0.000000 
 
;		 --- Hamiltonian H(K) --- 
    C(  1) 2s       C(  1) 2px 
 C(  1) 2s       (-5+0j)         (0.5+6.123233995736766e-17j)         0j         0j          
 C(  1) 2s       (0.5-6.123233995736766e-17j)         (5+0j)         0j         0j          
 C(  1) 2s       0j         0j         (-5-0j)         (-0.5+6.123233995736766e-17j)          
 C(  1) 2s       0j         0j         (-0.5-6.123233995736766e-17j)         (5-0j)          
#	******* Energies (in eV)  and Occupation Numbers ******* 
1:--->  -5.024937810560447  [2 Electrons] 
2:--->  -5.024937810560447  [2 Electrons] 
3:--->  5.024937810560445  [0 Electrons] 
4:--->  5.024937810560445  [0 Electrons] 
Total_Energy: -3.552713678800501e-15 
 
 
;***& Kpoint: 46 (0.25 0.625 ) Weight: 0.000000 
 
;		 --- Hamiltonian H(K) --- 
    C(  1) 2s       C(  1) 2px 
 C(  1) 2s       (-4.414213562373096+0j)         (0.5-0.35355339059327373j)         0j         0j          
 C(  1) 2s       (0.5+0.35355339059327373j)         (4.414213562373096+0j)         0j         0j          
 C(  1) 2s       0j         0j         (-4.414213562373096-0j)         (-0.5-0.35355339059327373j)          
 C(  1) 2s       0j         0j         (-0.5+0.35355339059327373j)         (4.414213562373096-0j)          
#	******* Energies (in eV)  and Occupation Numbers ******* 
1:--->  -4.456487560202383  [2 Electrons] 
2:--->  -4.456487560202383  [2 Electrons] 
3:--->  4.4564875602023815  [0 Electrons] 
4:--->  4.4564875602023815  [0 Electrons] 
Total_Energy: -3.552713678800501e-15 
 
 
;***& Kpoint: 47 (0.25 0.75 ) Weight: 0.000000 
 
;		 --- Hamiltonian H(K) --- 
    C(  1) 2s       C(  1) 2px 
 C(  1) 2s       (-3.0000000000000004+0j)         (0.5-0.5j)         0j         0j          
 C(  1) 2s       (0.5+0.5j)         (3.0000000000000004+0j)         0j         0j          
 C(  1) 2s       0j         0j         (-3.0000000000000004-0j)         (-0.5-0.5j)          
 C(  1) 2s       0j         0j         (-0.5+0.5j)         (3.0000000000000004-0j)          
#	******* Energies (in eV)  and Occupation Numbers ******* 
1:--->  -3.0822070014844885  [2 Electrons] 
2:--->  -3.0822070014844885  [2 Electrons] 
3:--->  3.082207001484487  [0 Electrons] 
4:--->  3.082207001484487  [0 Electrons] 
Total_Energy: -2.6645352591003757e-15 
 
 
;***& Kpoint: 48 (0.25 0.875 ) Weight: 0.000000 
 
;		 --- Hamiltonian H(K) --- 
    C(  1) 2s       C(  1) 2px 
 C(  1) 2s       (-1.5857864376269053+0j)         (0.5-0.35355339059327384j)         0j         0j          
 C(  1) 2s       (0.5+0.35355339059327384j)         (1.5857864376269053+0j)         0j         0j          
 C(  1) 2s       0j         0j         (-1.5857864376269053-0j)         (-0.5-0.35355339059327384j)          
 C(  1) 2s       0j         0j         (-0.5+0.35355339059327384j)         (1.5857864376269053-0j)          
#	******* Energies (in eV)  and Occupation Numbers ******* 
1:--->  -1.6999172408565748  [2 Electrons] 
2:--->  -1.6999172408565748  [2 Electrons] 
3:--->  1.699917240856575  [0 Electrons] 
4:--->  1.699917240856575  [0 Electrons] 
Total_Energy: 4.440892098500626e-16 
 
 
;***& Kpoint: 49 (0.30000000000000004 0.0 ) Weight: 0.000000 
 
;		 --- Hamiltonian H(K) --- 
    C(  1) 2s       C(  1) 2px 
 C(  1) 2s       (-1.618033988749895+0j)         (0.47552825814757677+0j)         0j         0j          
 C(  1) 2s       (0.47552825814757677+0j)         (1.618033988749895+0j)         0j         0j          
 C(  1) 2s       0j         0j         (-1.618033988749895-0j)         (-0.47552825814757677-0j)          
 C(  1) 2s       0j         0j         (-0.47552825814757677-0j)         (1.618033988749895-0j)          
#	******* Energies (in eV)  and Occupation Numbers ******* 
1:--->  -1.6864640859048148  [2 Electrons] 
2:--->  -1.6864640859048148  [2 Electrons] 
3:--->  1.686464085904815  [0 Electrons] 
4:--->  1.686464085904815  [0 Electrons] 
Total_Energy: 4.440892098500626e-16 
 
 
;***& Kpoint: 50 (0.30000000000000004 0.125 ) Weight: 0.000000 
 
;		 --- Hamiltonian H(K) --- 
    C(  1) 2s       C(  1) 2px 
 C(  1) 2s       (-2.2038204263768+0j)         (0.47552825814757677+0.35355339059327373j)         0j         0j          
 C(  1) 2s       (0.47552825814757677-0.35355339059327373j)         (2.2038204263768+0j)         0j         0j          
 C(  1) 2s       0j         0j         (-2.2038204263768-0j)         (-0.47552825814757677+0.35355339059327373j)          
 C(  1) 2s       0j         0j         (-0.47552825814757677-0.35355339059327373j)         (2.2038204263768-0j)          
#	******* Energies (in eV)  and Occupation Numbers ******* 
1:--->  -2.282093686949002  [2 Electrons] 
2:--->  -2.282093686949002  [2 Electrons] 
3:--->  2.282093686949002  [0 Electrons] 
4:--->  2.282093686949002  [0 Electrons] 
Total_Energy: 0.0 
 
 
;***& Kpoint: 51 (0.30000000000000004 0.25 ) Weight: 0.000000 
 
;		 --- Hamiltonian H(K) --- 
    C(  1) 2s       C(  1) 2px 
 C(  1) 2s       (-3.618033988749895+0j)         (0.47552825814757677+0.5j)         0j         0j          
 C(  1) 2s       (0.47552825814757677-0.5j)         (3.618033988749895+0j)         0j         0j          
 C(  1) 2s       0j         0j         (-3.618033988749895-0j)         (-0.47552825814757677+0.5j)          
 C(  1) 2s       0j         0j         (-0.47552825814757677-0.5j)         (3.618033988749895-0j)          
#	******* Energies (in eV)  and Occupation Numbers ******* 
1:--->  -3.683245453135909  [2 Electrons] 
2:--->  -3.683245453135909  [2 Electrons] 
3:--->  3.6832454531359082  [0 Electrons] 
4:--->  3.6832454531359082  [0 Electrons] 
Total_Energy: -1.7763568394002505e-15 
 
 
;***& Kpoint: 52 (0.30000000000000004 0.375 ) Weight: 0.000000 
 
;		 --- Hamiltonian H(K) --- 
    C(  1) 2s       C(  1) 2px 
 C(  1) 2s       (-5.03224755112299+0j)         (0.47552825814757677+0.3535533905932738j)         0j         0j          
 C(  1) 2s       (0.47552825814757677-0.3535533905932738j)         (5.03224755112299+0j)         0j         0j          
 C(  1) 2s       0j         0j         (-5.03224755112299-0j)         (-0.47552825814757677+0.3535533905932738j)          
 C(  1) 2s       0j         0j         (-0.47552825814757677-0.3535533905932738j)         (5.03224755112299-0j)          
#	******* Energies (in eV)  and Occupation Numbers ******* 
1:--->  -5.067015150962172  [2 Electrons] 
2:--->  -5.067015150962172  [2 Electrons] 
3:--->  5.067015150962171  [0 Electrons] 
4:--->  5.067015150962171  [0 Electrons] 
Total_Energy: -1.7763568394002505e-15 
 
 
;***& Kpoint: 53 (0.30000000000000004 0.5 ) Weight: 0.000000 
 
;		 --- Hamiltonian H(K) --- 
    C(  1) 2s       C(  1) 2px 
 C(  1) 2s       (-5.618033988749895+0j)         (0.47552825814757677+6.123233995736766e-17j)         0j         0j          
 C(  1) 2s       (0.47552825814757677-6.123233995736766e-17j)         (5.618033988749895+0j)         0j         0j          
 C(  1) 2s       0j         0j         (-5.618033988749895-0j)         (-0.47552825814757677+6.123233995736766e-17j)          
 C(  1) 2s       0j         0j         (-0.47552825814757677-6.123233995736766e-17j)         (5.618033988749895-0j)          
#	******* Energies (in eV)  and Occupation Numbers ******* 
1:--->  -5.6381231826775435  [2 Electrons] 
2:--->  -5.6381231826775435  [2 Electrons] 
3:--->  5.638123182677541  [0 Electrons] 
4:--->  5.638123182677541  [0 Electrons] 
Total_Energy: -5.329070518200751e-15 
 
 
;***& Kpoint: 54 (0.30000000000000004 0.625 ) Weight: 0.000000 
 
;		 --- Hamiltonian H(K) --- 
    C(  1) 2s       C(  1) 2px 
 C(  1) 2s       (-5.032247551122991+0j)         (0.47552825814757677-0.35355339059327373j)         0j         0j          
 C(  1) 2s       (0.47552825814757677+0.35355339059327373j)         (5.032247551122991+0j)         0j         0j          
 C(  1) 2s       0j         0j         (-5.032247551122991-0j)         (-0.47552825814757677-0.35355339059327373j)          
 C(  1) 2s       0j         0j         (-0.47552825814757677+0.35355339059327373j)         (5.032247551122991-0j)          
#	******* Energies (in eV)  and Occupation Numbers ******* 
1:--->  -5.067015150962174  [2 Electrons] 
2:--->  -5.067015150962174  [2 Electrons] 
3:--->  5.067015150962172  [0 Electrons] 
4:--->  5.067015150962172  [0 Electrons] 
Total_Energy: -3.552713678800501e-15 
 
 
;***& Kpoint: 55 (0.30000000000000004 0.75 ) Weight: 0.000000 
 
;		 --- Hamiltonian H(K) --- 
    C(  1) 2s       C(  1) 2px 
 C(  1) 2s       (-3.6180339887498953+0j)         (0.47552825814757677-0.5j)         0j         0j          
 C(  1) 2s       (0.47552825814757677+0.5j)         (3.6180339887498953+0j)         0j         0j          
 C(  1) 2s       0j         0j         (-3.6180339887498953-0j)         (-0.47552825814757677-0.5j)          
 C(  1) 2s       0j         0j         (-0.47552825814757677+0.5j)         (3.6180339887498953-0j)          
#	******* Energies (in eV)  and Occupation Numbers ******* 
1:--->  -3.683245453135909  [2 Electrons] 
2:--->  -3.683245453135909  [2 Electrons] 
3:--->  3.6832454531359087  [0 Electrons] 
4:--->  3.6832454531359087  [0 Electrons] 
Total_Energy: -8.881784197001252e-16 
 
 
;***& Kpoint: 56 (0.30000000000000004 0.875 ) Weight: 0.000000 
 
;		 --- Hamiltonian H(K) --- 
    C(  1) 2s       C(  1) 2px 
 C(  1) 2s       (-2.2038204263768+0j)         (0.47552825814757677-0.35355339059327384j)         0j         0j          
 C(  1) 2s       (0.47552825814757677+0.35355339059327384j)         (2.2038204263768+0j)         0j         0j          
 C(  1) 2s       0j         0j         (-2.2038204263768-0j)         (-0.47552825814757677-0.35355339059327384j)          
 C(  1) 2s       0j         0j         (-0.47552825814757677+0.35355339059327384j)         (2.2038204263768-0j)          
#	******* Energies (in eV)  and Occupation Numbers ******* 
1:--->  -2.282093686949002  [2 Electrons] 
2:--->  -2.282093686949002  [2 Electrons] 
3:--->  2.282093686949001  [0 Electrons] 
4:--->  2.282093686949001  [0 Electrons] 
Total_Energy: -1.7763568394002505e-15 
 
 
;***& Kpoint: 57 (0.35000000000000003 0.0 ) Weight: 0.000000 
 
;		 --- Hamiltonian H(K) --- 
    C(  1) 2s       C(  1) 2px 
 C(  1) 2s       (-2.175570504584946+0j)         (0.4045084971874737+0j)         0j         0j          
 C(  1) 2s       (0.4045084971874737+0j)         (2.175570504584946+0j)         0j         0j          
 C(  1) 2s       0j         0j         (-2.175570504584946-0j)         (-0.4045084971874737-0j)          
 C(  1) 2s       0j         0j         (-0.4045084971874737-0j)         (2.175570504584946-0j)          
#	******* Energies (in eV)  and Occupation Numbers ******* 
1:--->  -2.212856557645991  [2 Electrons] 
2:--->  -2.212856557645991  [2 Electrons] 
3:--->  2.2128565576459907  [0 Electrons] 
4:--->  2.2128565576459907  [0 Electrons] 
Total_Energy: -8.881784197001252e-16 
 
 
;***& Kpoint: 58 (0.35000000000000003 0.125 ) Weight: 0.000000 
 
;		 --- Hamiltonian H(K) --- 
    C(  1) 2s       C(  1) 2px 
 C(  1) 2s       (-2.761356942211851+0j)         (0.4045084971874737+0.35355339059327373j)         0j         0j          
 C(  1) 2s       (0.4045084971874737-0.35355339059327373j)         (2.761356942211851+0j)         0j         0j          
 C(  1) 2s       0j         0j         (-2.761356942211851-0j)         (-0.4045084971874737+0.35355339059327373j)          
 C(  1) 2s       0j         0j         (-0.4045084971874737-0.35355339059327373j)         (2.761356942211851-0j)          
#	******* Energies (in eV)  and Occupation Numbers ******* 
1:--->  -2.8131333574145496  [2 Electrons] 
2:--->  -2.8131333574145496  [2 Electrons] 
3:--->  2.813133357414547  [0 Electrons] 
4:--->  2.813133357414547  [0 Electrons] 
Total_Energy: -5.329070518200751e-15 
 
 
;***& Kpoint: 59 (0.35000000000000003 0.25 ) Weight: 0.000000 
 
;		 --- Hamiltonian H(K) --- 
    C(  1) 2s       C(  1) 2px 
 C(  1) 2s       (-4.175570504584946+0j)         (0.4045084971874737+0.5j)         0j         0j          
 C(  1) 2s       (0.4045084971874737-0.5j)         (4.175570504584946+0j)         0j         0j          
 C(  1) 2s       0j         0j         (-4.175570504584946-0j)         (-0.4045084971874737+0.5j)          
 C(  1) 2s       0j         0j         (-0.4045084971874737-0.5j)         (4.175570504584946-0j)          
#	******* Energies (in eV)  and Occupation Numbers ******* 
1:--->  -4.2248096008053  [2 Electrons] 
2:--->  -4.2248096008053  [2 Electrons] 
3:--->  4.224809600805301  [0 Electrons] 
4:--->  4.224809600805301  [0 Electrons] 
Total_Energy: 1.7763568394002505e-15 
 
 
;***& Kpoint: 60 (0.35000000000000003 0.375 ) Weight: 0.000000 
 
;		 --- Hamiltonian H(K) --- 
    C(  1) 2s       C(  1) 2px 
 C(  1) 2s       (-5.589784066958041+0j)         (0.4045084971874737+0.3535533905932738j)         0j         0j          
 C(  1) 2s       (0.4045084971874737-0.3535533905932738j)         (5.589784066958041+0j)         0j         0j          
 C(  1) 2s       0j         0j         (-5.589784066958041-0j)         (-0.4045084971874737+0.3535533905932738j)          
 C(  1) 2s       0j         0j         (-0.4045084971874737-0.3535533905932738j)         (5.589784066958041-0j)          
#	******* Energies (in eV)  and Occupation Numbers ******* 
1:--->  -5.615542096673737  [2 Electrons] 
2:--->  -5.615542096673737  [2 Electrons] 
3:--->  5.615542096673734  [0 Electrons] 
4:--->  5.615542096673734  [0 Electrons] 
Total_Energy: -5.329070518200751e-15 
 
 
;***& Kpoint: 61 (0.35000000000000003 0.5 ) Weight: 0.000000 
 
;		 --- Hamiltonian H(K) --- 
    C(  1) 2s       C(  1) 2px 
 C(  1) 2s       (-6.175570504584946+0j)         (0.4045084971874737+6.123233995736766e-17j)         0j         0j          
 C(  1) 2s       (0.4045084971874737-6.123233995736766e-17j)         (6.175570504584946+0j)         0j         0j          
 C(  1) 2s       0j         0j         (-6.175570504584946-0j)         (-0.4045084971874737+6.123233995736766e-17j)          
 C(  1) 2s       0j         0j         (-0.4045084971874737-6.123233995736766e-17j)         (6.175570504584946-0j)          
#	******* Energies (in eV)  and Occupation Numbers ******* 
1:--->  -6.18880426103431  [2 Electrons] 
2:--->  -6.18880426103431  [2 Electrons] 
3:--->  6.18880426103431  [0 Electrons] 
4:--->  6.18880426103431  [0 Electrons] 
Total_Energy: 0.0 
 
 
;***& Kpoint: 62 (0.35000000000000003 0.625 ) Weight: 0.000000 
 
;		 --- Hamiltonian H(K) --- 
    C(  1) 2s       C(  1) 2px 
 C(  1) 2s       (-5.589784066958041+0j)         (0.4045084971874737-0.35355339059327373j)         0j         0j          
 C(  1) 2s       (0.4045084971874737+0.35355339059327373j)         (5.589784066958041+0j)         0j         0j          
 C(  1) 2s       0j         0j         (-5.589784066958041-0j)         (-0.4045084971874737-0.35355339059327373j)          
 C(  1) 2s       0j         0j         (-0.4045084971874737+0.35355339059327373j)         (5.589784066958041-0j)          
#	******* Energies (in eV)  and Occupation Numbers ******* 
1:--->  -5.615542096673737  [2 Electrons] 
2:--->  -5.615542096673737  [2 Electrons] 
3:--->  5.615542096673734  [0 Electrons] 
4:--->  5.615542096673734  [0 Electrons] 
Total_Energy: -5.329070518200751e-15 
 
 
;***& Kpoint: 63 (0.35000000000000003 0.75 ) Weight: 0.000000 
 
;		 --- Hamiltonian H(K) --- 
    C(  1) 2s       C(  1) 2px 
 C(  1) 2s       (-4.175570504584946+0j)         (0.4045084971874737-0.5j)         0j         0j          
 C(  1) 2s       (0.4045084971874737+0.5j)         (4.175570504584946+0j)         0j         0j          
 C(  1) 2s       0j         0j         (-4.175570504584946-0j)         (-0.4045084971874737-0.5j)          
 C(  1) 2s       0j         0j         (-0.4045084971874737+0.5j)         (4.175570504584946-0j)          
#	******* Energies (in eV)  and Occupation Numbers ******* 
1:--->  -4.2248096008053  [2 Electrons] 
2:--->  -4.2248096008053  [2 Electrons] 
3:--->  4.224809600805301  [0 Electrons] 
4:--->  4.224809600805301  [0 Electrons] 
Total_Energy: 1.7763568394002505e-15 
 
 
;***& Kpoint: 64 (0.35000000000000003 0.875 ) Weight: 0.000000 
 
;		 --- Hamiltonian H(K) --- 
    C(  1) 2s       C(  1) 2px 
 C(  1) 2s       (-2.761356942211851+0j)         (0.4045084971874737-0.35355339059327384j)         0j         0j          
 C(  1) 2s       (0.4045084971874737+0.35355339059327384j)         (2.761356942211851+0j)         0j         0j          
 C(  1) 2s       0j         0j         (-2.761356942211851-0j)         (-0.4045084971874737-0.35355339059327384j)          
 C(  1) 2s       0j         0j         (-0.4045084971874737+0.35355339059327384j)         (2.761356942211851-0j)          
#	******* Energies (in eV)  and Occupation Numbers ******* 
1:--->  -2.8131333574145505  [2 Electrons] 
2:--->  -2.8131333574145505  [2 Electrons] 
3:--->  2.813133357414547  [0 Electrons] 
4:--->  2.813133357414547  [0 Electrons] 
Total_Energy: -7.105427357601002e-15 
 
 
;***& Kpoint: 65 (0.4 0.0 ) Weight: 0.000000 
 
;		 --- Hamiltonian H(K) --- 
    C(  1) 2s       C(  1) 2px 
 C(  1) 2s       (-2.618033988749895+0j)         (0.2938926261462366+0j)         0j         0j          
 C(  1) 2s       (0.2938926261462366+0j)         (2.618033988749895+0j)         0j         0j          
 C(  1) 2s       0j         0j         (-2.618033988749895-0j)         (-0.2938926261462366-0j)          
 C(  1) 2s       0j         0j         (-0.2938926261462366-0j)         (2.618033988749895-0j)          
#	******* Energies (in eV)  and Occupation Numbers ******* 
1:--->  -2.634478096692554  [2 Electrons] 
2:--->  -2.634478096692554  [2 Electrons] 
3:--->  2.634478096692553  [0 Electrons] 
4:--->  2.634478096692553  [0 Electrons] 
Total_Energy: -1.7763568394002505e-15 
 
 
;***& Kpoint: 66 (0.4 0.125 ) Weight: 0.000000 
 
;		 --- Hamiltonian H(K) --- 
    C(  1) 2s       C(  1) 2px 
 C(  1) 2s       (-3.2038204263768+0j)         (0.2938926261462366+0.35355339059327373j)         0j         0j          
 C(  1) 2s       (0.2938926261462366-0.35355339059327373j)         (3.2038204263768+0j)         0j         0j          
 C(  1) 2s       0j         0j         (-3.2038204263768-0j)         (-0.2938926261462366+0.35355339059327373j)          
 C(  1) 2s       0j         0j         (-0.2938926261462366-0.35355339059327373j)         (3.2038204263768-0j)          
#	******* Energies (in eV)  and Occupation Numbers ******* 
1:--->  -3.2366399552888723  [2 Electrons] 
2:--->  -3.2366399552888723  [2 Electrons] 
3:--->  3.2366399552888723  [0 Electrons] 
4:--->  3.2366399552888723  [0 Electrons] 
Total_Energy: 0.0 
 
 
;***& Kpoint: 67 (0.4 0.25 ) Weight: 0.000000 
 
;		 --- Hamiltonian H(K) --- 
    C(  1) 2s       C(  1) 2px 
 C(  1) 2s       (-4.618033988749895+0j)         (0.2938926261462366+0.5j)         0j         0j          
 C(  1) 2s       (0.2938926261462366-0.5j)         (4.618033988749895+0j)         0j         0j          
 C(  1) 2s       0j         0j         (-4.618033988749895-0j)         (-0.2938926261462366+0.5j)          
 C(  1) 2s       0j         0j         (-0.2938926261462366-0.5j)         (4.618033988749895-0j)          
#	******* Energies (in eV)  and Occupation Numbers ******* 
1:--->  -4.6543109905712585  [2 Electrons] 
2:--->  -4.6543109905712585  [2 Electrons] 
3:--->  4.654310990571257  [0 Electrons] 
4:--->  4.654310990571257  [0 Electrons] 
Total_Energy: -3.552713678800501e-15 
 
 
;***& Kpoint: 68 (0.4 0.375 ) Weight: 0.000000 
 
;		 --- Hamiltonian H(K) --- 
    C(  1) 2s       C(  1) 2px 
 C(  1) 2s       (-6.03224755112299+0j)         (0.2938926261462366+0.3535533905932738j)         0j         0j          
 C(  1) 2s       (0.2938926261462366-0.3535533905932738j)         (6.03224755112299+0j)         0j         0j          
 C(  1) 2s       0j         0j         (-6.03224755112299-0j)         (-0.2938926261462366+0.3535533905932738j)          
 C(  1) 2s       0j         0j         (-0.2938926261462366-0.3535533905932738j)         (6.03224755112299-0j)          
#	******* Energies (in eV)  and Occupation Numbers ******* 
1:--->  -6.049742423750986  [2 Electrons] 
2:--->  -6.049742423750986  [2 Electrons] 
3:--->  6.049742423750985  [0 Electrons] 
4:--->  6.049742423750985  [0 Electrons] 
Total_Energy: -1.7763568394002505e-15 
 
 
;***& Kpoint: 69 (0.4 0.5 ) Weight: 0.000000 
 
;		 --- Hamiltonian H(K) --- 
    C(  1) 2s       C(  1) 2px 
 C(  1) 2s       (-6.618033988749895+0j)         (0.2938926261462366+6.123233995736766e-17j)         0j         0j          
 C(  1) 2s       (0.2938926261462366-6.123233995736766e-17j)         (6.618033988749895+0j)         0j         0j          
 C(  1) 2s       0j         0j         (-6.618033988749895-0j)         (-0.2938926261462366+6.123233995736766e-17j)          
 C(  1) 2s       0j         0j         (-0.2938926261462366-6.123233995736766e-17j)         (6.618033988749895-0j)          
#	******* Energies (in eV)  and Occupation Numbers ******* 
1:--->  -6.624556343782727  [2 Electrons] 
2:--->  -6.624556343782727  [2 Electrons] 
3:--->  6.624556343782727  [0 Electrons] 
4:--->  6.624556343782727  [0 Electrons] 
Total_Energy: 0.0 
 
 
;***& Kpoint: 70 (0.4 0.625 ) Weight: 0.000000 
 
;		 --- Hamiltonian H(K) --- 
    C(  1) 2s       C(  1) 2px 
 C(  1) 2s       (-6.032247551122991+0j)         (0.2938926261462366-0.35355339059327373j)         0j         0j          
 C(  1) 2s       (0.2938926261462366+0.35355339059327373j)         (6.032247551122991+0j)         0j         0j          
 C(  1) 2s       0j         0j         (-6.032247551122991-0j)         (-0.2938926261462366-0.35355339059327373j)          
 C(  1) 2s       0j         0j         (-0.2938926261462366+0.35355339059327373j)         (6.032247551122991-0j)          
#	******* Energies (in eV)  and Occupation Numbers ******* 
1:--->  -6.049742423750986  [2 Electrons] 
2:--->  -6.049742423750986  [2 Electrons] 
3:--->  6.049742423750986  [0 Electrons] 
4:--->  6.049742423750986  [0 Electrons] 
Total_Energy: 0.0 
 
 
;***& Kpoint: 71 (0.4 0.75 ) Weight: 0.000000 
 
;		 --- Hamiltonian H(K) --- 
    C(  1) 2s       C(  1) 2px 
 C(  1) 2s       (-4.618033988749895+0j)         (0.2938926261462366-0.5j)         0j         0j          
 C(  1) 2s       (0.2938926261462366+0.5j)         (4.618033988749895+0j)         0j         0j          
 C(  1) 2s       0j         0j         (-4.618033988749895-0j)         (-0.2938926261462366-0.5j)          
 C(  1) 2s       0j         0j         (-0.2938926261462366+0.5j)         (4.618033988749895-0j)          
#	******* Energies (in eV)  and Occupation Numbers ******* 
1:--->  -4.6543109905712585  [2 Electrons] 
2:--->  -4.6543109905712585  [2 Electrons] 
3:--->  4.654310990571257  [0 Electrons] 
4:--->  4.654310990571257  [0 Electrons] 
Total_Energy: -3.552713678800501e-15 
 
 
;***& Kpoint: 72 (0.4 0.875 ) Weight: 0.000000 
 
;		 --- Hamiltonian H(K) --- 
    C(  1) 2s       C(  1) 2px 
 C(  1) 2s       (-3.2038204263768+0j)         (0.2938926261462366-0.35355339059327384j)         0j         0j          
 C(  1) 2s       (0.2938926261462366+0.35355339059327384j)         (3.2038204263768+0j)         0j         0j          
 C(  1) 2s       0j         0j         (-3.2038204263768-0j)         (-0.2938926261462366-0.35355339059327384j)          
 C(  1) 2s       0j         0j         (-0.2938926261462366+0.35355339059327384j)         (3.2038204263768-0j)          
#	******* Energies (in eV)  and Occupation Numbers ******* 
1:--->  -3.2366399552888723  [2 Electrons] 
2:--->  -3.2366399552888723  [2 Electrons] 
3:--->  3.2366399552888723  [0 Electrons] 
4:--->  3.2366399552888723  [0 Electrons] 
Total_Energy: 0.0 
 
 
;***& Kpoint: 73 (0.45 0.0 ) Weight: 0.000000 
 
;		 --- Hamiltonian H(K) --- 
    C(  1) 2s       C(  1) 2px 
 C(  1) 2s       (-2.9021130325903073+0j)         (0.15450849718747375+0j)         0j         0j          
 C(  1) 2s       (0.15450849718747375+0j)         (2.9021130325903073+0j)         0j         0j          
 C(  1) 2s       0j         0j         (-2.9021130325903073-0j)         (-0.15450849718747375-0j)          
 C(  1) 2s       0j         0j         (-0.15450849718747375-0j)         (2.9021130325903073-0j)          
#	******* Energies (in eV)  and Occupation Numbers ******* 
1:--->  -2.906223138307458  [2 Electrons] 
2:--->  -2.906223138307458  [2 Electrons] 
3:--->  2.9062231383074564  [0 Electrons] 
4:--->  2.9062231383074564  [0 Electrons] 
Total_Energy: -3.552713678800501e-15 
 
 
;***& Kpoint: 74 (0.45 0.125 ) Weight: 0.000000 
 
;		 --- Hamiltonian H(K) --- 
    C(  1) 2s       C(  1) 2px 
 C(  1) 2s       (-3.4878994702172124+0j)         (0.15450849718747375+0.35355339059327373j)         0j         0j          
 C(  1) 2s       (0.15450849718747375-0.35355339059327373j)         (3.4878994702172124+0j)         0j         0j          
 C(  1) 2s       0j         0j         (-3.4878994702172124-0j)         (-0.15450849718747375+0.35355339059327373j)          
 C(  1) 2s       0j         0j         (-0.15450849718747375-0.35355339059327373j)         (3.4878994702172124-0j)          
#	******* Energies (in eV)  and Occupation Numbers ******* 
1:--->  -3.5091759132372724  [2 Electrons] 
2:--->  -3.5091759132372724  [2 Electrons] 
3:--->  3.50917591323727  [0 Electrons] 
4:--->  3.50917591323727  [0 Electrons] 
Total_Energy: -4.440892098500626e-15 
 
 
;***& Kpoint: 75 (0.45 0.25 ) Weight: 0.000000 
 
;		 --- Hamiltonian H(K) --- 
    C(  1) 2s       C(  1) 2px 
 C(  1) 2s       (-4.902113032590307+0j)         (0.15450849718747375+0.5j)         0j         0j          
 C(  1) 2s       (0.15450849718747375-0.5j)         (4.902113032590307+0j)         0j         0j          
 C(  1) 2s       0j         0j         (-4.902113032590307-0j)         (-0.15450849718747375+0.5j)          
 C(  1) 2s       0j         0j         (-0.15450849718747375-0.5j)         (4.902113032590307-0j)          
#	******* Energies (in eV)  and Occupation Numbers ******* 
1:--->  -4.929968058719538  [2 Electrons] 
2:--->  -4.929968058719538  [2 Electrons] 
3:--->  4.929968058719536  [0 Electrons] 
4:--->  4.929968058719536  [0 Electrons] 
Total_Energy: -5.329070518200751e-15 
 
 
;***& Kpoint: 76 (0.45 0.375 ) Weight: 0.000000 
 
;		 --- Hamiltonian H(K) --- 
    C(  1) 2s       C(  1) 2px 
 C(  1) 2s       (-6.316326594963402+0j)         (0.15450849718747375+0.3535533905932738j)         0j         0j          
 C(  1) 2s       (0.15450849718747375-0.3535533905932738j)         (6.316326594963402+0j)         0j         0j          
 C(  1) 2s       0j         0j         (-6.316326594963402-0j)         (-0.15450849718747375+0.3535533905932738j)          
 C(  1) 2s       0j         0j         (-0.15450849718747375-0.3535533905932738j)         (6.316326594963402-0j)          
#	******* Energies (in eV)  and Occupation Numbers ******* 
1:--->  -6.328100388737928  [2 Electrons] 
2:--->  -6.328100388737928  [2 Electrons] 
3:--->  6.328100388737926  [0 Electrons] 
4:--->  6.328100388737926  [0 Electrons] 
Total_Energy: -3.552713678800501e-15 
 
 
;***& Kpoint: 77 (0.45 0.5 ) Weight: 0.000000 
 
;		 --- Hamiltonian H(K) --- 
    C(  1) 2s       C(  1) 2px 
 C(  1) 2s       (-6.902113032590307+0j)         (0.15450849718747375+6.123233995736766e-17j)         0j         0j          
 C(  1) 2s       (0.15450849718747375-6.123233995736766e-17j)         (6.902113032590307+0j)         0j         0j          
 C(  1) 2s       0j         0j         (-6.902113032590307-0j)         (-0.15450849718747375+6.123233995736766e-17j)          
 C(  1) 2s       0j         0j         (-0.15450849718747375-6.123233995736766e-17j)         (6.902113032590307-0j)          
#	******* Energies (in eV)  and Occupation Numbers ******* 
1:--->  -6.903842204914312  [2 Electrons] 
2:--->  -6.903842204914312  [2 Electrons] 
3:--->  6.903842204914311  [0 Electrons] 
4:--->  6.903842204914311  [0 Electrons] 
Total_Energy: -1.7763568394002505e-15 
 
 
;***& Kpoint: 78 (0.45 0.625 ) Weight: 0.000000 
 
;		 --- Hamiltonian H(K) --- 
    C(  1) 2s       C(  1) 2px 
 C(  1) 2s       (-6.316326594963403+0j)         (0.15450849718747375-0.35355339059327373j)         0j         0j          
 C(  1) 2s       (0.15450849718747375+0.35355339059327373j)         (6.316326594963403+0j)         0j         0j          
 C(  1) 2s       0j         0j         (-6.316326594963403-0j)         (-0.15450849718747375-0.35355339059327373j)          
 C(  1) 2s       0j         0j         (-0.15450849718747375+0.35355339059327373j)         (6.316326594963403-0j)          
#	******* Energies (in eV)  and Occupation Numbers ******* 
1:--->  -6.328100388737928  [2 Electrons] 
2:--->  -6.328100388737928  [2 Electrons] 
3:--->  6.328100388737927  [0 Electrons] 
4:--->  6.328100388737927  [0 Electrons] 
Total_Energy: -1.7763568394002505e-15 
 
 
;***& Kpoint: 79 (0.45 0.75 ) Weight: 0.000000 
 
;		 --- Hamiltonian H(K) --- 
    C(  1) 2s       C(  1) 2px 
 C(  1) 2s       (-4.902113032590307+0j)         (0.15450849718747375-0.5j)         0j         0j          
 C(  1) 2s       (0.15450849718747375+0.5j)         (4.902113032590307+0j)         0j         0j          
 C(  1) 2s       0j         0j         (-4.902113032590307-0j)         (-0.15450849718747375-0.5j)          
 C(  1) 2s       0j         0j         (-0.15450849718747375+0.5j)         (4.902113032590307-0j)          
#	******* Energies (in eV)  and Occupation Numbers ******* 
1:--->  -4.929968058719538  [2 Electrons] 
2:--->  -4.929968058719538  [2 Electrons] 
3:--->  4.929968058719536  [0 Electrons] 
4:--->  4.929968058719536  [0 Electrons] 
Total_Energy: -5.329070518200751e-15 
 
 
;***& Kpoint: 80 (0.45 0.875 ) Weight: 0.000000 
 
;		 --- Hamiltonian H(K) --- 
    C(  1) 2s       C(  1) 2px 
 C(  1) 2s       (-3.4878994702172124+0j)         (0.15450849718747375-0.35355339059327384j)         0j         0j          
 C(  1) 2s       (0.15450849718747375+0.35355339059327384j)         (3.4878994702172124+0j)         0j         0j          
 C(  1) 2s       0j         0j         (-3.4878994702172124-0j)         (-0.15450849718747375-0.35355339059327384j)          
 C(  1) 2s       0j         0j         (-0.15450849718747375+0.35355339059327384j)         (3.4878994702172124-0j)          
#	******* Energies (in eV)  and Occupation Numbers ******* 
1:--->  -3.5091759132372724  [2 Electrons] 
2:--->  -3.5091759132372724  [2 Electrons] 
3:--->  3.509175913237272  [0 Electrons] 
4:--->  3.509175913237272  [0 Electrons] 
Total_Energy: -8.881784197001252e-16 
 
 
;***& Kpoint: 81 (0.5 0.0 ) Weight: 0.000000 
 
;		 --- Hamiltonian H(K) --- 
    C(  1) 2s       C(  1) 2px 
 C(  1) 2s       (-3+0j)         (6.123233995736766e-17+0j)         0j         0j          
 C(  1) 2s       (6.123233995736766e-17+0j)         (3+0j)         0j         0j          
 C(  1) 2s       0j         0j         (-3-0j)         (-6.123233995736766e-17-0j)          
 C(  1) 2s       0j         0j         (-6.123233995736766e-17-0j)         (3-0j)          
#	******* Energies (in eV)  and Occupation Numbers ******* 
1:--->  -3.0  [2 Electrons] 
2:--->  -3.0  [2 Electrons] 
3:--->  3.0  [0 Electrons] 
4:--->  3.0  [0 Electrons] 
Total_Energy: 0.0 
 
 
;***& Kpoint: 82 (0.5 0.125 ) Weight: 0.000000 
 
;		 --- Hamiltonian H(K) --- 
    C(  1) 2s       C(  1) 2px 
 C(  1) 2s       (-3.585786437626905+0j)         (6.123233995736766e-17+0.35355339059327373j)         0j         0j          
 C(  1) 2s       (6.123233995736766e-17-0.35355339059327373j)         (3.585786437626905+0j)         0j         0j          
 C(  1) 2s       0j         0j         (-3.585786437626905-0j)         (-6.123233995736766e-17+0.35355339059327373j)          
 C(  1) 2s       0j         0j         (-6.123233995736766e-17-0.35355339059327373j)         (3.585786437626905-0j)          
#	******* Energies (in eV)  and Occupation Numbers ******* 
1:--->  -3.603174208426378  [2 Electrons] 
2:--->  -3.603174208426378  [2 Electrons] 
3:--->  3.603174208426377  [0 Electrons] 
4:--->  3.603174208426377  [0 Electrons] 
Total_Energy: -1.7763568394002505e-15 
 
 
;***& Kpoint: 83 (0.5 0.25 ) Weight: 0.000000 
 
;		 --- Hamiltonian H(K) --- 
    C(  1) 2s       C(  1) 2px 
 C(  1) 2s       (-5+0j)         (6.123233995736766e-17+0.5j)         0j         0j          
 C(  1) 2s       (6.123233995736766e-17-0.5j)         (5+0j)         0j         0j          
 C(  1) 2s       0j         0j         (-5-0j)         (-6.123233995736766e-17+0.5j)          
 C(  1) 2s       0j         0j         (-6.123233995736766e-17-0.5j)         (5-0j)          
#	******* Energies (in eV)  and Occupation Numbers ******* 
1:--->  -5.024937810560447  [2 Electrons] 
2:--->  -5.024937810560447  [2 Electrons] 
3:--->  5.024937810560445  [0 Electrons] 
4:--->  5.024937810560445  [0 Electrons] 
Total_Energy: -3.552713678800501e-15 
 
 
;***& Kpoint: 84 (0.5 0.375 ) Weight: 0.000000 
 
;		 --- Hamiltonian H(K) --- 
    C(  1) 2s       C(  1) 2px 
 C(  1) 2s       (-6.414213562373095+0j)         (6.123233995736766e-17+0.3535533905932738j)         0j         0j          
 C(  1) 2s       (6.123233995736766e-17-0.3535533905932738j)         (6.414213562373095+0j)         0j         0j          
 C(  1) 2s       0j         0j         (-6.414213562373095-0j)         (-6.123233995736766e-17+0.3535533905932738j)          
 C(  1) 2s       0j         0j         (-6.123233995736766e-17-0.3535533905932738j)         (6.414213562373095-0j)          
#	******* Energies (in eV)  and Occupation Numbers ******* 
1:--->  -6.423950157319947  [2 Electrons] 
2:--->  -6.423950157319947  [2 Electrons] 
3:--->  6.423950157319945  [0 Electrons] 
4:--->  6.423950157319945  [0 Electrons] 
Total_Energy: -3.552713678800501e-15 
 
 
;***& Kpoint: 85 (0.5 0.5 ) Weight: 0.000000 
 
;		 --- Hamiltonian H(K) --- 
    C(  1) 2s       C(  1) 2px 
 C(  1) 2s       (-7+0j)         (6.123233995736766e-17+6.123233995736766e-17j)         0j         0j          
 C(  1) 2s       (6.123233995736766e-17-6.123233995736766e-17j)         (7+0j)         0j         0j          
 C(  1) 2s       0j         0j         (-7-0j)         (-6.123233995736766e-17+6.123233995736766e-17j)          
 C(  1) 2s       0j         0j         (-6.123233995736766e-17-6.123233995736766e-17j)         (7-0j)          
#	******* Energies (in eV)  and Occupation Numbers ******* 
1:--->  -7.0  [2 Electrons] 
2:--->  -7.0  [2 Electrons] 
3:--->  7.0  [0 Electrons] 
4:--->  7.0  [0 Electrons] 
Total_Energy: 0.0 
 
 
;***& Kpoint: 86 (0.5 0.625 ) Weight: 0.000000 
 
;		 --- Hamiltonian H(K) --- 
    C(  1) 2s       C(  1) 2px 
 C(  1) 2s       (-6.414213562373096+0j)         (6.123233995736766e-17-0.35355339059327373j)         0j         0j          
 C(  1) 2s       (6.123233995736766e-17+0.35355339059327373j)         (6.414213562373096+0j)         0j         0j          
 C(  1) 2s       0j         0j         (-6.414213562373096-0j)         (-6.123233995736766e-17-0.35355339059327373j)          
 C(  1) 2s       0j         0j         (-6.123233995736766e-17+0.35355339059327373j)         (6.414213562373096-0j)          
#	******* Energies (in eV)  and Occupation Numbers ******* 
1:--->  -6.423950157319949  [2 Electrons] 
2:--->  -6.423950157319949  [2 Electrons] 
3:--->  6.423950157319946  [0 Electrons] 
4:--->  6.423950157319946  [0 Electrons] 
Total_Energy: -5.329070518200751e-15 
 
 
;***& Kpoint: 87 (0.5 0.75 ) Weight: 0.000000 
 
;		 --- Hamiltonian H(K) --- 
    C(  1) 2s       C(  1) 2px 
 C(  1) 2s       (-5+0j)         (6.123233995736766e-17-0.5j)         0j         0j          
 C(  1) 2s       (6.123233995736766e-17+0.5j)         (5+0j)         0j         0j          
 C(  1) 2s       0j         0j         (-5-0j)         (-6.123233995736766e-17-0.5j)          
 C(  1) 2s       0j         0j         (-6.123233995736766e-17+0.5j)         (5-0j)          
#	******* Energies (in eV)  and Occupation Numbers ******* 
1:--->  -5.024937810560447  [2 Electrons] 
2:--->  -5.024937810560447  [2 Electrons] 
3:--->  5.024937810560445  [0 Electrons] 
4:--->  5.024937810560445  [0 Electrons] 
Total_Energy: -3.552713678800501e-15 
 
 
;***& Kpoint: 88 (0.5 0.875 ) Weight: 0.000000 
 
;		 --- Hamiltonian H(K) --- 
    C(  1) 2s       C(  1) 2px 
 C(  1) 2s       (-3.585786437626905+0j)         (6.123233995736766e-17-0.35355339059327384j)         0j         0j          
 C(  1) 2s       (6.123233995736766e-17+0.35355339059327384j)         (3.585786437626905+0j)         0j         0j          
 C(  1) 2s       0j         0j         (-3.585786437626905-0j)         (-6.123233995736766e-17-0.35355339059327384j)          
 C(  1) 2s       0j         0j         (-6.123233995736766e-17+0.35355339059327384j)         (3.585786437626905-0j)          
#	******* Energies (in eV)  and Occupation Numbers ******* 
1:--->  -3.603174208426378  [2 Electrons] 
2:--->  -3.603174208426378  [2 Electrons] 
3:--->  3.603174208426377  [0 Electrons] 
4:--->  3.603174208426377  [0 Electrons] 
Total_Energy: -1.7763568394002505e-15 
 
 
;  The Fermi Level was determined for 217 K points based on 
;     an ordering of 3472 crystal orbitals occupied by 16.000000 electrons 
;      in the unit cell (3472.000000 electrons total) 
#Fermi_Energy:  0 
