#BIND_OUTPUT version: 3.0 
#JOB_TITLE: mp-47 
; ********* Atoms within the unit cell:  ********* 
# NUMBER OF ATOMS:  
	5 
# Crystallographic coordinates of atoms: 
   1    C 0.333333 0.666667 0.062772 
   2    C 0.666667 0.333333 0.562772 
  3    C 0.666667 0.333333 0.937228 
   4    C 0.333333 0.666667 0.437228 
   5    & 0.000000 0.000000 0.000000 
# ******** Extended Hueckel Parameters ******** 
;  FORMAT  quantum number orbital: Hii, <c1>, exponent1, <c2>, <exponent2> 
ATOM: C   Atomic number: 6  # Valence Electrons: 4 
	2S:   -35.7440     2.0083 
	2P:   -29.0014     1.9063 
ATOM: &   Atomic number: -1  # Valence Electrons: 0 
# CRYSTAL SPECIFICATION: 
#Cell Constants:  
2.5131 2.5131 4.1814  
# alpha:  90.0000 
# beta:  90.0000 
# gamma:  120.0000 
#Cell Volume: 22.8702 cubic Angstroms 
# Positions of atoms from crystal coordinates 
  1    C  -0.0000   1.4509   0.2625 
   2    C   1.2565   0.7255   2.3532 
   3    C   1.2565   0.7255   3.9189 
   4    C  -0.0000   1.4509   1.8282 
   5    &   0.0000   0.0000   0.0000 
; Number of orbitals 
#Num_Orbitals: 2 
; ------  Lattice Parameters ------ 
#Dimensionality: 2 
#Lattice Vectors 
(a) 2.513094 0.000000 0.000000 
(b) -1.256547 2.176403 0.000000 
(c) 0.000000 0.000000 4.181402 
; RHO = 22.627844 
;***& Kpoint: 1 (0.0 0.0 ) Weight: 0.000000 
 
;		 --- Hamiltonian H(K) --- 
    C(  1) 2s       C(  1) 2px 
 C(  1) 2s       (0.5000000000000001+0j)         (3+0j)          
 C(  1) 2s       (3+0j)         (-0.4999999999999999+0j)          
#	******* Energies (in eV)  and Occupation Numbers ******* 
1:--->  -3.041381265149111  [2 Electrons] 
2:--->  3.0413812651491092  [0 Electrons] 
Total_Energy: -1.7763568394002505e-15 
 
 
;***& Kpoint: 2 (0.0 0.0 ) Weight: 0.000000 
 
;		 --- Hamiltonian H(K) --- 
    C(  1) 2s       C(  1) 2px 
 C(  1) 2s       (0.5000000000000001+0j)         (3+0j)          
 C(  1) 2s       (3+0j)         (-0.4999999999999999+0j)          
#	******* Energies (in eV)  and Occupation Numbers ******* 
1:--->  -3.041381265149111  [2 Electrons] 
2:--->  3.0413812651491092  [0 Electrons] 
Total_Energy: -1.7763568394002505e-15 
 
 
;***& Kpoint: 3 (0.1111111111111111 0.0 ) Weight: 0.000000 
 
;		 --- Hamiltonian H(K) --- 
    C(  1) 2s       C(  1) 2px 
 C(  1) 2s       (0.5000000000000001+0j)         (2.83972238148306-0.012432561284418164j)          
 C(  1) 2s       (2.83972238148306+0.012432561284418164j)         (-0.4999999999999999+0j)          
#	******* Energies (in eV)  and Occupation Numbers ******* 
1:--->  -2.8834315966354938  [2 Electrons] 
2:--->  2.8834315966354938  [0 Electrons] 
Total_Energy: 0.0 
 
 
;***& Kpoint: 4 (0.2222222222222222 0.0 ) Weight: 0.000000 
 
;		 --- Hamiltonian H(K) --- 
    C(  1) 2s       C(  1) 2px 
 C(  1) 2s       (0.5+0j)         (2.3844238723496107-0.09547516764588049j)          
 C(  1) 2s       (2.3844238723496107+0.09547516764588049j)         (-0.49999999999999994+0j)          
#	******* Energies (in eV)  and Occupation Numbers ******* 
1:--->  -2.438153545342812  [2 Electrons] 
2:--->  2.4381535453428116  [0 Electrons] 
Total_Energy: -4.440892098500626e-16 
 
 
;***& Kpoint: 5 (0.3333333333333333 0.0 ) Weight: 0.000000 
 
;		 --- Hamiltonian H(K) --- 
    C(  1) 2s       C(  1) 2px 
 C(  1) 2s       (0.5+0j)         (1.7057370639048868-0.3007674663608705j)          
 C(  1) 2s       (1.7057370639048868+0.3007674663608705j)         (-0.5+0j)          
#	******* Energies (in eV)  and Occupation Numbers ******* 
1:--->  -1.8027756377319948  [2 Electrons] 
2:--->  1.802775637731995  [0 Electrons] 
Total_Energy: 2.220446049250313e-16 
 
 
;***& Kpoint: 6 (0.4444444444444444 0.0 ) Weight: 0.000000 
 
;		 --- Hamiltonian H(K) --- 
    C(  1) 2s       C(  1) 2px 
 C(  1) 2s       (0.49999999999999994+0j)         (0.9075139506944826-0.6462568731945986j)          
 C(  1) 2s       (0.9075139506944826+0.6462568731945986j)         (-0.5+0j)          
#	******* Energies (in eV)  and Occupation Numbers ******* 
1:--->  -1.2211590874478095  [2 Electrons] 
2:--->  1.2211590874478098  [0 Electrons] 
Total_Energy: 2.220446049250313e-16 
 
 
;***& Kpoint: 7 (0.5555555555555556 0.0 ) Weight: 0.000000 
 
;		 --- Hamiltonian H(K) --- 
    C(  1) 2s       C(  1) 2px 
 C(  1) 2s       (0.49999999999999994+0j)         (0.10591789420958031-1.1090585721874993j)          
 C(  1) 2s       (0.10591789420958031+1.1090585721874993j)         (-0.5+0j)          
#	******* Energies (in eV)  and Occupation Numbers ******* 
1:--->  -1.2211590874478095  [2 Electrons] 
2:--->  1.2211590874478089  [0 Electrons] 
Total_Energy: -6.661338147750939e-16 
 
 
;***& Kpoint: 8 (0.6666666666666666 0.0 ) Weight: 0.000000 
 
;		 --- Hamiltonian H(K) --- 
    C(  1) 2s       C(  1) 2px 
 C(  1) 2s       (0.5+0j)         (-0.5923962654520469-1.6275953626987467j)          
 C(  1) 2s       (-0.5923962654520469+1.6275953626987467j)         (-0.5+0j)          
#	******* Energies (in eV)  and Occupation Numbers ******* 
1:--->  -1.8027756377319941  [2 Electrons] 
2:--->  1.8027756377319941  [0 Electrons] 
Total_Energy: 0.0 
 
 
;***& Kpoint: 9 (0.7777777777777777 0.0 ) Weight: 0.000000 
 
;		 --- Hamiltonian H(K) --- 
    C(  1) 2s       C(  1) 2px 
 C(  1) 2s       (0.5+0j)         (-1.1095280155628942-2.112709230667766j)          
 C(  1) 2s       (-1.1095280155628942+2.112709230667766j)         (-0.49999999999999994+0j)          
#	******* Energies (in eV)  and Occupation Numbers ******* 
1:--->  -2.4381535453428107  [2 Electrons] 
2:--->  2.4381535453428107  [0 Electrons] 
Total_Energy: 0.0 
 
 
;***& Kpoint: 10 (0.8888888888888888 0.0 ) Weight: 0.000000 
 
;		 --- Hamiltonian H(K) --- 
    C(  1) 2s       C(  1) 2px 
 C(  1) 2s       (0.5000000000000001+0j)         (-1.4090942768351167-2.4654880027017834j)          
 C(  1) 2s       (-1.4090942768351167+2.4654880027017834j)         (-0.4999999999999999+0j)          
#	******* Energies (in eV)  and Occupation Numbers ******* 
1:--->  -2.8834315966354933  [2 Electrons] 
2:--->  2.8834315966354938  [0 Electrons] 
Total_Energy: 4.440892098500626e-16 
 
 
;***& Kpoint: 11 (1.0 0.0 ) Weight: 0.000000 
 
;		 --- Hamiltonian H(K) --- 
    C(  1) 2s       C(  1) 2px 
 C(  1) 2s       (0.5000000000000001+0j)         (-1.5-2.598076211353316j)          
 C(  1) 2s       (-1.5+2.598076211353316j)         (-0.4999999999999999+0j)          
#	******* Energies (in eV)  and Occupation Numbers ******* 
1:--->  -3.041381265149111  [2 Electrons] 
2:--->  3.0413812651491092  [0 Electrons] 
Total_Energy: -1.7763568394002505e-15 
 
 
;***& Kpoint: 12 (0.0 0.1111111111111111 ) Weight: 0.000000 
 
;		 --- Hamiltonian H(K) --- 
    C(  1) 2s       C(  1) 2px 
 C(  1) 2s       (1.357050146248719+0j)         (2.83972238148306-0.012432561284418164j)          
 C(  1) 2s       (2.83972238148306+0.012432561284418164j)         (-1.357050146248719+0j)          
#	******* Energies (in eV)  and Occupation Numbers ******* 
1:--->  -3.1473421917404503  [2 Electrons] 
2:--->  3.1473421917404503  [0 Electrons] 
Total_Energy: 0.0 
 
 
;***& Kpoint: 13 (0.1111111111111111 0.1111111111111111 ) Weight: 0.000000 
 
;		 --- Hamiltonian H(K) --- 
    C(  1) 2s       C(  1) 2px 
 C(  1) 2s       (1.357050146248719+0j)         (2.83972238148306+0.012432561284418164j)          
 C(  1) 2s       (2.83972238148306-0.012432561284418164j)         (-1.357050146248719+0j)          
#	******* Energies (in eV)  and Occupation Numbers ******* 
1:--->  -3.1473421917404503  [2 Electrons] 
2:--->  3.1473421917404503  [0 Electrons] 
Total_Energy: 0.0 
 
 
;***& Kpoint: 14 (0.2222222222222222 0.1111111111111111 ) Weight: 0.000000 
 
;		 --- Hamiltonian H(K) --- 
    C(  1) 2s       C(  1) 2px 
 C(  1) 2s       (1.156538502008139+0j)         (2.5320888862379562+0j)          
 C(  1) 2s       (2.5320888862379562+0j)         (-1.1565385020081387+0j)          
#	******* Energies (in eV)  and Occupation Numbers ******* 
1:--->  -2.7837125272622893  [2 Electrons] 
2:--->  2.78371252726229  [0 Electrons] 
Total_Energy: 4.440892098500626e-16 
 
 
;***& Kpoint: 15 (0.3333333333333333 0.1111111111111111 ) Weight: 0.000000 
 
;		 --- Hamiltonian H(K) --- 
    C(  1) 2s       C(  1) 2px 
 C(  1) 2s       (0.8493368403058466+0j)         (1.966283228321767-0.11452295661720988j)          
 C(  1) 2s       (1.966283228321767+0.11452295661720988j)         (-0.8493368403058466+0j)          
#	******* Energies (in eV)  and Occupation Numbers ******* 
1:--->  -2.1449378335682683  [2 Electrons] 
2:--->  2.144937833568269  [0 Electrons] 
Total_Energy: 8.881784197001252e-16 
 
 
;***& Kpoint: 16 (0.4444444444444444 0.1111111111111111 ) Weight: 0.000000 
 
;		 --- Hamiltonian H(K) --- 
    C(  1) 2s       C(  1) 2px 
 C(  1) 2s       (0.579188232818513+0j)         (1.2315675774520936-0.36870712880946793j)          
 C(  1) 2s       (1.2315675774520936+0.36870712880946793j)         (-0.579188232818513+0j)          
#	******* Energies (in eV)  and Occupation Numbers ******* 
1:--->  -1.4100222174496304  [2 Electrons] 
2:--->  1.4100222174496304  [0 Electrons] 
Total_Energy: 0.0 
 
 
;***& Kpoint: 17 (0.5555555555555556 0.1111111111111111 ) Weight: 0.000000 
 
;		 --- Hamiltonian H(K) --- 
    C(  1) 2s       C(  1) 2px 
 C(  1) 2s       (0.47249821535680137+0j)         (0.43969262078590865-0.7615699589143086j)          
 C(  1) 2s       (0.43969262078590865+0.7615699589143086j)         (-0.4724982153568014+0j)          
#	******* Energies (in eV)  and Occupation Numbers ******* 
1:--->  -0.9982850127141469  [2 Electrons] 
2:--->  0.998285012714147  [0 Electrons] 
Total_Energy: 1.1102230246251565e-16 
 
 
;***& Kpoint: 18 (0.6666666666666666 0.1111111111111111 ) Weight: 0.000000 
 
;		 --- Hamiltonian H(K) --- 
    C(  1) 2s       C(  1) 2px 
 C(  1) 2s       (0.579188232818513+0j)         (-0.2964740486206253-1.2509223729555052j)          
 C(  1) 2s       (-0.2964740486206253+1.2509223729555052j)         (-0.579188232818513+0j)          
#	******* Energies (in eV)  and Occupation Numbers ******* 
1:--->  -1.410022217449629  [2 Electrons] 
2:--->  1.410022217449629  [0 Electrons] 
Total_Energy: 0.0 
 
 
;***& Kpoint: 19 (0.7777777777777777 0.1111111111111111 ) Weight: 0.000000 
 
;		 --- Hamiltonian H(K) --- 
    C(  1) 2s       C(  1) 2px 
 C(  1) 2s       (0.849336840305846+0j)         (-0.8839618244138758-1.7601127050705316j)          
 C(  1) 2s       (-0.8839618244138758+1.7601127050705316j)         (-0.849336840305846+0j)          
#	******* Energies (in eV)  and Occupation Numbers ******* 
1:--->  -2.144937833568267  [2 Electrons] 
2:--->  2.144937833568267  [0 Electrons] 
Total_Energy: 0.0 
 
 
;***& Kpoint: 20 (0.8888888888888888 0.1111111111111111 ) Weight: 0.000000 
 
;		 --- Hamiltonian H(K) --- 
    C(  1) 2s       C(  1) 2px 
 C(  1) 2s       (1.1565385020081385+0j)         (-1.266044443118978-2.192853300122315j)          
 C(  1) 2s       (-1.266044443118978+2.192853300122315j)         (-1.1565385020081385+0j)          
#	******* Energies (in eV)  and Occupation Numbers ******* 
1:--->  -2.7837125272622893  [2 Electrons] 
2:--->  2.7837125272622893  [0 Electrons] 
Total_Energy: 0.0 
 
 
;***& Kpoint: 21 (1.0 0.1111111111111111 ) Weight: 0.000000 
 
;		 --- Hamiltonian H(K) --- 
    C(  1) 2s       C(  1) 2px 
 C(  1) 2s       (1.357050146248719+0j)         (-1.4306281046479432-2.4530554414173653j)          
 C(  1) 2s       (-1.4306281046479432+2.4530554414173653j)         (-1.357050146248719+0j)          
#	******* Energies (in eV)  and Occupation Numbers ******* 
1:--->  -3.1473421917404507  [2 Electrons] 
2:--->  3.1473421917404503  [0 Electrons] 
Total_Energy: -4.440892098500626e-16 
 
 
;***& Kpoint: 22 (0.0 0.2222222222222222 ) Weight: 0.000000 
 
;		 --- Hamiltonian H(K) --- 
    C(  1) 2s       C(  1) 2px 
 C(  1) 2s       (1.8130770040162774+0j)         (2.3844238723496107-0.09547516764588049j)          
 C(  1) 2s       (2.3844238723496107+0.09547516764588049j)         (-1.8130770040162774+0j)          
#	******* Energies (in eV)  and Occupation Numbers ******* 
1:--->  -2.996971960689717  [2 Electrons] 
2:--->  2.9969719606897165  [0 Electrons] 
Total_Energy: -4.440892098500626e-16 
 
 
;***& Kpoint: 23 (0.1111111111111111 0.2222222222222222 ) Weight: 0.000000 
 
;		 --- Hamiltonian H(K) --- 
    C(  1) 2s       C(  1) 2px 
 C(  1) 2s       (2.013588648256858+0j)         (2.5320888862379562+0j)          
 C(  1) 2s       (2.5320888862379562+0j)         (-2.0135886482568575+0j)          
#	******* Energies (in eV)  and Occupation Numbers ******* 
1:--->  -3.235121848122363  [2 Electrons] 
2:--->  3.235121848122363  [0 Electrons] 
Total_Energy: 0.0 
 
 
;***& Kpoint: 24 (0.2222222222222222 0.2222222222222222 ) Weight: 0.000000 
 
;		 --- Hamiltonian H(K) --- 
    C(  1) 2s       C(  1) 2px 
 C(  1) 2s       (1.8130770040162774+0j)         (2.3844238723496107+0.09547516764588049j)          
 C(  1) 2s       (2.3844238723496107-0.09547516764588049j)         (-1.8130770040162774+0j)          
#	******* Energies (in eV)  and Occupation Numbers ******* 
1:--->  -2.996971960689717  [2 Electrons] 
2:--->  2.9969719606897165  [0 Electrons] 
Total_Energy: -4.440892098500626e-16 
 
 
;***& Kpoint: 25 (0.3333333333333333 0.2222222222222222 ) Weight: 0.000000 
 
;		 --- Hamiltonian H(K) --- 
    C(  1) 2s       C(  1) 2px 
 C(  1) 2s       (1.305363698073405+0j)         (1.966283228321767+0.11452295661720988j)          
 C(  1) 2s       (1.966283228321767-0.11452295661720988j)         (-1.305363698073405+0j)          
#	******* Energies (in eV)  and Occupation Numbers ******* 
1:--->  -2.3629133767067505  [2 Electrons] 
2:--->  2.362913376706749  [0 Electrons] 
Total_Energy: -1.3322676295501878e-15 
 
 
;***& Kpoint: 26 (0.4444444444444444 0.2222222222222222 ) Weight: 0.000000 
 
;		 --- Hamiltonian H(K) --- 
    C(  1) 2s       C(  1) 2px 
 C(  1) 2s       (0.7280134288837792+0j)         (1.3472963553338613+0j)          
 C(  1) 2s       (1.3472963553338613+0j)         (-0.7280134288837792+0j)          
#	******* Energies (in eV)  and Occupation Numbers ******* 
1:--->  -1.5314081825989514  [2 Electrons] 
2:--->  1.5314081825989514  [0 Electrons] 
Total_Energy: 0.0 
 
 
;***& Kpoint: 27 (0.5555555555555556 0.2222222222222222 ) Weight: 0.000000 
 
;		 --- Hamiltonian H(K) --- 
    C(  1) 2s       C(  1) 2px 
 C(  1) 2s       (0.35117480393473377+0j)         (0.6280968089582578-0.27093451669821955j)          
 C(  1) 2s       (0.6280968089582578+0.27093451669821955j)         (-0.3511748039347339+0j)          
#	******* Energies (in eV)  and Occupation Numbers ******* 
1:--->  -0.7689179778628166  [2 Electrons] 
2:--->  0.7689179778628166  [0 Electrons] 
Total_Energy: 0.0 
 
 
;***& Kpoint: 28 (0.6666666666666666 0.2222222222222222 ) Weight: 0.000000 
 
;		 --- Hamiltonian H(K) --- 
    C(  1) 2s       C(  1) 2px 
 C(  1) 2s       (0.35117480393473377+0j)         (-0.0794122302564112-0.6794150509429022j)          
 C(  1) 2s       (-0.0794122302564112+0.6794150509429022j)         (-0.3511748039347339+0j)          
#	******* Energies (in eV)  and Occupation Numbers ******* 
1:--->  -0.7689179778628163  [2 Electrons] 
2:--->  0.7689179778628162  [0 Electrons] 
Total_Energy: -1.1102230246251565e-16 
 
 
;***& Kpoint: 29 (0.7777777777777777 0.2222222222222222 ) Weight: 0.000000 
 
;		 --- Hamiltonian H(K) --- 
    C(  1) 2s       C(  1) 2px 
 C(  1) 2s       (0.7280134288837787+0j)         (-0.6736481776669291-1.1667928701453083j)          
 C(  1) 2s       (-0.6736481776669291+1.1667928701453083j)         (-0.7280134288837787+0j)          
#	******* Energies (in eV)  and Occupation Numbers ******* 
1:--->  -1.5314081825989494  [2 Electrons] 
2:--->  1.5314081825989494  [0 Electrons] 
Total_Energy: 0.0 
 
 
;***& Kpoint: 30 (0.8888888888888888 0.2222222222222222 ) Weight: 0.000000 
 
;		 --- Hamiltonian H(K) --- 
    C(  1) 2s       C(  1) 2px 
 C(  1) 2s       (1.3053636980734045+0j)         (-1.0823214039078901-1.6455897484533222j)          
 C(  1) 2s       (-1.0823214039078901+1.6455897484533222j)         (-1.3053636980734045+0j)          
#	******* Energies (in eV)  and Occupation Numbers ******* 
1:--->  -2.3629133767067487  [2 Electrons] 
2:--->  2.3629133767067487  [0 Electrons] 
Total_Energy: 0.0 
 
 
;***& Kpoint: 31 (1.0 0.2222222222222222 ) Weight: 0.000000 
 
;		 --- Hamiltonian H(K) --- 
    C(  1) 2s       C(  1) 2px 
 C(  1) 2s       (1.8130770040162771+0j)         (-1.2748958567867161-2.0172340630218857j)          
 C(  1) 2s       (-1.2748958567867161+2.0172340630218857j)         (-1.8130770040162771+0j)          
#	******* Energies (in eV)  and Occupation Numbers ******* 
1:--->  -2.9969719606897156  [2 Electrons] 
2:--->  2.9969719606897156  [0 Electrons] 
Total_Energy: 0.0 
 
 
;***& Kpoint: 32 (0.0 0.3333333333333333 ) Weight: 0.000000 
 
;		 --- Hamiltonian H(K) --- 
    C(  1) 2s       C(  1) 2px 
 C(  1) 2s       (1.6547005383792515+0j)         (1.7057370639048868-0.3007674663608705j)          
 C(  1) 2s       (1.7057370639048868+0.3007674663608705j)         (-1.6547005383792515+0j)          
#	******* Energies (in eV)  and Occupation Numbers ******* 
1:--->  -2.395419351953346  [2 Electrons] 
2:--->  2.395419351953345  [0 Electrons] 
Total_Energy: -8.881784197001252e-16 
 
 
;***& Kpoint: 33 (0.1111111111111111 0.3333333333333333 ) Weight: 0.000000 
 
;		 --- Hamiltonian H(K) --- 
    C(  1) 2s       C(  1) 2px 
 C(  1) 2s       (2.162413844322124+0j)         (1.966283228321767-0.11452295661720979j)          
 C(  1) 2s       (1.966283228321767+0.11452295661720979j)         (-2.162413844322124+0j)          
#	******* Energies (in eV)  and Occupation Numbers ******* 
1:--->  -2.924964764862614  [2 Electrons] 
2:--->  2.924964764862614  [0 Electrons] 
Total_Energy: 0.0 
 
 
;***& Kpoint: 34 (0.2222222222222222 0.3333333333333333 ) Weight: 0.000000 
 
;		 --- Hamiltonian H(K) --- 
    C(  1) 2s       C(  1) 2px 
 C(  1) 2s       (2.162413844322124+0j)         (1.966283228321767+0.1145229566172099j)          
 C(  1) 2s       (1.966283228321767-0.1145229566172099j)         (-2.162413844322124+0j)          
#	******* Energies (in eV)  and Occupation Numbers ******* 
1:--->  -2.924964764862614  [2 Electrons] 
2:--->  2.924964764862614  [0 Electrons] 
Total_Energy: 0.0 
 
 
;***& Kpoint: 35 (0.3333333333333333 0.3333333333333333 ) Weight: 0.000000 
 
;		 --- Hamiltonian H(K) --- 
    C(  1) 2s       C(  1) 2px 
 C(  1) 2s       (1.6547005383792515+0j)         (1.7057370639048868+0.3007674663608705j)          
 C(  1) 2s       (1.7057370639048868-0.3007674663608705j)         (-1.6547005383792515+0j)          
#	******* Energies (in eV)  and Occupation Numbers ******* 
1:--->  -2.395419351953346  [2 Electrons] 
2:--->  2.395419351953345  [0 Electrons] 
Total_Energy: -8.881784197001252e-16 
 
 
;***& Kpoint: 36 (0.4444444444444444 0.3333333333333333 ) Weight: 0.000000 
 
;		 --- Hamiltonian H(K) --- 
    C(  1) 2s       C(  1) 2px 
 C(  1) 2s       (0.8768386249490455+0j)         (1.2315675774520936+0.36870712880946793j)          
 C(  1) 2s       (1.2315675774520936-0.36870712880946793j)         (-0.8768386249490455+0j)          
#	******* Energies (in eV)  and Occupation Numbers ******* 
1:--->  -1.5561329052714854  [2 Electrons] 
2:--->  1.5561329052714852  [0 Electrons] 
Total_Energy: -2.220446049250313e-16 
 
 
;***& Kpoint: 37 (0.5555555555555556 0.3333333333333333 ) Weight: 0.000000 
 
;		 --- Hamiltonian H(K) --- 
    C(  1) 2s       C(  1) 2px 
 C(  1) 2s       (0.19279833829770793+0j)         (0.6280968089582579+0.27093451669821933j)          
 C(  1) 2s       (0.6280968089582579-0.27093451669821933j)         (-0.19279833829770798+0j)          
#	******* Energies (in eV)  and Occupation Numbers ******* 
1:--->  -0.7106914330512234  [2 Electrons] 
2:--->  0.7106914330512233  [0 Electrons] 
Total_Energy: -1.1102230246251565e-16 
 
 
;***& Kpoint: 38 (0.6666666666666666 0.3333333333333333 ) Weight: 0.000000 
 
;		 --- Hamiltonian H(K) --- 
    C(  1) 2s       C(  1) 2px 
 C(  1) 2s       (-0.07735026918962568+0j)         (4.440892098500626e-16+0j)          
 C(  1) 2s       (4.440892098500626e-16+0j)         (0.07735026918962551+0j)          
#	******* Energies (in eV)  and Occupation Numbers ******* 
1:--->  -0.07735026918962568  [2 Electrons] 
2:--->  0.07735026918962551  [0 Electrons] 
Total_Energy: -1.6653345369377348e-16 
 
 
;***& Kpoint: 39 (0.7777777777777777 0.3333333333333333 ) Weight: 0.000000 
 
;		 --- Hamiltonian H(K) --- 
    C(  1) 2s       C(  1) 2px 
 C(  1) 2s       (0.19279833829770748+0j)         (-0.5486845787018452-0.40848053424468267j)          
 C(  1) 2s       (-0.5486845787018452+0.40848053424468267j)         (-0.19279833829770754+0j)          
#	******* Energies (in eV)  and Occupation Numbers ******* 
1:--->  -0.7106914330512224  [2 Electrons] 
2:--->  0.7106914330512223  [0 Electrons] 
Total_Energy: -1.1102230246251565e-16 
 
 
;***& Kpoint: 40 (0.8888888888888888 0.3333333333333333 ) Weight: 0.000000 
 
;		 --- Hamiltonian H(K) --- 
    C(  1) 2s       C(  1) 2px 
 C(  1) 2s       (0.8768386249490452+0j)         (-0.9350935288314668-0.8822152441460378j)          
 C(  1) 2s       (-0.9350935288314668+0.8822152441460378j)         (-0.8768386249490452+0j)          
#	******* Energies (in eV)  and Occupation Numbers ******* 
1:--->  -1.5561329052714843  [2 Electrons] 
2:--->  1.5561329052714843  [0 Electrons] 
Total_Energy: 0.0 
 
 
;***& Kpoint: 41 (1.0 0.3333333333333333 ) Weight: 0.000000 
 
;		 --- Hamiltonian H(K) --- 
    C(  1) 2s       C(  1) 2px 
 C(  1) 2s       (1.6547005383792515+0j)         (-1.1133407984528385-1.3268278963378772j)          
 C(  1) 2s       (-1.1133407984528385+1.3268278963378772j)         (-1.6547005383792515+0j)          
#	******* Energies (in eV)  and Occupation Numbers ******* 
1:--->  -2.3954193519533455  [2 Electrons] 
2:--->  2.3954193519533455  [0 Electrons] 
Total_Energy: 0.0 
 
 
;***& Kpoint: 42 (0.0 0.4444444444444444 ) Weight: 0.000000 
 
;		 --- Hamiltonian H(K) --- 
    C(  1) 2s       C(  1) 2px 
 C(  1) 2s       (0.9560268577675584+0j)         (0.9075139506944826-0.6462568731945986j)          
 C(  1) 2s       (0.9075139506944826+0.6462568731945986j)         (-0.9560268577675585+0j)          
#	******* Energies (in eV)  and Occupation Numbers ******* 
1:--->  -1.468065689820888  [2 Electrons] 
2:--->  1.4680656898208877  [0 Electrons] 
Total_Energy: -2.220446049250313e-16 
 
 
;***& Kpoint: 43 (0.1111111111111111 0.4444444444444444 ) Weight: 0.000000 
 
;		 --- Hamiltonian H(K) --- 
    C(  1) 2s       C(  1) 2px 
 C(  1) 2s       (1.7338887711977646+0j)         (1.2315675774520936-0.368707128809468j)          
 C(  1) 2s       (1.2315675774520936+0.368707128809468j)         (-1.7338887711977646+0j)          
#	******* Energies (in eV)  and Occupation Numbers ******* 
1:--->  -2.1584888036660828  [2 Electrons] 
2:--->  2.1584888036660823  [0 Electrons] 
Total_Energy: -4.440892098500626e-16 
 
 
;***& Kpoint: 44 (0.2222222222222222 0.4444444444444444 ) Weight: 0.000000 
 
;		 --- Hamiltonian H(K) --- 
    C(  1) 2s       C(  1) 2px 
 C(  1) 2s       (2.0410904329000563+0j)         (1.347296355333861+0j)          
 C(  1) 2s       (1.347296355333861+0j)         (-2.0410904329000563+0j)          
#	******* Energies (in eV)  and Occupation Numbers ******* 
1:--->  -2.4456609790345114  [2 Electrons] 
2:--->  2.4456609790345114  [0 Electrons] 
Total_Energy: 0.0 
 
 
;***& Kpoint: 45 (0.3333333333333333 0.4444444444444444 ) Weight: 0.000000 
 
;		 --- Hamiltonian H(K) --- 
    C(  1) 2s       C(  1) 2px 
 C(  1) 2s       (1.7338887711977646+0j)         (1.2315675774520936+0.368707128809468j)          
 C(  1) 2s       (1.2315675774520936-0.368707128809468j)         (-1.7338887711977646+0j)          
#	******* Energies (in eV)  and Occupation Numbers ******* 
1:--->  -2.1584888036660828  [2 Electrons] 
2:--->  2.1584888036660823  [0 Electrons] 
Total_Energy: -4.440892098500626e-16 
 
 
;***& Kpoint: 46 (0.4444444444444444 0.4444444444444444 ) Weight: 0.000000 
 
;		 --- Hamiltonian H(K) --- 
    C(  1) 2s       C(  1) 2px 
 C(  1) 2s       (0.9560268577675584+0j)         (0.9075139506944826+0.6462568731945986j)          
 C(  1) 2s       (0.9075139506944826-0.6462568731945986j)         (-0.9560268577675585+0j)          
#	******* Energies (in eV)  and Occupation Numbers ******* 
1:--->  -1.468065689820888  [2 Electrons] 
2:--->  1.4680656898208877  [0 Electrons] 
Total_Energy: -2.220446049250313e-16 
 
 
;***& Kpoint: 47 (0.5555555555555556 0.4444444444444444 ) Weight: 0.000000 
 
;		 --- Hamiltonian H(K) --- 
    C(  1) 2s       C(  1) 2px 
 C(  1) 2s       (0.07147492687564039+0j)         (0.43969262078590887+0.7615699589143085j)          
 C(  1) 2s       (0.43969262078590887-0.7615699589143085j)         (-0.07147492687564044+0j)          
#	******* Energies (in eV)  and Occupation Numbers ******* 
1:--->  -0.8822851400007825  [2 Electrons] 
2:--->  0.8822851400007828  [0 Electrons] 
Total_Energy: 3.3306690738754696e-16 
 
 
;***& Kpoint: 48 (0.6666666666666666 0.4444444444444444 ) Weight: 0.000000 
 
;		 --- Hamiltonian H(K) --- 
    C(  1) 2s       C(  1) 2px 
 C(  1) 2s       (-0.505875342313985+0j)         (-0.0794122302564112+0.6794150509429022j)          
 C(  1) 2s       (-0.0794122302564112-0.6794150509429022j)         (0.505875342313985+0j)          
#	******* Energies (in eV)  and Occupation Numbers ******* 
1:--->  -0.8507766896920339  [2 Electrons] 
2:--->  0.8507766896920339  [0 Electrons] 
Total_Energy: 0.0 
 
 
;***& Kpoint: 49 (0.7777777777777777 0.4444444444444444 ) Weight: 0.000000 
 
;		 --- Hamiltonian H(K) --- 
    C(  1) 2s       C(  1) 2px 
 C(  1) 2s       (-0.5058753423139855+0j)         (-0.5486845787018453+0.4084805342446829j)          
 C(  1) 2s       (-0.5486845787018453-0.4084805342446829j)         (0.5058753423139855+0j)          
#	******* Energies (in eV)  and Occupation Numbers ******* 
1:--->  -0.8507766896920337  [2 Electrons] 
2:--->  0.8507766896920338  [0 Electrons] 
Total_Energy: 1.1102230246251565e-16 
 
 
;***& Kpoint: 50 (0.8888888888888888 0.4444444444444444 ) Weight: 0.000000 
 
;		 --- Hamiltonian H(K) --- 
    C(  1) 2s       C(  1) 2px 
 C(  1) 2s       (0.07147492687564022+0j)         (-0.8793852415718164+0j)          
 C(  1) 2s       (-0.8793852415718164+0j)         (-0.07147492687564028+0j)          
#	******* Energies (in eV)  and Occupation Numbers ******* 
1:--->  -0.8822851400007822  [2 Electrons] 
2:--->  0.8822851400007825  [0 Electrons] 
Total_Energy: 3.3306690738754696e-16 
 
 
;***& Kpoint: 51 (1.0 0.4444444444444444 ) Weight: 0.000000 
 
;		 --- Hamiltonian H(K) --- 
    C(  1) 2s       C(  1) 2px 
 C(  1) 2s       (0.9560268577675581+0j)         (-1.0134318449040622-0.46280169899290113j)          
 C(  1) 2s       (-1.0134318449040622+0.46280169899290113j)         (-0.9560268577675581+0j)          
#	******* Energies (in eV)  and Occupation Numbers ******* 
1:--->  -1.4680656898208875  [2 Electrons] 
2:--->  1.4680656898208875  [0 Electrons] 
Total_Energy: 0.0 
 
 
;***& Kpoint: 52 (0.0 0.5555555555555556 ) Weight: 0.000000 
 
;		 --- Hamiltonian H(K) --- 
    C(  1) 2s       C(  1) 2px 
 C(  1) 2s       (0.04397314223244175+0j)         (0.10591789420958031-1.1090585721874993j)          
 C(  1) 2s       (0.10591789420958031+1.1090585721874993j)         (-0.04397314223244181+0j)          
#	******* Energies (in eV)  and Occupation Numbers ******* 
1:--->  -1.1149722660650179  [2 Electrons] 
2:--->  1.1149722660650176  [0 Electrons] 
Total_Energy: -2.220446049250313e-16 
 
 
;***& Kpoint: 53 (0.1111111111111111 0.5555555555555556 ) Weight: 0.000000 
 
;		 --- Hamiltonian H(K) --- 
    C(  1) 2s       C(  1) 2px 
 C(  1) 2s       (0.9285250731243593+0j)         (0.43969262078590865-0.7615699589143087j)          
 C(  1) 2s       (0.43969262078590865+0.7615699589143087j)         (-0.9285250731243593+0j)          
#	******* Energies (in eV)  and Occupation Numbers ******* 
1:--->  -1.278857777282102  [2 Electrons] 
2:--->  1.2788577772821026  [0 Electrons] 
Total_Energy: 6.661338147750939e-16 
 
 
;***& Kpoint: 54 (0.2222222222222222 0.5555555555555556 ) Weight: 0.000000 
 
;		 --- Hamiltonian H(K) --- 
    C(  1) 2s       C(  1) 2px 
 C(  1) 2s       (1.5058753423139852+0j)         (0.6280968089582578-0.27093451669821955j)          
 C(  1) 2s       (0.6280968089582578+0.27093451669821955j)         (-1.5058753423139852+0j)          
#	******* Energies (in eV)  and Occupation Numbers ******* 
1:--->  -1.653956365915167  [2 Electrons] 
2:--->  1.653956365915167  [0 Electrons] 
Total_Energy: 0.0 
 
 
;***& Kpoint: 55 (0.3333333333333333 0.5555555555555556 ) Weight: 0.000000 
 
;		 --- Hamiltonian H(K) --- 
    C(  1) 2s       C(  1) 2px 
 C(  1) 2s       (1.5058753423139855+0j)         (0.6280968089582579+0.27093451669821933j)          
 C(  1) 2s       (0.6280968089582579-0.27093451669821933j)         (-1.5058753423139855+0j)          
#	******* Energies (in eV)  and Occupation Numbers ******* 
1:--->  -1.6539563659151675  [2 Electrons] 
2:--->  1.6539563659151675  [0 Electrons] 
Total_Energy: 0.0 
 
 
;***& Kpoint: 56 (0.4444444444444444 0.5555555555555556 ) Weight: 0.000000 
 
;		 --- Hamiltonian H(K) --- 
    C(  1) 2s       C(  1) 2px 
 C(  1) 2s       (0.9285250731243597+0j)         (0.43969262078590887+0.7615699589143085j)          
 C(  1) 2s       (0.43969262078590887-0.7615699589143085j)         (-0.9285250731243598+0j)          
#	******* Energies (in eV)  and Occupation Numbers ******* 
1:--->  -1.2788577772821026  [2 Electrons] 
2:--->  1.278857777282103  [0 Electrons] 
Total_Energy: 4.440892098500626e-16 
 
 
;***& Kpoint: 57 (0.5555555555555556 0.5555555555555556 ) Weight: 0.000000 
 
;		 --- Hamiltonian H(K) --- 
    C(  1) 2s       C(  1) 2px 
 C(  1) 2s       (0.04397314223244175+0j)         (0.10591789420958031+1.1090585721874993j)          
 C(  1) 2s       (0.10591789420958031-1.1090585721874993j)         (-0.04397314223244181+0j)          
#	******* Energies (in eV)  and Occupation Numbers ******* 
1:--->  -1.1149722660650179  [2 Electrons] 
2:--->  1.1149722660650176  [0 Electrons] 
Total_Energy: -2.220446049250313e-16 
 
 
;***& Kpoint: 58 (0.6666666666666666 0.5555555555555556 ) Weight: 0.000000 
 
;		 --- Hamiltonian H(K) --- 
    C(  1) 2s       C(  1) 2px 
 C(  1) 2s       (-0.7338887711977642+0j)         (-0.29647404862062576+1.2509223729555057j)          
 C(  1) 2s       (-0.29647404862062576-1.2509223729555057j)         (0.7338887711977642+0j)          
#	******* Energies (in eV)  and Occupation Numbers ******* 
1:--->  -1.480302797793851  [2 Electrons] 
2:--->  1.480302797793851  [0 Electrons] 
Total_Energy: 0.0 
 
 
;***& Kpoint: 59 (0.7777777777777777 0.5555555555555556 ) Weight: 0.000000 
 
;		 --- Hamiltonian H(K) --- 
    C(  1) 2s       C(  1) 2px 
 C(  1) 2s       (-1.0410904329000563+0j)         (-0.6736481776669296+1.1667928701453092j)          
 C(  1) 2s       (-0.6736481776669296-1.1667928701453092j)         (1.0410904329000563+0j)          
#	******* Energies (in eV)  and Occupation Numbers ******* 
1:--->  -1.702667541997536  [2 Electrons] 
2:--->  1.702667541997536  [0 Electrons] 
Total_Energy: 0.0 
 
 
;***& Kpoint: 60 (0.8888888888888888 0.5555555555555556 ) Weight: 0.000000 
 
;		 --- Hamiltonian H(K) --- 
    C(  1) 2s       C(  1) 2px 
 C(  1) 2s       (-0.7338887711977646+0j)         (-0.9350935288314669+0.882215244146038j)          
 C(  1) 2s       (-0.9350935288314669-0.882215244146038j)         (0.7338887711977646+0j)          
#	******* Energies (in eV)  and Occupation Numbers ******* 
1:--->  -1.4803027977938512  [2 Electrons] 
2:--->  1.4803027977938512  [0 Electrons] 
Total_Energy: 0.0 
 
 
;***& Kpoint: 61 (1.0 0.5555555555555556 ) Weight: 0.000000 
 
;		 --- Hamiltonian H(K) --- 
    C(  1) 2s       C(  1) 2px 
 C(  1) 2s       (0.043973142232441476+0j)         (-1.0134318449040622+0.46280169899290113j)          
 C(  1) 2s       (-1.0134318449040622-0.46280169899290113j)         (-0.04397314223244153+0j)          
#	******* Energies (in eV)  and Occupation Numbers ******* 
1:--->  -1.114972266065018  [2 Electrons] 
2:--->  1.1149722660650183  [0 Electrons] 
Total_Energy: 2.220446049250313e-16 
 
 
;***& Kpoint: 62 (0.0 0.6666666666666666 ) Weight: 0.000000 
 
;		 --- Hamiltonian H(K) --- 
    C(  1) 2s       C(  1) 2px 
 C(  1) 2s       (-0.6547005383792512+0j)         (-0.5923962654520469-1.6275953626987467j)          
 C(  1) 2s       (-0.5923962654520469+1.6275953626987467j)         (0.6547005383792512+0j)          
#	******* Energies (in eV)  and Occupation Numbers ******* 
1:--->  -1.8516567702881868  [2 Electrons] 
2:--->  1.8516567702881868  [0 Electrons] 
Total_Energy: 0.0 
 
 
;***& Kpoint: 63 (0.1111111111111111 0.6666666666666666 ) Weight: 0.000000 
 
;		 --- Hamiltonian H(K) --- 
    C(  1) 2s       C(  1) 2px 
 C(  1) 2s       (0.12316137505095476+0j)         (-0.2964740486206253-1.2509223729555052j)          
 C(  1) 2s       (-0.2964740486206253+1.2509223729555052j)         (-0.12316137505095476+0j)          
#	******* Energies (in eV)  and Occupation Numbers ******* 
1:--->  -1.2914613308073064  [2 Electrons] 
2:--->  1.2914613308073064  [0 Electrons] 
Total_Energy: 0.0 
 
 
;***& Kpoint: 64 (0.2222222222222222 0.6666666666666666 ) Weight: 0.000000 
 
;		 --- Hamiltonian H(K) --- 
    C(  1) 2s       C(  1) 2px 
 C(  1) 2s       (0.8072016617022924+0j)         (-0.0794122302564112-0.6794150509429021j)          
 C(  1) 2s       (-0.0794122302564112+0.6794150509429021j)         (-0.8072016617022924+0j)          
#	******* Energies (in eV)  and Occupation Numbers ******* 
1:--->  -1.0580574825674576  [2 Electrons] 
2:--->  1.0580574825674576  [0 Electrons] 
Total_Energy: 0.0 
 
 
;***& Kpoint: 65 (0.3333333333333333 0.6666666666666666 ) Weight: 0.000000 
 
;		 --- Hamiltonian H(K) --- 
    C(  1) 2s       C(  1) 2px 
 C(  1) 2s       (1.077350269189626+0j)         (4.440892098500626e-16+0j)          
 C(  1) 2s       (4.440892098500626e-16+0j)         (-1.0773502691896262+0j)          
#	******* Energies (in eV)  and Occupation Numbers ******* 
1:--->  -1.0773502691896262  [2 Electrons] 
2:--->  1.077350269189626  [0 Electrons] 
Total_Energy: -2.220446049250313e-16 
 
 
;***& Kpoint: 66 (0.4444444444444444 0.6666666666666666 ) Weight: 0.000000 
 
;		 --- Hamiltonian H(K) --- 
    C(  1) 2s       C(  1) 2px 
 C(  1) 2s       (0.8072016617022924+0j)         (-0.0794122302564112+0.6794150509429022j)          
 C(  1) 2s       (-0.0794122302564112-0.6794150509429022j)         (-0.8072016617022924+0j)          
#	******* Energies (in eV)  and Occupation Numbers ******* 
1:--->  -1.0580574825674576  [2 Electrons] 
2:--->  1.0580574825674576  [0 Electrons] 
Total_Energy: 0.0 
 
 
;***& Kpoint: 67 (0.5555555555555556 0.6666666666666666 ) Weight: 0.000000 
 
;		 --- Hamiltonian H(K) --- 
    C(  1) 2s       C(  1) 2px 
 C(  1) 2s       (0.12316137505095459+0j)         (-0.29647404862062576+1.2509223729555057j)          
 C(  1) 2s       (-0.29647404862062576-1.2509223729555057j)         (-0.12316137505095459+0j)          
#	******* Energies (in eV)  and Occupation Numbers ******* 
1:--->  -1.2914613308073069  [2 Electrons] 
2:--->  1.2914613308073069  [0 Electrons] 
Total_Energy: 0.0 
 
 
;***& Kpoint: 68 (0.6666666666666666 0.6666666666666666 ) Weight: 0.000000 
 
;		 --- Hamiltonian H(K) --- 
    C(  1) 2s       C(  1) 2px 
 C(  1) 2s       (-0.6547005383792512+0j)         (-0.5923962654520469+1.6275953626987467j)          
 C(  1) 2s       (-0.5923962654520469-1.6275953626987467j)         (0.6547005383792512+0j)          
#	******* Energies (in eV)  and Occupation Numbers ******* 
1:--->  -1.8516567702881868  [2 Electrons] 
2:--->  1.8516567702881868  [0 Electrons] 
Total_Energy: 0.0 
 
 
;***& Kpoint: 69 (0.7777777777777777 0.6666666666666666 ) Weight: 0.000000 
 
;		 --- Hamiltonian H(K) --- 
    C(  1) 2s       C(  1) 2px 
 C(  1) 2s       (-1.1624138443221237+0j)         (-0.8839618244138758+1.7601127050705316j)          
 C(  1) 2s       (-0.8839618244138758-1.7601127050705316j)         (1.1624138443221237+0j)          
#	******* Energies (in eV)  and Occupation Numbers ******* 
1:--->  -2.287048575575856  [2 Electrons] 
2:--->  2.287048575575856  [0 Electrons] 
Total_Energy: 0.0 
 
 
;***& Kpoint: 70 (0.8888888888888888 0.6666666666666666 ) Weight: 0.000000 
 
;		 --- Hamiltonian H(K) --- 
    C(  1) 2s       C(  1) 2px 
 C(  1) 2s       (-1.1624138443221241+0j)         (-1.0823214039078901+1.6455897484533222j)          
 C(  1) 2s       (-1.0823214039078901-1.6455897484533222j)         (1.1624138443221241+0j)          
#	******* Energies (in eV)  and Occupation Numbers ******* 
1:--->  -2.287048575575856  [2 Electrons] 
2:--->  2.2870485755758567  [0 Electrons] 
Total_Energy: 8.881784197001252e-16 
 
 
;***& Kpoint: 71 (1.0 0.6666666666666666 ) Weight: 0.000000 
 
;		 --- Hamiltonian H(K) --- 
    C(  1) 2s       C(  1) 2px 
 C(  1) 2s       (-0.6547005383792515+0j)         (-1.1133407984528385+1.3268278963378761j)          
 C(  1) 2s       (-1.1133407984528385-1.3268278963378761j)         (0.6547005383792515+0j)          
#	******* Energies (in eV)  and Occupation Numbers ******* 
1:--->  -1.851656770288187  [2 Electrons] 
2:--->  1.851656770288187  [0 Electrons] 
Total_Energy: 0.0 
 
 
;***& Kpoint: 72 (0.0 0.7777777777777777 ) Weight: 0.000000 
 
;		 --- Hamiltonian H(K) --- 
    C(  1) 2s       C(  1) 2px 
 C(  1) 2s       (-0.8130770040162774+0j)         (-1.1095280155628942-2.112709230667766j)          
 C(  1) 2s       (-1.1095280155628942+2.112709230667766j)         (0.8130770040162774+0j)          
#	******* Energies (in eV)  and Occupation Numbers ******* 
1:--->  -2.5210487748410983  [2 Electrons] 
2:--->  2.5210487748410983  [0 Electrons] 
Total_Energy: 0.0 
 
 
;***& Kpoint: 73 (0.1111111111111111 0.7777777777777777 ) Weight: 0.000000 
 
;		 --- Hamiltonian H(K) --- 
    C(  1) 2s       C(  1) 2px 
 C(  1) 2s       (-0.30536369807340447+0j)         (-0.8839618244138758-1.7601127050705316j)          
 C(  1) 2s       (-0.8839618244138758+1.7601127050705316j)         (0.30536369807340447+0j)          
#	******* Energies (in eV)  and Occupation Numbers ******* 
1:--->  -1.9931463141658412  [2 Electrons] 
2:--->  1.9931463141658412  [0 Electrons] 
Total_Energy: 0.0 
 
 
;***& Kpoint: 74 (0.2222222222222222 0.7777777777777777 ) Weight: 0.000000 
 
;		 --- Hamiltonian H(K) --- 
    C(  1) 2s       C(  1) 2px 
 C(  1) 2s       (0.27198657111622115+0j)         (-0.6736481776669292-1.1667928701453083j)          
 C(  1) 2s       (-0.6736481776669292+1.1667928701453083j)         (-0.27198657111622115+0j)          
#	******* Energies (in eV)  and Occupation Numbers ******* 
1:--->  -1.3744759597619232  [2 Electrons] 
2:--->  1.3744759597619232  [0 Electrons] 
Total_Energy: 0.0 
 
 
;***& Kpoint: 75 (0.3333333333333333 0.7777777777777777 ) Weight: 0.000000 
 
;		 --- Hamiltonian H(K) --- 
    C(  1) 2s       C(  1) 2px 
 C(  1) 2s       (0.6488251960652667+0j)         (-0.5486845787018452-0.40848053424468267j)          
 C(  1) 2s       (-0.5486845787018452+0.40848053424468267j)         (-0.6488251960652667+0j)          
#	******* Energies (in eV)  and Occupation Numbers ******* 
1:--->  -0.9428071111373597  [2 Electrons] 
2:--->  0.9428071111373603  [0 Electrons] 
Total_Energy: 5.551115123125783e-16 
 
 
;***& Kpoint: 76 (0.4444444444444444 0.7777777777777777 ) Weight: 0.000000 
 
;		 --- Hamiltonian H(K) --- 
    C(  1) 2s       C(  1) 2px 
 C(  1) 2s       (0.6488251960652665+0j)         (-0.5486845787018453+0.4084805342446829j)          
 C(  1) 2s       (-0.5486845787018453-0.4084805342446829j)         (-0.6488251960652665+0j)          
#	******* Energies (in eV)  and Occupation Numbers ******* 
1:--->  -0.9428071111373602  [2 Electrons] 
2:--->  0.9428071111373602  [0 Electrons] 
Total_Energy: 0.0 
 
 
;***& Kpoint: 77 (0.5555555555555556 0.7777777777777777 ) Weight: 0.000000 
 
;		 --- Hamiltonian H(K) --- 
    C(  1) 2s       C(  1) 2px 
 C(  1) 2s       (0.27198657111622077+0j)         (-0.6736481776669296+1.1667928701453092j)          
 C(  1) 2s       (-0.6736481776669296-1.1667928701453092j)         (-0.27198657111622077+0j)          
#	******* Energies (in eV)  and Occupation Numbers ******* 
1:--->  -1.3744759597619243  [2 Electrons] 
2:--->  1.3744759597619243  [0 Electrons] 
Total_Energy: 0.0 
 
 
;***& Kpoint: 78 (0.6666666666666666 0.7777777777777777 ) Weight: 0.000000 
 
;		 --- Hamiltonian H(K) --- 
    C(  1) 2s       C(  1) 2px 
 C(  1) 2s       (-0.30536369807340513+0j)         (-0.8839618244138758+1.7601127050705316j)          
 C(  1) 2s       (-0.8839618244138758-1.7601127050705316j)         (0.30536369807340513+0j)          
#	******* Energies (in eV)  and Occupation Numbers ******* 
1:--->  -1.9931463141658412  [2 Electrons] 
2:--->  1.9931463141658408  [0 Electrons] 
Total_Energy: -4.440892098500626e-16 
 
 
;***& Kpoint: 79 (0.7777777777777777 0.7777777777777777 ) Weight: 0.000000 
 
;		 --- Hamiltonian H(K) --- 
    C(  1) 2s       C(  1) 2px 
 C(  1) 2s       (-0.8130770040162774+0j)         (-1.1095280155628942+2.112709230667766j)          
 C(  1) 2s       (-1.1095280155628942-2.112709230667766j)         (0.8130770040162774+0j)          
#	******* Energies (in eV)  and Occupation Numbers ******* 
1:--->  -2.5210487748410983  [2 Electrons] 
2:--->  2.5210487748410983  [0 Electrons] 
Total_Energy: 0.0 
 
 
;***& Kpoint: 80 (0.8888888888888888 0.7777777777777777 ) Weight: 0.000000 
 
;		 --- Hamiltonian H(K) --- 
    C(  1) 2s       C(  1) 2px 
 C(  1) 2s       (-1.0135886482568583+0j)         (-1.2660444431189775+2.192853300122315j)          
 C(  1) 2s       (-1.2660444431189775-2.192853300122315j)         (1.0135886482568583+0j)          
#	******* Energies (in eV)  and Occupation Numbers ******* 
1:--->  -2.7274229733733883  [2 Electrons] 
2:--->  2.7274229733733883  [0 Electrons] 
Total_Energy: 0.0 
 
 
;***& Kpoint: 81 (1.0 0.7777777777777777 ) Weight: 0.000000 
 
;		 --- Hamiltonian H(K) --- 
    C(  1) 2s       C(  1) 2px 
 C(  1) 2s       (-0.8130770040162776+0j)         (-1.2748958567867157+2.0172340630218857j)          
 C(  1) 2s       (-1.2748958567867157-2.0172340630218857j)         (0.8130770040162776+0j)          
#	******* Energies (in eV)  and Occupation Numbers ******* 
1:--->  -2.521048774841099  [2 Electrons] 
2:--->  2.521048774841099  [0 Electrons] 
Total_Energy: 0.0 
 
 
;***& Kpoint: 82 (0.0 0.8888888888888888 ) Weight: 0.000000 
 
;		 --- Hamiltonian H(K) --- 
    C(  1) 2s       C(  1) 2px 
 C(  1) 2s       (-0.35705014624871934+0j)         (-1.4090942768351167-2.4654880027017834j)          
 C(  1) 2s       (-1.4090942768351167+2.4654880027017834j)         (0.35705014624871956+0j)          
#	******* Energies (in eV)  and Occupation Numbers ******* 
1:--->  -2.8621080656418516  [2 Electrons] 
2:--->  2.862108065641852  [0 Electrons] 
Total_Energy: 4.440892098500626e-16 
 
 
;***& Kpoint: 83 (0.1111111111111111 0.8888888888888888 ) Weight: 0.000000 
 
;		 --- Hamiltonian H(K) --- 
    C(  1) 2s       C(  1) 2px 
 C(  1) 2s       (-0.1565385020081388+0j)         (-1.2660444431189777-2.192853300122315j)          
 C(  1) 2s       (-1.2660444431189777+2.192853300122315j)         (0.15653850200813896+0j)          
#	******* Energies (in eV)  and Occupation Numbers ******* 
1:--->  -2.5369230241417893  [2 Electrons] 
2:--->  2.5369230241417893  [0 Electrons] 
Total_Energy: 0.0 
 
 
;***& Kpoint: 84 (0.2222222222222222 0.8888888888888888 ) Weight: 0.000000 
 
;		 --- Hamiltonian H(K) --- 
    C(  1) 2s       C(  1) 2px 
 C(  1) 2s       (0.15066315969415334+0j)         (-1.0823214039078901-1.6455897484533222j)          
 C(  1) 2s       (-1.0823214039078901+1.6455897484533222j)         (-0.15066315969415334+0j)          
#	******* Energies (in eV)  and Occupation Numbers ******* 
1:--->  -1.9753694918320575  [2 Electrons] 
2:--->  1.9753694918320575  [0 Electrons] 
Total_Energy: 0.0 
 
 
;***& Kpoint: 85 (0.3333333333333333 0.8888888888888888 ) Weight: 0.000000 
 
;		 --- Hamiltonian H(K) --- 
    C(  1) 2s       C(  1) 2px 
 C(  1) 2s       (0.420811767181487+0j)         (-0.9350935288314667-0.8822152441460379j)          
 C(  1) 2s       (-0.9350935288314667+0.8822152441460379j)         (-0.420811767181487+0j)          
#	******* Energies (in eV)  and Occupation Numbers ******* 
1:--->  -1.3526958963730702  [2 Electrons] 
2:--->  1.3526958963730702  [0 Electrons] 
Total_Energy: 0.0 
 
 
;***& Kpoint: 86 (0.4444444444444444 0.8888888888888888 ) Weight: 0.000000 
 
;		 --- Hamiltonian H(K) --- 
    C(  1) 2s       C(  1) 2px 
 C(  1) 2s       (0.5275017846431987+0j)         (-0.8793852415718164+0j)          
 C(  1) 2s       (-0.8793852415718164+0j)         (-0.5275017846431987+0j)          
#	******* Energies (in eV)  and Occupation Numbers ******* 
1:--->  -1.0254640588026875  [2 Electrons] 
2:--->  1.0254640588026875  [0 Electrons] 
Total_Energy: 0.0 
 
 
;***& Kpoint: 87 (0.5555555555555556 0.8888888888888888 ) Weight: 0.000000 
 
;		 --- Hamiltonian H(K) --- 
    C(  1) 2s       C(  1) 2px 
 C(  1) 2s       (0.4208117671814872+0j)         (-0.9350935288314668+0.882215244146038j)          
 C(  1) 2s       (-0.9350935288314668-0.882215244146038j)         (-0.4208117671814872+0j)          
#	******* Energies (in eV)  and Occupation Numbers ******* 
1:--->  -1.3526958963730709  [2 Electrons] 
2:--->  1.3526958963730709  [0 Electrons] 
Total_Energy: 0.0 
 
 
;***& Kpoint: 88 (0.6666666666666666 0.8888888888888888 ) Weight: 0.000000 
 
;		 --- Hamiltonian H(K) --- 
    C(  1) 2s       C(  1) 2px 
 C(  1) 2s       (0.15066315969415334+0j)         (-1.0823214039078901+1.6455897484533222j)          
 C(  1) 2s       (-1.0823214039078901-1.6455897484533222j)         (-0.15066315969415334+0j)          
#	******* Energies (in eV)  and Occupation Numbers ******* 
1:--->  -1.9753694918320575  [2 Electrons] 
2:--->  1.9753694918320575  [0 Electrons] 
Total_Energy: 0.0 
 
 
;***& Kpoint: 89 (0.7777777777777777 0.8888888888888888 ) Weight: 0.000000 
 
;		 --- Hamiltonian H(K) --- 
    C(  1) 2s       C(  1) 2px 
 C(  1) 2s       (-0.15653850200813857+0j)         (-1.2660444431189775+2.192853300122315j)          
 C(  1) 2s       (-1.2660444431189775-2.192853300122315j)         (0.15653850200813874+0j)          
#	******* Energies (in eV)  and Occupation Numbers ******* 
1:--->  -2.5369230241417893  [2 Electrons] 
2:--->  2.5369230241417893  [0 Electrons] 
Total_Energy: 0.0 
 
 
;***& Kpoint: 90 (0.8888888888888888 0.8888888888888888 ) Weight: 0.000000 
 
;		 --- Hamiltonian H(K) --- 
    C(  1) 2s       C(  1) 2px 
 C(  1) 2s       (-0.35705014624871934+0j)         (-1.4090942768351167+2.4654880027017834j)          
 C(  1) 2s       (-1.4090942768351167-2.4654880027017834j)         (0.35705014624871956+0j)          
#	******* Energies (in eV)  and Occupation Numbers ******* 
1:--->  -2.8621080656418516  [2 Electrons] 
2:--->  2.862108065641852  [0 Electrons] 
Total_Energy: 4.440892098500626e-16 
 
 
;***& Kpoint: 91 (1.0 0.8888888888888888 ) Weight: 0.000000 
 
;		 --- Hamiltonian H(K) --- 
    C(  1) 2s       C(  1) 2px 
 C(  1) 2s       (-0.35705014624871945+0j)         (-1.430628104647943+2.4530554414173653j)          
 C(  1) 2s       (-1.430628104647943-2.4530554414173653j)         (0.35705014624871967+0j)          
#	******* Energies (in eV)  and Occupation Numbers ******* 
1:--->  -2.8621080656418516  [2 Electrons] 
2:--->  2.862108065641852  [0 Electrons] 
Total_Energy: 4.440892098500626e-16 
 
 
;***& Kpoint: 92 (0.0 1.0 ) Weight: 0.000000 
 
;		 --- Hamiltonian H(K) --- 
    C(  1) 2s       C(  1) 2px 
 C(  1) 2s       (0.4999999999999998+0j)         (-1.5-2.598076211353316j)          
 C(  1) 2s       (-1.5+2.598076211353316j)         (-0.49999999999999956+0j)          
#	******* Energies (in eV)  and Occupation Numbers ******* 
1:--->  -3.0413812651491092  [2 Electrons] 
2:--->  3.0413812651491092  [0 Electrons] 
Total_Energy: 0.0 
 
 
;***& Kpoint: 93 (0.1111111111111111 1.0 ) Weight: 0.000000 
 
;		 --- Hamiltonian H(K) --- 
    C(  1) 2s       C(  1) 2px 
 C(  1) 2s       (0.4999999999999997+0j)         (-1.4306281046479432-2.4530554414173653j)          
 C(  1) 2s       (-1.4306281046479432+2.4530554414173653j)         (-0.4999999999999995+0j)          
#	******* Energies (in eV)  and Occupation Numbers ******* 
1:--->  -2.8834315966354938  [2 Electrons] 
2:--->  2.8834315966354938  [0 Electrons] 
Total_Energy: 0.0 
 
 
;***& Kpoint: 94 (0.2222222222222222 1.0 ) Weight: 0.000000 
 
;		 --- Hamiltonian H(K) --- 
    C(  1) 2s       C(  1) 2px 
 C(  1) 2s       (0.4999999999999998+0j)         (-1.2748958567867161-2.0172340630218857j)          
 C(  1) 2s       (-1.2748958567867161+2.0172340630218857j)         (-0.4999999999999997+0j)          
#	******* Energies (in eV)  and Occupation Numbers ******* 
1:--->  -2.4381535453428107  [2 Electrons] 
2:--->  2.438153545342811  [0 Electrons] 
Total_Energy: 4.440892098500626e-16 
 
 
;***& Kpoint: 95 (0.3333333333333333 1.0 ) Weight: 0.000000 
 
;		 --- Hamiltonian H(K) --- 
    C(  1) 2s       C(  1) 2px 
 C(  1) 2s       (0.4999999999999998+0j)         (-1.1133407984528385-1.3268278963378772j)          
 C(  1) 2s       (-1.1133407984528385+1.3268278963378772j)         (-0.4999999999999998+0j)          
#	******* Energies (in eV)  and Occupation Numbers ******* 
1:--->  -1.8027756377319948  [2 Electrons] 
2:--->  1.8027756377319948  [0 Electrons] 
Total_Energy: 0.0 
 
 
;***& Kpoint: 96 (0.4444444444444444 1.0 ) Weight: 0.000000 
 
;		 --- Hamiltonian H(K) --- 
    C(  1) 2s       C(  1) 2px 
 C(  1) 2s       (0.49999999999999994+0j)         (-1.013431844904062-0.46280169899290113j)          
 C(  1) 2s       (-1.013431844904062+0.46280169899290113j)         (-0.5+0j)          
#	******* Energies (in eV)  and Occupation Numbers ******* 
1:--->  -1.2211590874478093  [2 Electrons] 
2:--->  1.2211590874478098  [0 Electrons] 
Total_Energy: 4.440892098500626e-16 
 
 
;***& Kpoint: 97 (0.5555555555555556 1.0 ) Weight: 0.000000 
 
;		 --- Hamiltonian H(K) --- 
    C(  1) 2s       C(  1) 2px 
 C(  1) 2s       (0.49999999999999994+0j)         (-1.013431844904062+0.4628016989929012j)          
 C(  1) 2s       (-1.013431844904062-0.4628016989929012j)         (-0.5+0j)          
#	******* Energies (in eV)  and Occupation Numbers ******* 
1:--->  -1.2211590874478093  [2 Electrons] 
2:--->  1.2211590874478098  [0 Electrons] 
Total_Energy: 4.440892098500626e-16 
 
 
;***& Kpoint: 98 (0.6666666666666666 1.0 ) Weight: 0.000000 
 
;		 --- Hamiltonian H(K) --- 
    C(  1) 2s       C(  1) 2px 
 C(  1) 2s       (0.4999999999999999+0j)         (-1.1133407984528385+1.3268278963378761j)          
 C(  1) 2s       (-1.1133407984528385-1.3268278963378761j)         (-0.4999999999999999+0j)          
#	******* Energies (in eV)  and Occupation Numbers ******* 
1:--->  -1.8027756377319943  [2 Electrons] 
2:--->  1.802775637731994  [0 Electrons] 
Total_Energy: -4.440892098500626e-16 
 
 
;***& Kpoint: 99 (0.7777777777777777 1.0 ) Weight: 0.000000 
 
;		 --- Hamiltonian H(K) --- 
    C(  1) 2s       C(  1) 2px 
 C(  1) 2s       (0.49999999999999983+0j)         (-1.2748958567867157+2.0172340630218857j)          
 C(  1) 2s       (-1.2748958567867157-2.0172340630218857j)         (-0.4999999999999998+0j)          
#	******* Energies (in eV)  and Occupation Numbers ******* 
1:--->  -2.4381535453428107  [2 Electrons] 
2:--->  2.438153545342811  [0 Electrons] 
Total_Energy: 4.440892098500626e-16 
 
 
;***& Kpoint: 100 (0.8888888888888888 1.0 ) Weight: 0.000000 
 
;		 --- Hamiltonian H(K) --- 
    C(  1) 2s       C(  1) 2px 
 C(  1) 2s       (0.49999999999999994+0j)         (-1.430628104647943+2.4530554414173653j)          
 C(  1) 2s       (-1.430628104647943-2.4530554414173653j)         (-0.4999999999999997+0j)          
#	******* Energies (in eV)  and Occupation Numbers ******* 
1:--->  -2.8834315966354933  [2 Electrons] 
2:--->  2.8834315966354938  [0 Electrons] 
Total_Energy: 4.440892098500626e-16 
 
 
;***& Kpoint: 101 (1.0 1.0 ) Weight: 0.000000 
 
;		 --- Hamiltonian H(K) --- 
    C(  1) 2s       C(  1) 2px 
 C(  1) 2s       (0.4999999999999998+0j)         (-1.5+2.598076211353316j)          
 C(  1) 2s       (-1.5-2.598076211353316j)         (-0.49999999999999956+0j)          
#	******* Energies (in eV)  and Occupation Numbers ******* 
1:--->  -3.0413812651491092  [2 Electrons] 
2:--->  3.0413812651491092  [0 Electrons] 
Total_Energy: 0.0 
 
 
;  The Fermi Level was determined for 217 K points based on 
;     an ordering of 3472 crystal orbitals occupied by 16.000000 electrons 
;      in the unit cell (3472.000000 electrons total) 
#Fermi_Energy:  0 
