#BIND_OUTPUT version: 3.0 
#JOB_TITLE: mp-47 
; ********* Atoms within the unit cell:  ********* 
# NUMBER OF ATOMS:  
	5 
# Crystallographic coordinates of atoms: 
   1    C 0.333333 0.666667 0.062772 
   2    C 0.666667 0.333333 0.562772 
  3    C 0.666667 0.333333 0.937228 
   4    C 0.333333 0.666667 0.437228 
   5    & 0.000000 0.000000 0.000000 
# ******** Extended Hueckel Parameters ******** 
;  FORMAT  quantum number orbital: Hii, <c1>, exponent1, <c2>, <exponent2> 
ATOM: C   Atomic number: 6  # Valence Electrons: 4 
	2S:   -35.7440     2.0083 
	2P:   -29.0014     1.9063 
ATOM: &   Atomic number: -1  # Valence Electrons: 0 
# CRYSTAL SPECIFICATION: 
#Cell Constants:  
2.5131 2.5131 4.1814  
# alpha:  90.0000 
# beta:  90.0000 
# gamma:  120.0000 
#Cell Volume: 22.8702 cubic Angstroms 
# Positions of atoms from crystal coordinates 
  1    C  -0.0000   1.4509   0.2625 
   2    C   1.2565   0.7255   2.3532 
   3    C   1.2565   0.7255   3.9189 
   4    C  -0.0000   1.4509   1.8282 
   5    &   0.0000   0.0000   0.0000 
; Number of orbitals 
#Num_Orbitals: 2 
; ------  Lattice Parameters ------ 
#Dimensionality: 1 
#Lattice Vectors 
(a) 2.513094 0.000000 0.000000 
(b) -1.256547 2.176403 0.000000 
(c) 0.000000 0.000000 4.181402 
; RHO = 22.627844 
;***& Kpoint: 1 (0.0 ) Weight: 0.000000 
 
;		 --- Hamiltonian H(K) --- 
    C(  1) 2s       C(  1) 2px 
 C(  1) 2s       (-0+0j)         (-3+0j)          
 C(  1) 2s       (-3+0j)         (-0+0j)          
#	******* Energies (in eV)  and Occupation Numbers ******* 
1:--->  -3.0  [2 Electrons] 
2:--->  3.0  [0 Electrons] 
Total_Energy: 0.0 
 
 
;***& Kpoint: 2 (0.1111111111111111 ) Weight: 0.000000 
 
;		 --- Hamiltonian H(K) --- 
    C(  1) 2s       C(  1) 2px 
 C(  1) 2s       (-0+0j)         (-2.532088886237956+1.2855752193730785j)          
 C(  1) 2s       (-2.532088886237956-1.2855752193730785j)         (-0+0j)          
#	******* Energies (in eV)  and Occupation Numbers ******* 
1:--->  -2.8397495967912225  [2 Electrons] 
2:--->  2.8397495967912225  [0 Electrons] 
Total_Energy: 0.0 
 
 
;***& Kpoint: 3 (0.2222222222222222 ) Weight: 0.000000 
 
;		 --- Hamiltonian H(K) --- 
    C(  1) 2s       C(  1) 2px 
 C(  1) 2s       (-0+0j)         (-1.3472963553338608+1.969615506024416j)          
 C(  1) 2s       (-1.3472963553338608-1.969615506024416j)         (-0+0j)          
#	******* Energies (in eV)  and Occupation Numbers ******* 
1:--->  -2.3863345764304973  [2 Electrons] 
2:--->  2.3863345764304973  [0 Electrons] 
Total_Energy: 0.0 
 
 
;***& Kpoint: 4 (0.3333333333333333 ) Weight: 0.000000 
 
;		 --- Hamiltonian H(K) --- 
    C(  1) 2s       C(  1) 2px 
 C(  1) 2s       (-0+0j)         (-4.440892098500626e-16+1.7320508075688774j)          
 C(  1) 2s       (-4.440892098500626e-16-1.7320508075688774j)         (-0+0j)          
#	******* Energies (in eV)  and Occupation Numbers ******* 
1:--->  -1.7320508075688774  [2 Electrons] 
2:--->  1.7320508075688774  [0 Electrons] 
Total_Energy: 0.0 
 
 
;***& Kpoint: 5 (0.4444444444444444 ) Weight: 0.000000 
 
;		 --- Hamiltonian H(K) --- 
    C(  1) 2s       C(  1) 2px 
 C(  1) 2s       0j         (0.8793852415718166+0.6840402866513378j)          
 C(  1) 2s       (0.8793852415718166-0.6840402866513378j)         0j          
#	******* Energies (in eV)  and Occupation Numbers ******* 
1:--->  -1.1141048051491236  [2 Electrons] 
2:--->  1.1141048051491236  [0 Electrons] 
Total_Energy: 0.0 
 
 
;***& Kpoint: 6 (0.5555555555555556 ) Weight: 0.000000 
 
;		 --- Hamiltonian H(K) --- 
    C(  1) 2s       C(  1) 2px 
 C(  1) 2s       0j         (0.8793852415718169-0.6840402866513373j)          
 C(  1) 2s       (0.8793852415718169+0.6840402866513373j)         0j          
#	******* Energies (in eV)  and Occupation Numbers ******* 
1:--->  -1.1141048051491236  [2 Electrons] 
2:--->  1.1141048051491236  [0 Electrons] 
Total_Energy: 0.0 
 
 
;***& Kpoint: 7 (0.6666666666666666 ) Weight: 0.000000 
 
;		 --- Hamiltonian H(K) --- 
    C(  1) 2s       C(  1) 2px 
 C(  1) 2s       0j         (8.881784197001252e-16-1.732050807568877j)          
 C(  1) 2s       (8.881784197001252e-16+1.732050807568877j)         0j          
#	******* Energies (in eV)  and Occupation Numbers ******* 
1:--->  -1.732050807568877  [2 Electrons] 
2:--->  1.732050807568877  [0 Electrons] 
Total_Energy: 0.0 
 
 
;***& Kpoint: 8 (0.7777777777777777 ) Weight: 0.000000 
 
;		 --- Hamiltonian H(K) --- 
    C(  1) 2s       C(  1) 2px 
 C(  1) 2s       0j         (-1.34729635533386-1.9696155060244163j)          
 C(  1) 2s       (-1.34729635533386+1.9696155060244163j)         0j          
#	******* Energies (in eV)  and Occupation Numbers ******* 
1:--->  -2.386334576430497  [2 Electrons] 
2:--->  2.386334576430497  [0 Electrons] 
Total_Energy: 0.0 
 
 
;***& Kpoint: 9 (0.8888888888888888 ) Weight: 0.000000 
 
;		 --- Hamiltonian H(K) --- 
    C(  1) 2s       C(  1) 2px 
 C(  1) 2s       0j         (-2.532088886237956-1.2855752193730792j)          
 C(  1) 2s       (-2.532088886237956+1.2855752193730792j)         0j          
#	******* Energies (in eV)  and Occupation Numbers ******* 
1:--->  -2.8397495967912225  [2 Electrons] 
2:--->  2.8397495967912225  [0 Electrons] 
Total_Energy: 0.0 
 
 
;  The Fermi Level was determined for 217 K points based on 
;     an ordering of 3472 crystal orbitals occupied by 16.000000 electrons 
;      in the unit cell (3472.000000 electrons total) 
#Fermi_Energy:  0 
