#BIND_OUTPUT version: 3.0 
#JOB_TITLE: mp-47 
; ********* Atoms within the unit cell:  ********* 
# NUMBER OF ATOMS:  
	5 
# Crystallographic coordinates of atoms: 
   1    C 0.333333 0.666667 0.062772 
   2    C 0.666667 0.333333 0.562772 
  3    C 0.666667 0.333333 0.937228 
   4    C 0.333333 0.666667 0.437228 
   5    & 0.000000 0.000000 0.000000 
# ******** Extended Hueckel Parameters ******** 
;  FORMAT  quantum number orbital: Hii, <c1>, exponent1, <c2>, <exponent2> 
ATOM: C   Atomic number: 6  # Valence Electrons: 4 
	2S:   -35.7440     2.0083 
	2P:   -29.0014     1.9063 
ATOM: &   Atomic number: -1  # Valence Electrons: 0 
# CRYSTAL SPECIFICATION: 
#Cell Constants:  
2.5131 2.5131 4.1814  
# alpha:  90.0000 
# beta:  90.0000 
# gamma:  120.0000 
#Cell Volume: 22.8702 cubic Angstroms 
# Positions of atoms from crystal coordinates 
  1    C  -0.0000   1.4509   0.2625 
   2    C   1.2565   0.7255   2.3532 
   3    C   1.2565   0.7255   3.9189 
   4    C  -0.0000   1.4509   1.8282 
   5    &   0.0000   0.0000   0.0000 
; Number of orbitals 
#Num_Orbitals: 4 
; ------  Lattice Parameters ------ 
#Dimensionality: 2 
#Lattice Vectors 
(a) 2.513094 0.000000 0.000000 
(b) -1.256547 2.176403 0.000000 
(c) 0.000000 0.000000 4.181402 
; RHO = 22.627844 
;***& Kpoint: 1 (0.0 0.0 ) Weight: 0.000000 
 
;		 --- Hamiltonian H(K) --- 
    C(  1) 2s       C(  1) 2px 
 C(  1) 2s       (0.8999999999999995+0j)         0j         0j         0j          
 C(  1) 2s       0j         (-0.8999999999999995+0j)         0j         0j          
 C(  1) 2s       0j         0j         (0.8999999999999995-0j)         -0j          
 C(  1) 2s       0j         0j         -0j         (-0.8999999999999995-0j)          
#	******* Energies (in eV)  and Occupation Numbers ******* 
1:--->  -0.8999999999999995  [2 Electrons] 
2:--->  -0.8999999999999995  [2 Electrons] 
3:--->  0.8999999999999995  [0 Electrons] 
4:--->  0.8999999999999995  [0 Electrons] 
Total_Energy: 0.0 
 
 
;***& Kpoint: 2 (0.0 0.0 ) Weight: 0.000000 
 
;		 --- Hamiltonian H(K) --- 
    C(  1) 2s       C(  1) 2px 
 C(  1) 2s       (0.8999999999999995+0j)         0j         0j         0j          
 C(  1) 2s       0j         (-0.8999999999999995+0j)         0j         0j          
 C(  1) 2s       0j         0j         (0.8999999999999995-0j)         -0j          
 C(  1) 2s       0j         0j         -0j         (-0.8999999999999995-0j)          
#	******* Energies (in eV)  and Occupation Numbers ******* 
1:--->  -0.8999999999999995  [2 Electrons] 
2:--->  -0.8999999999999995  [2 Electrons] 
3:--->  0.8999999999999995  [0 Electrons] 
4:--->  0.8999999999999995  [0 Electrons] 
Total_Energy: 0.0 
 
 
;***& Kpoint: 3 (0.05555555555555555 0.0 ) Weight: 0.000000 
 
;		 --- Hamiltonian H(K) --- 
    C(  1) 2s       C(  1) 2px 
 C(  1) 2s       (0.7793852415718163+0j)         (0.17101007166283436+0j)         0j         0j          
 C(  1) 2s       (0.17101007166283436+0j)         (-0.7793852415718163+0j)         0j         0j          
 C(  1) 2s       0j         0j         (0.7793852415718163-0j)         (-0.17101007166283436-0j)          
 C(  1) 2s       0j         0j         (-0.17101007166283436-0j)         (-0.7793852415718163-0j)          
#	******* Energies (in eV)  and Occupation Numbers ******* 
1:--->  -0.7979259360304602  [2 Electrons] 
2:--->  -0.7979259360304602  [2 Electrons] 
3:--->  0.7979259360304604  [0 Electrons] 
4:--->  0.7979259360304604  [0 Electrons] 
Total_Energy: 2.220446049250313e-16 
 
 
;***& Kpoint: 4 (0.1111111111111111 0.0 ) Weight: 0.000000 
 
;		 --- Hamiltonian H(K) --- 
    C(  1) 2s       C(  1) 2px 
 C(  1) 2s       (0.4320888862379555+0j)         (0.3213938048432696+0j)         0j         0j          
 C(  1) 2s       (0.3213938048432696+0j)         (-0.4320888862379555+0j)         0j         0j          
 C(  1) 2s       0j         0j         (0.4320888862379555-0j)         (-0.3213938048432696-0j)          
 C(  1) 2s       0j         0j         (-0.3213938048432696-0j)         (-0.4320888862379555-0j)          
#	******* Energies (in eV)  and Occupation Numbers ******* 
1:--->  -0.5385116372020111  [2 Electrons] 
2:--->  -0.5385116372020111  [2 Electrons] 
3:--->  0.5385116372020112  [0 Electrons] 
4:--->  0.5385116372020112  [0 Electrons] 
Total_Energy: 2.220446049250313e-16 
 
 
;***& Kpoint: 5 (0.16666666666666666 0.0 ) Weight: 0.000000 
 
;		 --- Hamiltonian H(K) --- 
    C(  1) 2s       C(  1) 2px 
 C(  1) 2s       (-0.10000000000000053+0j)         (0.4330127018922193+0j)         0j         0j          
 C(  1) 2s       (0.4330127018922193+0j)         (0.10000000000000053+0j)         0j         0j          
 C(  1) 2s       0j         0j         (-0.10000000000000053-0j)         (-0.4330127018922193-0j)          
 C(  1) 2s       0j         0j         (-0.4330127018922193-0j)         (0.10000000000000053-0j)          
#	******* Energies (in eV)  and Occupation Numbers ******* 
1:--->  -0.44440972086577923  [2 Electrons] 
2:--->  -0.44440972086577923  [2 Electrons] 
3:--->  0.44440972086577957  [0 Electrons] 
4:--->  0.44440972086577957  [0 Electrons] 
Total_Energy: 6.661338147750939e-16 
 
 
;***& Kpoint: 6 (0.2222222222222222 0.0 ) Weight: 0.000000 
 
;		 --- Hamiltonian H(K) --- 
    C(  1) 2s       C(  1) 2px 
 C(  1) 2s       (-0.7527036446661395+0j)         (0.492403876506104+0j)         0j         0j          
 C(  1) 2s       (0.492403876506104+0j)         (0.7527036446661395+0j)         0j         0j          
 C(  1) 2s       0j         0j         (-0.7527036446661395-0j)         (-0.492403876506104-0j)          
 C(  1) 2s       0j         0j         (-0.492403876506104-0j)         (0.7527036446661395-0j)          
#	******* Energies (in eV)  and Occupation Numbers ******* 
1:--->  -0.89945781129074  [2 Electrons] 
2:--->  -0.89945781129074  [2 Electrons] 
3:--->  0.8994578112907401  [0 Electrons] 
4:--->  0.8994578112907401  [0 Electrons] 
Total_Energy: 2.220446049250313e-16 
 
 
;***& Kpoint: 7 (0.2777777777777778 0.0 ) Weight: 0.000000 
 
;		 --- Hamiltonian H(K) --- 
    C(  1) 2s       C(  1) 2px 
 C(  1) 2s       (-1.4472963553338611+0j)         (0.492403876506104+0j)         0j         0j          
 C(  1) 2s       (0.492403876506104+0j)         (1.4472963553338611+0j)         0j         0j          
 C(  1) 2s       0j         0j         (-1.4472963553338611-0j)         (-0.492403876506104-0j)          
 C(  1) 2s       0j         0j         (-0.492403876506104-0j)         (1.4472963553338611-0j)          
#	******* Energies (in eV)  and Occupation Numbers ******* 
1:--->  -1.5287669272197502  [2 Electrons] 
2:--->  -1.5287669272197502  [2 Electrons] 
3:--->  1.5287669272197502  [0 Electrons] 
4:--->  1.5287669272197502  [0 Electrons] 
Total_Energy: 0.0 
 
 
;***& Kpoint: 8 (0.3333333333333333 0.0 ) Weight: 0.000000 
 
;		 --- Hamiltonian H(K) --- 
    C(  1) 2s       C(  1) 2px 
 C(  1) 2s       (-2.0999999999999996+0j)         (0.43301270189221935+0j)         0j         0j          
 C(  1) 2s       (0.43301270189221935+0j)         (2.0999999999999996+0j)         0j         0j          
 C(  1) 2s       0j         0j         (-2.0999999999999996-0j)         (-0.43301270189221935-0j)          
 C(  1) 2s       0j         0j         (-0.43301270189221935-0j)         (2.0999999999999996-0j)          
#	******* Energies (in eV)  and Occupation Numbers ******* 
1:--->  -2.1441781642391575  [2 Electrons] 
2:--->  -2.1441781642391575  [2 Electrons] 
3:--->  2.144178164239156  [0 Electrons] 
4:--->  2.144178164239156  [0 Electrons] 
Total_Energy: -2.6645352591003757e-15 
 
 
;***& Kpoint: 9 (0.38888888888888884 0.0 ) Weight: 0.000000 
 
;		 --- Hamiltonian H(K) --- 
    C(  1) 2s       C(  1) 2px 
 C(  1) 2s       (-2.6320888862379563+0j)         (0.32139380484326974+0j)         0j         0j          
 C(  1) 2s       (0.32139380484326974+0j)         (2.6320888862379563+0j)         0j         0j          
 C(  1) 2s       0j         0j         (-2.6320888862379563-0j)         (-0.32139380484326974-0j)          
 C(  1) 2s       0j         0j         (-0.32139380484326974-0j)         (2.6320888862379563-0j)          
#	******* Energies (in eV)  and Occupation Numbers ******* 
1:--->  -2.6516383393760545  [2 Electrons] 
2:--->  -2.6516383393760545  [2 Electrons] 
3:--->  2.6516383393760545  [0 Electrons] 
4:--->  2.6516383393760545  [0 Electrons] 
Total_Energy: 0.0 
 
 
;***& Kpoint: 10 (0.4444444444444444 0.0 ) Weight: 0.000000 
 
;		 --- Hamiltonian H(K) --- 
    C(  1) 2s       C(  1) 2px 
 C(  1) 2s       (-2.9793852415718174+0j)         (0.17101007166283444+0j)         0j         0j          
 C(  1) 2s       (0.17101007166283444+0j)         (2.9793852415718174+0j)         0j         0j          
 C(  1) 2s       0j         0j         (-2.9793852415718174-0j)         (-0.17101007166283444-0j)          
 C(  1) 2s       0j         0j         (-0.17101007166283444-0j)         (2.9793852415718174-0j)          
#	******* Energies (in eV)  and Occupation Numbers ******* 
1:--->  -2.984289004487684  [2 Electrons] 
2:--->  -2.984289004487684  [2 Electrons] 
3:--->  2.9842890044876826  [0 Electrons] 
4:--->  2.9842890044876826  [0 Electrons] 
Total_Energy: -2.6645352591003757e-15 
 
 
;***& Kpoint: 11 (0.5 0.0 ) Weight: 0.000000 
 
;		 --- Hamiltonian H(K) --- 
    C(  1) 2s       C(  1) 2px 
 C(  1) 2s       (-3.1000000000000005+0j)         (6.123233995736766e-17+0j)         0j         0j          
 C(  1) 2s       (6.123233995736766e-17+0j)         (3.1000000000000005+0j)         0j         0j          
 C(  1) 2s       0j         0j         (-3.1000000000000005-0j)         (-6.123233995736766e-17-0j)          
 C(  1) 2s       0j         0j         (-6.123233995736766e-17-0j)         (3.1000000000000005-0j)          
#	******* Energies (in eV)  and Occupation Numbers ******* 
1:--->  -3.1000000000000005  [2 Electrons] 
2:--->  -3.1000000000000005  [2 Electrons] 
3:--->  3.1000000000000005  [0 Electrons] 
4:--->  3.1000000000000005  [0 Electrons] 
Total_Energy: 0.0 
 
 
;***& Kpoint: 12 (0.0 0.1111111111111111 ) Weight: 0.000000 
 
;		 --- Hamiltonian H(K) --- 
    C(  1) 2s       C(  1) 2px 
 C(  1) 2s       (0.4320888862379555+0j)         0.3213938048432696j         0j         0j          
 C(  1) 2s       -0.3213938048432696j         (-0.4320888862379555+0j)         0j         0j          
 C(  1) 2s       0j         0j         (0.4320888862379555-0j)         0.3213938048432696j          
 C(  1) 2s       0j         0j         -0.3213938048432696j         (-0.4320888862379555-0j)          
#	******* Energies (in eV)  and Occupation Numbers ******* 
1:--->  -0.5385116372020111  [2 Electrons] 
2:--->  -0.5385116372020111  [2 Electrons] 
3:--->  0.5385116372020112  [0 Electrons] 
4:--->  0.5385116372020112  [0 Electrons] 
Total_Energy: 2.220446049250313e-16 
 
 
;***& Kpoint: 13 (0.05555555555555555 0.1111111111111111 ) Weight: 0.000000 
 
;		 --- Hamiltonian H(K) --- 
    C(  1) 2s       C(  1) 2px 
 C(  1) 2s       (0.31147412780977235+0j)         (0.17101007166283436+0.3213938048432696j)         0j         0j          
 C(  1) 2s       (0.17101007166283436-0.3213938048432696j)         (-0.31147412780977235+0j)         0j         0j          
 C(  1) 2s       0j         0j         (0.31147412780977235-0j)         (-0.17101007166283436+0.3213938048432696j)          
 C(  1) 2s       0j         0j         (-0.17101007166283436-0.3213938048432696j)         (-0.31147412780977235-0j)          
#	******* Energies (in eV)  and Occupation Numbers ******* 
1:--->  -0.47911851842380215  [2 Electrons] 
2:--->  -0.47911851842380215  [2 Electrons] 
3:--->  0.47911851842380276  [0 Electrons] 
4:--->  0.47911851842380276  [0 Electrons] 
Total_Energy: 1.2212453270876722e-15 
 
 
;***& Kpoint: 14 (0.1111111111111111 0.1111111111111111 ) Weight: 0.000000 
 
;		 --- Hamiltonian H(K) --- 
    C(  1) 2s       C(  1) 2px 
 C(  1) 2s       (-0.03582222752408848+0j)         (0.3213938048432696+0.3213938048432696j)         0j         0j          
 C(  1) 2s       (0.3213938048432696-0.3213938048432696j)         (0.03582222752408848+0j)         0j         0j          
 C(  1) 2s       0j         0j         (-0.03582222752408848-0j)         (-0.3213938048432696+0.3213938048432696j)          
 C(  1) 2s       0j         0j         (-0.3213938048432696-0.3213938048432696j)         (0.03582222752408848-0j)          
#	******* Energies (in eV)  and Occupation Numbers ******* 
1:--->  -0.45592892819830433  [2 Electrons] 
2:--->  -0.45592892819830433  [2 Electrons] 
3:--->  0.4559289281983048  [0 Electrons] 
4:--->  0.4559289281983048  [0 Electrons] 
Total_Energy: 8.881784197001252e-16 
 
 
;***& Kpoint: 15 (0.16666666666666666 0.1111111111111111 ) Weight: 0.000000 
 
;		 --- Hamiltonian H(K) --- 
    C(  1) 2s       C(  1) 2px 
 C(  1) 2s       (-0.5679111137620445+0j)         (0.4330127018922193+0.3213938048432696j)         0j         0j          
 C(  1) 2s       (0.4330127018922193-0.3213938048432696j)         (0.5679111137620445+0j)         0j         0j          
 C(  1) 2s       0j         0j         (-0.5679111137620445-0j)         (-0.4330127018922193+0.3213938048432696j)          
 C(  1) 2s       0j         0j         (-0.4330127018922193-0.3213938048432696j)         (0.5679111137620445-0j)          
#	******* Energies (in eV)  and Occupation Numbers ******* 
1:--->  -0.7831455873118864  [2 Electrons] 
2:--->  -0.7831455873118864  [2 Electrons] 
3:--->  0.7831455873118864  [0 Electrons] 
4:--->  0.7831455873118864  [0 Electrons] 
Total_Energy: 0.0 
 
 
;***& Kpoint: 16 (0.2222222222222222 0.1111111111111111 ) Weight: 0.000000 
 
;		 --- Hamiltonian H(K) --- 
    C(  1) 2s       C(  1) 2px 
 C(  1) 2s       (-1.2206147584281835+0j)         (0.492403876506104+0.3213938048432696j)         0j         0j          
 C(  1) 2s       (0.492403876506104-0.3213938048432696j)         (1.2206147584281835+0j)         0j         0j          
 C(  1) 2s       0j         0j         (-1.2206147584281835-0j)         (-0.492403876506104+0.3213938048432696j)          
 C(  1) 2s       0j         0j         (-0.492403876506104-0.3213938048432696j)         (1.2206147584281835-0j)          
#	******* Energies (in eV)  and Occupation Numbers ******* 
1:--->  -1.354863810086669  [2 Electrons] 
2:--->  -1.354863810086669  [2 Electrons] 
3:--->  1.3548638100866697  [0 Electrons] 
4:--->  1.3548638100866697  [0 Electrons] 
Total_Energy: 1.3322676295501878e-15 
 
 
;***& Kpoint: 17 (0.2777777777777778 0.1111111111111111 ) Weight: 0.000000 
 
;		 --- Hamiltonian H(K) --- 
    C(  1) 2s       C(  1) 2px 
 C(  1) 2s       (-1.9152074690959051+0j)         (0.492403876506104+0.3213938048432696j)         0j         0j          
 C(  1) 2s       (0.492403876506104-0.3213938048432696j)         (1.9152074690959051+0j)         0j         0j          
 C(  1) 2s       0j         0j         (-1.9152074690959051-0j)         (-0.492403876506104+0.3213938048432696j)          
 C(  1) 2s       0j         0j         (-0.492403876506104-0.3213938048432696j)         (1.9152074690959051-0j)          
#	******* Energies (in eV)  and Occupation Numbers ******* 
1:--->  -2.003440841420234  [2 Electrons] 
2:--->  -2.003440841420234  [2 Electrons] 
3:--->  2.0034408414202347  [0 Electrons] 
4:--->  2.0034408414202347  [0 Electrons] 
Total_Energy: 1.7763568394002505e-15 
 
 
;***& Kpoint: 18 (0.3333333333333333 0.1111111111111111 ) Weight: 0.000000 
 
;		 --- Hamiltonian H(K) --- 
    C(  1) 2s       C(  1) 2px 
 C(  1) 2s       (-2.567911113762044+0j)         (0.43301270189221935+0.3213938048432696j)         0j         0j          
 C(  1) 2s       (0.43301270189221935-0.3213938048432696j)         (2.567911113762044+0j)         0j         0j          
 C(  1) 2s       0j         0j         (-2.567911113762044-0j)         (-0.43301270189221935+0.3213938048432696j)          
 C(  1) 2s       0j         0j         (-0.43301270189221935-0.3213938048432696j)         (2.567911113762044-0j)          
#	******* Energies (in eV)  and Occupation Numbers ******* 
1:--->  -2.623921009858006  [2 Electrons] 
2:--->  -2.623921009858006  [2 Electrons] 
3:--->  2.6239210098580035  [0 Electrons] 
4:--->  2.6239210098580035  [0 Electrons] 
Total_Energy: -5.329070518200751e-15 
 
 
;***& Kpoint: 19 (0.38888888888888884 0.1111111111111111 ) Weight: 0.000000 
 
;		 --- Hamiltonian H(K) --- 
    C(  1) 2s       C(  1) 2px 
 C(  1) 2s       (-3.1000000000000005+0j)         (0.32139380484326974+0.3213938048432696j)         0j         0j          
 C(  1) 2s       (0.32139380484326974-0.3213938048432696j)         (3.1000000000000005+0j)         0j         0j          
 C(  1) 2s       0j         0j         (-3.1000000000000005-0j)         (-0.32139380484326974+0.3213938048432696j)          
 C(  1) 2s       0j         0j         (-0.32139380484326974-0.3213938048432696j)         (3.1000000000000005-0j)          
#	******* Energies (in eV)  and Occupation Numbers ******* 
1:--->  -3.1331434623367116  [2 Electrons] 
2:--->  -3.1331434623367116  [2 Electrons] 
3:--->  3.133143462336709  [0 Electrons] 
4:--->  3.133143462336709  [0 Electrons] 
Total_Energy: -5.329070518200751e-15 
 
 
;***& Kpoint: 20 (0.4444444444444444 0.1111111111111111 ) Weight: 0.000000 
 
;		 --- Hamiltonian H(K) --- 
    C(  1) 2s       C(  1) 2px 
 C(  1) 2s       (-3.4472963553338616+0j)         (0.17101007166283444+0.3213938048432696j)         0j         0j          
 C(  1) 2s       (0.17101007166283444-0.3213938048432696j)         (3.4472963553338616+0j)         0j         0j          
 C(  1) 2s       0j         0j         (-3.4472963553338616-0j)         (-0.17101007166283444+0.3213938048432696j)          
 C(  1) 2s       0j         0j         (-0.17101007166283444-0.3213938048432696j)         (3.4472963553338616-0j)          
#	******* Energies (in eV)  and Occupation Numbers ******* 
1:--->  -3.4664665848526344  [2 Electrons] 
2:--->  -3.4664665848526344  [2 Electrons] 
3:--->  3.4664665848526344  [0 Electrons] 
4:--->  3.4664665848526344  [0 Electrons] 
Total_Energy: 0.0 
 
 
;***& Kpoint: 21 (0.5 0.1111111111111111 ) Weight: 0.000000 
 
;		 --- Hamiltonian H(K) --- 
    C(  1) 2s       C(  1) 2px 
 C(  1) 2s       (-3.5679111137620447+0j)         (6.123233995736766e-17+0.3213938048432696j)         0j         0j          
 C(  1) 2s       (6.123233995736766e-17-0.3213938048432696j)         (3.5679111137620447+0j)         0j         0j          
 C(  1) 2s       0j         0j         (-3.5679111137620447-0j)         (-6.123233995736766e-17+0.3213938048432696j)          
 C(  1) 2s       0j         0j         (-6.123233995736766e-17-0.3213938048432696j)         (3.5679111137620447-0j)          
#	******* Energies (in eV)  and Occupation Numbers ******* 
1:--->  -3.582357281665015  [2 Electrons] 
2:--->  -3.582357281665015  [2 Electrons] 
3:--->  3.582357281665014  [0 Electrons] 
4:--->  3.582357281665014  [0 Electrons] 
Total_Energy: -1.7763568394002505e-15 
 
 
;***& Kpoint: 22 (0.0 0.2222222222222222 ) Weight: 0.000000 
 
;		 --- Hamiltonian H(K) --- 
    C(  1) 2s       C(  1) 2px 
 C(  1) 2s       (-0.7527036446661397+0j)         0.492403876506104j         0j         0j          
 C(  1) 2s       -0.492403876506104j         (0.7527036446661397+0j)         0j         0j          
 C(  1) 2s       0j         0j         (-0.7527036446661397-0j)         0.492403876506104j          
 C(  1) 2s       0j         0j         -0.492403876506104j         (0.7527036446661397-0j)          
#	******* Energies (in eV)  and Occupation Numbers ******* 
1:--->  -0.8994578112907402  [2 Electrons] 
2:--->  -0.8994578112907402  [2 Electrons] 
3:--->  0.8994578112907402  [0 Electrons] 
4:--->  0.8994578112907402  [0 Electrons] 
Total_Energy: 0.0 
 
 
;***& Kpoint: 23 (0.05555555555555555 0.2222222222222222 ) Weight: 0.000000 
 
;		 --- Hamiltonian H(K) --- 
    C(  1) 2s       C(  1) 2px 
 C(  1) 2s       (-0.8733184030943228+0j)         (0.17101007166283436+0.492403876506104j)         0j         0j          
 C(  1) 2s       (0.17101007166283436-0.492403876506104j)         (0.8733184030943228+0j)         0j         0j          
 C(  1) 2s       0j         0j         (-0.8733184030943228-0j)         (-0.17101007166283436+0.492403876506104j)          
 C(  1) 2s       0j         0j         (-0.17101007166283436-0.492403876506104j)         (0.8733184030943228-0j)          
#	******* Energies (in eV)  and Occupation Numbers ******* 
1:--->  -1.0170501734878103  [2 Electrons] 
2:--->  -1.0170501734878103  [2 Electrons] 
3:--->  1.0170501734878097  [0 Electrons] 
4:--->  1.0170501734878097  [0 Electrons] 
Total_Energy: -1.3322676295501878e-15 
 
 
;***& Kpoint: 24 (0.1111111111111111 0.2222222222222222 ) Weight: 0.000000 
 
;		 --- Hamiltonian H(K) --- 
    C(  1) 2s       C(  1) 2px 
 C(  1) 2s       (-1.2206147584281837+0j)         (0.3213938048432696+0.492403876506104j)         0j         0j          
 C(  1) 2s       (0.3213938048432696-0.492403876506104j)         (1.2206147584281837+0j)         0j         0j          
 C(  1) 2s       0j         0j         (-1.2206147584281837-0j)         (-0.3213938048432696+0.492403876506104j)          
 C(  1) 2s       0j         0j         (-0.3213938048432696-0.492403876506104j)         (1.2206147584281837-0j)          
#	******* Energies (in eV)  and Occupation Numbers ******* 
1:--->  -1.3548638100866695  [2 Electrons] 
2:--->  -1.3548638100866695  [2 Electrons] 
3:--->  1.3548638100866695  [0 Electrons] 
4:--->  1.3548638100866695  [0 Electrons] 
Total_Energy: 0.0 
 
 
;***& Kpoint: 25 (0.16666666666666666 0.2222222222222222 ) Weight: 0.000000 
 
;		 --- Hamiltonian H(K) --- 
    C(  1) 2s       C(  1) 2px 
 C(  1) 2s       (-1.7527036446661397+0j)         (0.4330127018922193+0.492403876506104j)         0j         0j          
 C(  1) 2s       (0.4330127018922193-0.492403876506104j)         (1.7527036446661397+0j)         0j         0j          
 C(  1) 2s       0j         0j         (-1.7527036446661397-0j)         (-0.4330127018922193+0.492403876506104j)          
 C(  1) 2s       0j         0j         (-0.4330127018922193-0.492403876506104j)         (1.7527036446661397-0j)          
#	******* Energies (in eV)  and Occupation Numbers ******* 
1:--->  -1.87134487565072  [2 Electrons] 
2:--->  -1.87134487565072  [2 Electrons] 
3:--->  1.8713448756507207  [0 Electrons] 
4:--->  1.8713448756507207  [0 Electrons] 
Total_Energy: 1.3322676295501878e-15 
 
 
;***& Kpoint: 26 (0.2222222222222222 0.2222222222222222 ) Weight: 0.000000 
 
;		 --- Hamiltonian H(K) --- 
    C(  1) 2s       C(  1) 2px 
 C(  1) 2s       (-2.4054072893322784+0j)         (0.492403876506104+0.492403876506104j)         0j         0j          
 C(  1) 2s       (0.492403876506104-0.492403876506104j)         (2.4054072893322784+0j)         0j         0j          
 C(  1) 2s       0j         0j         (-2.4054072893322784-0j)         (-0.492403876506104+0.492403876506104j)          
 C(  1) 2s       0j         0j         (-0.492403876506104-0.492403876506104j)         (2.4054072893322784-0j)          
#	******* Energies (in eV)  and Occupation Numbers ******* 
1:--->  -2.504177985441398  [2 Electrons] 
2:--->  -2.504177985441398  [2 Electrons] 
3:--->  2.5041779854413977  [0 Electrons] 
4:--->  2.5041779854413977  [0 Electrons] 
Total_Energy: -8.881784197001252e-16 
 
 
;***& Kpoint: 27 (0.2777777777777778 0.2222222222222222 ) Weight: 0.000000 
 
;		 --- Hamiltonian H(K) --- 
    C(  1) 2s       C(  1) 2px 
 C(  1) 2s       (-3.1000000000000005+0j)         (0.492403876506104+0.492403876506104j)         0j         0j          
 C(  1) 2s       (0.492403876506104-0.492403876506104j)         (3.1000000000000005+0j)         0j         0j          
 C(  1) 2s       0j         0j         (-3.1000000000000005-0j)         (-0.492403876506104+0.492403876506104j)          
 C(  1) 2s       0j         0j         (-0.492403876506104-0.492403876506104j)         (3.1000000000000005-0j)          
#	******* Energies (in eV)  and Occupation Numbers ******* 
1:--->  -3.1772508801157784  [2 Electrons] 
2:--->  -3.1772508801157784  [2 Electrons] 
3:--->  3.177250880115777  [0 Electrons] 
4:--->  3.177250880115777  [0 Electrons] 
Total_Energy: -2.6645352591003757e-15 
 
 
;***& Kpoint: 28 (0.3333333333333333 0.2222222222222222 ) Weight: 0.000000 
 
;		 --- Hamiltonian H(K) --- 
    C(  1) 2s       C(  1) 2px 
 C(  1) 2s       (-3.7527036446661386+0j)         (0.43301270189221935+0.492403876506104j)         0j         0j          
 C(  1) 2s       (0.43301270189221935-0.492403876506104j)         (3.7527036446661386+0j)         0j         0j          
 C(  1) 2s       0j         0j         (-3.7527036446661386-0j)         (-0.43301270189221935+0.492403876506104j)          
 C(  1) 2s       0j         0j         (-0.43301270189221935-0.492403876506104j)         (3.7527036446661386-0j)          
#	******* Energies (in eV)  and Occupation Numbers ******* 
1:--->  -3.8095598462668576  [2 Electrons] 
2:--->  -3.8095598462668576  [2 Electrons] 
3:--->  3.809559846266857  [0 Electrons] 
4:--->  3.809559846266857  [0 Electrons] 
Total_Energy: -8.881784197001252e-16 
 
 
;***& Kpoint: 29 (0.38888888888888884 0.2222222222222222 ) Weight: 0.000000 
 
;		 --- Hamiltonian H(K) --- 
    C(  1) 2s       C(  1) 2px 
 C(  1) 2s       (-4.284792530904095+0j)         (0.32139380484326974+0.492403876506104j)         0j         0j          
 C(  1) 2s       (0.32139380484326974-0.492403876506104j)         (4.284792530904095+0j)         0j         0j          
 C(  1) 2s       0j         0j         (-4.284792530904095-0j)         (-0.32139380484326974+0.492403876506104j)          
 C(  1) 2s       0j         0j         (-0.32139380484326974-0.492403876506104j)         (4.284792530904095-0j)          
#	******* Energies (in eV)  and Occupation Numbers ******* 
1:--->  -4.324951165999612  [2 Electrons] 
2:--->  -4.324951165999612  [2 Electrons] 
3:--->  4.324951165999613  [0 Electrons] 
4:--->  4.324951165999613  [0 Electrons] 
Total_Energy: 1.7763568394002505e-15 
 
 
;***& Kpoint: 30 (0.4444444444444444 0.2222222222222222 ) Weight: 0.000000 
 
;		 --- Hamiltonian H(K) --- 
    C(  1) 2s       C(  1) 2px 
 C(  1) 2s       (-4.632088886237956+0j)         (0.17101007166283444+0.492403876506104j)         0j         0j          
 C(  1) 2s       (0.17101007166283444-0.492403876506104j)         (4.632088886237956+0j)         0j         0j          
 C(  1) 2s       0j         0j         (-4.632088886237956-0j)         (-0.17101007166283444+0.492403876506104j)          
 C(  1) 2s       0j         0j         (-0.17101007166283444-0.492403876506104j)         (4.632088886237956-0j)          
#	******* Energies (in eV)  and Occupation Numbers ******* 
1:--->  -4.661325291397025  [2 Electrons] 
2:--->  -4.661325291397025  [2 Electrons] 
3:--->  4.6613252913970245  [0 Electrons] 
4:--->  4.6613252913970245  [0 Electrons] 
Total_Energy: -1.7763568394002505e-15 
 
 
;***& Kpoint: 31 (0.5 0.2222222222222222 ) Weight: 0.000000 
 
;		 --- Hamiltonian H(K) --- 
    C(  1) 2s       C(  1) 2px 
 C(  1) 2s       (-4.7527036446661395+0j)         (6.123233995736766e-17+0.492403876506104j)         0j         0j          
 C(  1) 2s       (6.123233995736766e-17-0.492403876506104j)         (4.7527036446661395+0j)         0j         0j          
 C(  1) 2s       0j         0j         (-4.7527036446661395-0j)         (-6.123233995736766e-17+0.492403876506104j)          
 C(  1) 2s       0j         0j         (-6.123233995736766e-17-0.492403876506104j)         (4.7527036446661395-0j)          
#	******* Energies (in eV)  and Occupation Numbers ******* 
1:--->  -4.778143312168552  [2 Electrons] 
2:--->  -4.778143312168552  [2 Electrons] 
3:--->  4.778143312168551  [0 Electrons] 
4:--->  4.778143312168551  [0 Electrons] 
Total_Energy: -3.552713678800501e-15 
 
 
;***& Kpoint: 32 (0.0 0.3333333333333333 ) Weight: 0.000000 
 
;		 --- Hamiltonian H(K) --- 
    C(  1) 2s       C(  1) 2px 
 C(  1) 2s       (-2.1+0j)         0.43301270189221935j         0j         0j          
 C(  1) 2s       -0.43301270189221935j         (2.1+0j)         0j         0j          
 C(  1) 2s       0j         0j         (-2.1-0j)         0.43301270189221935j          
 C(  1) 2s       0j         0j         -0.43301270189221935j         (2.1-0j)          
#	******* Energies (in eV)  and Occupation Numbers ******* 
1:--->  -2.1441781642391575  [2 Electrons] 
2:--->  -2.1441781642391575  [2 Electrons] 
3:--->  2.1441781642391566  [0 Electrons] 
4:--->  2.1441781642391566  [0 Electrons] 
Total_Energy: -1.7763568394002505e-15 
 
 
;***& Kpoint: 33 (0.05555555555555555 0.3333333333333333 ) Weight: 0.000000 
 
;		 --- Hamiltonian H(K) --- 
    C(  1) 2s       C(  1) 2px 
 C(  1) 2s       (-2.2206147584281832+0j)         (0.17101007166283436+0.43301270189221935j)         0j         0j          
 C(  1) 2s       (0.17101007166283436-0.43301270189221935j)         (2.2206147584281832+0j)         0j         0j          
 C(  1) 2s       0j         0j         (-2.2206147584281832-0j)         (-0.17101007166283436+0.43301270189221935j)          
 C(  1) 2s       0j         0j         (-0.17101007166283436-0.43301270189221935j)         (2.2206147584281832-0j)          
#	******* Energies (in eV)  and Occupation Numbers ******* 
1:--->  -2.2688927585849417  [2 Electrons] 
2:--->  -2.2688927585849417  [2 Electrons] 
3:--->  2.2688927585849417  [0 Electrons] 
4:--->  2.2688927585849417  [0 Electrons] 
Total_Energy: 0.0 
 
 
;***& Kpoint: 34 (0.1111111111111111 0.3333333333333333 ) Weight: 0.000000 
 
;		 --- Hamiltonian H(K) --- 
    C(  1) 2s       C(  1) 2px 
 C(  1) 2s       (-2.567911113762044+0j)         (0.3213938048432696+0.43301270189221935j)         0j         0j          
 C(  1) 2s       (0.3213938048432696-0.43301270189221935j)         (2.567911113762044+0j)         0j         0j          
 C(  1) 2s       0j         0j         (-2.567911113762044-0j)         (-0.3213938048432696+0.43301270189221935j)          
 C(  1) 2s       0j         0j         (-0.3213938048432696-0.43301270189221935j)         (2.567911113762044-0j)          
#	******* Energies (in eV)  and Occupation Numbers ******* 
1:--->  -2.623921009858006  [2 Electrons] 
2:--->  -2.623921009858006  [2 Electrons] 
3:--->  2.6239210098580052  [0 Electrons] 
4:--->  2.6239210098580052  [0 Electrons] 
Total_Energy: -1.7763568394002505e-15 
 
 
;***& Kpoint: 35 (0.16666666666666666 0.3333333333333333 ) Weight: 0.000000 
 
;		 --- Hamiltonian H(K) --- 
    C(  1) 2s       C(  1) 2px 
 C(  1) 2s       (-3.1+0j)         (0.4330127018922193+0.43301270189221935j)         0j         0j          
 C(  1) 2s       (0.4330127018922193-0.43301270189221935j)         (3.1+0j)         0j         0j          
 C(  1) 2s       0j         0j         (-3.1-0j)         (-0.4330127018922193+0.43301270189221935j)          
 C(  1) 2s       0j         0j         (-0.4330127018922193-0.43301270189221935j)         (3.1-0j)          
#	******* Energies (in eV)  and Occupation Numbers ******* 
1:--->  -3.1599050618649915  [2 Electrons] 
2:--->  -3.1599050618649915  [2 Electrons] 
3:--->  3.159905061864994  [0 Electrons] 
4:--->  3.159905061864994  [0 Electrons] 
Total_Energy: 5.329070518200751e-15 
 
 
;***& Kpoint: 36 (0.2222222222222222 0.3333333333333333 ) Weight: 0.000000 
 
;		 --- Hamiltonian H(K) --- 
    C(  1) 2s       C(  1) 2px 
 C(  1) 2s       (-3.752703644666139+0j)         (0.492403876506104+0.43301270189221935j)         0j         0j          
 C(  1) 2s       (0.492403876506104-0.43301270189221935j)         (3.752703644666139+0j)         0j         0j          
 C(  1) 2s       0j         0j         (-3.752703644666139-0j)         (-0.492403876506104+0.43301270189221935j)          
 C(  1) 2s       0j         0j         (-0.492403876506104-0.43301270189221935j)         (3.752703644666139-0j)          
#	******* Energies (in eV)  and Occupation Numbers ******* 
1:--->  -3.8095598462668576  [2 Electrons] 
2:--->  -3.8095598462668576  [2 Electrons] 
3:--->  3.809559846266857  [0 Electrons] 
4:--->  3.809559846266857  [0 Electrons] 
Total_Energy: -8.881784197001252e-16 
 
 
;***& Kpoint: 37 (0.2777777777777778 0.3333333333333333 ) Weight: 0.000000 
 
;		 --- Hamiltonian H(K) --- 
    C(  1) 2s       C(  1) 2px 
 C(  1) 2s       (-4.447296355333861+0j)         (0.492403876506104+0.43301270189221935j)         0j         0j          
 C(  1) 2s       (0.492403876506104-0.43301270189221935j)         (4.447296355333861+0j)         0j         0j          
 C(  1) 2s       0j         0j         (-4.447296355333861-0j)         (-0.492403876506104+0.43301270189221935j)          
 C(  1) 2s       0j         0j         (-0.492403876506104-0.43301270189221935j)         (4.447296355333861-0j)          
#	******* Energies (in eV)  and Occupation Numbers ******* 
1:--->  -4.495376118831891  [2 Electrons] 
2:--->  -4.495376118831891  [2 Electrons] 
3:--->  4.495376118831893  [0 Electrons] 
4:--->  4.495376118831893  [0 Electrons] 
Total_Energy: 3.552713678800501e-15 
 
 
;***& Kpoint: 38 (0.3333333333333333 0.3333333333333333 ) Weight: 0.000000 
 
;		 --- Hamiltonian H(K) --- 
    C(  1) 2s       C(  1) 2px 
 C(  1) 2s       (-5.1+0j)         (0.43301270189221935+0.43301270189221935j)         0j         0j          
 C(  1) 2s       (0.43301270189221935-0.43301270189221935j)         (5.1+0j)         0j         0j          
 C(  1) 2s       0j         0j         (-5.1-0j)         (-0.43301270189221935+0.43301270189221935j)          
 C(  1) 2s       0j         0j         (-0.43301270189221935-0.43301270189221935j)         (5.1-0j)          
#	******* Energies (in eV)  and Occupation Numbers ******* 
1:--->  -5.1366331385451325  [2 Electrons] 
2:--->  -5.1366331385451325  [2 Electrons] 
3:--->  5.136633138545131  [0 Electrons] 
4:--->  5.136633138545131  [0 Electrons] 
Total_Energy: -3.552713678800501e-15 
 
 
;***& Kpoint: 39 (0.38888888888888884 0.3333333333333333 ) Weight: 0.000000 
 
;		 --- Hamiltonian H(K) --- 
    C(  1) 2s       C(  1) 2px 
 C(  1) 2s       (-5.6320888862379554+0j)         (0.32139380484326974+0.43301270189221935j)         0j         0j          
 C(  1) 2s       (0.32139380484326974-0.43301270189221935j)         (5.6320888862379554+0j)         0j         0j          
 C(  1) 2s       0j         0j         (-5.6320888862379554-0j)         (-0.32139380484326974+0.43301270189221935j)          
 C(  1) 2s       0j         0j         (-0.32139380484326974-0.43301270189221935j)         (5.6320888862379554-0j)          
#	******* Energies (in eV)  and Occupation Numbers ******* 
1:--->  -5.657845809164187  [2 Electrons] 
2:--->  -5.657845809164187  [2 Electrons] 
3:--->  5.657845809164185  [0 Electrons] 
4:--->  5.657845809164185  [0 Electrons] 
Total_Energy: -5.329070518200751e-15 
 
 
;***& Kpoint: 40 (0.4444444444444444 0.3333333333333333 ) Weight: 0.000000 
 
;		 --- Hamiltonian H(K) --- 
    C(  1) 2s       C(  1) 2px 
 C(  1) 2s       (-5.979385241571817+0j)         (0.17101007166283444+0.43301270189221935j)         0j         0j          
 C(  1) 2s       (0.17101007166283444-0.43301270189221935j)         (5.979385241571817+0j)         0j         0j          
 C(  1) 2s       0j         0j         (-5.979385241571817-0j)         (-0.17101007166283444+0.43301270189221935j)          
 C(  1) 2s       0j         0j         (-0.17101007166283444-0.43301270189221935j)         (5.979385241571817-0j)          
#	******* Energies (in eV)  and Occupation Numbers ******* 
1:--->  -5.997482164353389  [2 Electrons] 
2:--->  -5.997482164353389  [2 Electrons] 
3:--->  5.997482164353384  [0 Electrons] 
4:--->  5.997482164353384  [0 Electrons] 
Total_Energy: -1.0658141036401503e-14 
 
 
;***& Kpoint: 41 (0.5 0.3333333333333333 ) Weight: 0.000000 
 
;		 --- Hamiltonian H(K) --- 
    C(  1) 2s       C(  1) 2px 
 C(  1) 2s       (-6.1+0j)         (6.123233995736766e-17+0.43301270189221935j)         0j         0j          
 C(  1) 2s       (6.123233995736766e-17-0.43301270189221935j)         (6.1+0j)         0j         0j          
 C(  1) 2s       0j         0j         (-6.1-0j)         (-6.123233995736766e-17+0.43301270189221935j)          
 C(  1) 2s       0j         0j         (-6.123233995736766e-17-0.43301270189221935j)         (6.1-0j)          
#	******* Energies (in eV)  and Occupation Numbers ******* 
1:--->  -6.115349540296122  [2 Electrons] 
2:--->  -6.115349540296122  [2 Electrons] 
3:--->  6.115349540296123  [0 Electrons] 
4:--->  6.115349540296123  [0 Electrons] 
Total_Energy: 1.7763568394002505e-15 
 
 
;***& Kpoint: 42 (0.0 0.4444444444444444 ) Weight: 0.000000 
 
;		 --- Hamiltonian H(K) --- 
    C(  1) 2s       C(  1) 2px 
 C(  1) 2s       (-2.9793852415718174+0j)         0.17101007166283444j         0j         0j          
 C(  1) 2s       -0.17101007166283444j         (2.9793852415718174+0j)         0j         0j          
 C(  1) 2s       0j         0j         (-2.9793852415718174-0j)         0.17101007166283444j          
 C(  1) 2s       0j         0j         -0.17101007166283444j         (2.9793852415718174-0j)          
#	******* Energies (in eV)  and Occupation Numbers ******* 
1:--->  -2.984289004487684  [2 Electrons] 
2:--->  -2.984289004487684  [2 Electrons] 
3:--->  2.9842890044876826  [0 Electrons] 
4:--->  2.9842890044876826  [0 Electrons] 
Total_Energy: -2.6645352591003757e-15 
 
 
;***& Kpoint: 43 (0.05555555555555555 0.4444444444444444 ) Weight: 0.000000 
 
;		 --- Hamiltonian H(K) --- 
    C(  1) 2s       C(  1) 2px 
 C(  1) 2s       (-3.1000000000000005+0j)         (0.17101007166283436+0.17101007166283444j)         0j         0j          
 C(  1) 2s       (0.17101007166283436-0.17101007166283444j)         (3.1000000000000005+0j)         0j         0j          
 C(  1) 2s       0j         0j         (-3.1000000000000005-0j)         (-0.17101007166283436+0.17101007166283444j)          
 C(  1) 2s       0j         0j         (-0.17101007166283436-0.17101007166283444j)         (3.1000000000000005-0j)          
#	******* Energies (in eV)  and Occupation Numbers ******* 
1:--->  -3.109419381366923  [2 Electrons] 
2:--->  -3.109419381366923  [2 Electrons] 
3:--->  3.1094193813669233  [0 Electrons] 
4:--->  3.1094193813669233  [0 Electrons] 
Total_Energy: 8.881784197001252e-16 
 
 
;***& Kpoint: 44 (0.1111111111111111 0.4444444444444444 ) Weight: 0.000000 
 
;		 --- Hamiltonian H(K) --- 
    C(  1) 2s       C(  1) 2px 
 C(  1) 2s       (-3.447296355333861+0j)         (0.3213938048432696+0.17101007166283444j)         0j         0j          
 C(  1) 2s       (0.3213938048432696-0.17101007166283444j)         (3.447296355333861+0j)         0j         0j          
 C(  1) 2s       0j         0j         (-3.447296355333861-0j)         (-0.3213938048432696+0.17101007166283444j)          
 C(  1) 2s       0j         0j         (-0.3213938048432696-0.17101007166283444j)         (3.447296355333861-0j)          
#	******* Energies (in eV)  and Occupation Numbers ******* 
1:--->  -3.4664665848526344  [2 Electrons] 
2:--->  -3.4664665848526344  [2 Electrons] 
3:--->  3.466466584852634  [0 Electrons] 
4:--->  3.466466584852634  [0 Electrons] 
Total_Energy: -8.881784197001252e-16 
 
 
;***& Kpoint: 45 (0.16666666666666666 0.4444444444444444 ) Weight: 0.000000 
 
;		 --- Hamiltonian H(K) --- 
    C(  1) 2s       C(  1) 2px 
 C(  1) 2s       (-3.9793852415718174+0j)         (0.4330127018922193+0.17101007166283444j)         0j         0j          
 C(  1) 2s       (0.4330127018922193-0.17101007166283444j)         (3.9793852415718174+0j)         0j         0j          
 C(  1) 2s       0j         0j         (-3.9793852415718174-0j)         (-0.4330127018922193+0.17101007166283444j)          
 C(  1) 2s       0j         0j         (-0.4330127018922193-0.17101007166283444j)         (3.9793852415718174-0j)          
#	******* Energies (in eV)  and Occupation Numbers ******* 
1:--->  -4.0065260944426315  [2 Electrons] 
2:--->  -4.0065260944426315  [2 Electrons] 
3:--->  4.006526094442629  [0 Electrons] 
4:--->  4.006526094442629  [0 Electrons] 
Total_Energy: -5.329070518200751e-15 
 
 
;***& Kpoint: 46 (0.2222222222222222 0.4444444444444444 ) Weight: 0.000000 
 
;		 --- Hamiltonian H(K) --- 
    C(  1) 2s       C(  1) 2px 
 C(  1) 2s       (-4.632088886237956+0j)         (0.492403876506104+0.17101007166283444j)         0j         0j          
 C(  1) 2s       (0.492403876506104-0.17101007166283444j)         (4.632088886237956+0j)         0j         0j          
 C(  1) 2s       0j         0j         (-4.632088886237956-0j)         (-0.492403876506104+0.17101007166283444j)          
 C(  1) 2s       0j         0j         (-0.492403876506104-0.17101007166283444j)         (4.632088886237956-0j)          
#	******* Energies (in eV)  and Occupation Numbers ******* 
1:--->  -4.661325291397025  [2 Electrons] 
2:--->  -4.661325291397025  [2 Electrons] 
3:--->  4.6613252913970245  [0 Electrons] 
4:--->  4.6613252913970245  [0 Electrons] 
Total_Energy: -1.7763568394002505e-15 
 
 
;***& Kpoint: 47 (0.2777777777777778 0.4444444444444444 ) Weight: 0.000000 
 
;		 --- Hamiltonian H(K) --- 
    C(  1) 2s       C(  1) 2px 
 C(  1) 2s       (-5.3266815969056776+0j)         (0.492403876506104+0.17101007166283444j)         0j         0j          
 C(  1) 2s       (0.492403876506104-0.17101007166283444j)         (5.3266815969056776+0j)         0j         0j          
 C(  1) 2s       0j         0j         (-5.3266815969056776-0j)         (-0.492403876506104+0.17101007166283444j)          
 C(  1) 2s       0j         0j         (-0.492403876506104-0.17101007166283444j)         (5.3266815969056776-0j)          
#	******* Energies (in eV)  and Occupation Numbers ******* 
1:--->  -5.352125078604013  [2 Electrons] 
2:--->  -5.352125078604013  [2 Electrons] 
3:--->  5.35212507860401  [0 Electrons] 
4:--->  5.35212507860401  [0 Electrons] 
Total_Energy: -5.329070518200751e-15 
 
 
;***& Kpoint: 48 (0.3333333333333333 0.4444444444444444 ) Weight: 0.000000 
 
;		 --- Hamiltonian H(K) --- 
    C(  1) 2s       C(  1) 2px 
 C(  1) 2s       (-5.9793852415718165+0j)         (0.43301270189221935+0.17101007166283444j)         0j         0j          
 C(  1) 2s       (0.43301270189221935-0.17101007166283444j)         (5.9793852415718165+0j)         0j         0j          
 C(  1) 2s       0j         0j         (-5.9793852415718165-0j)         (-0.43301270189221935+0.17101007166283444j)          
 C(  1) 2s       0j         0j         (-0.43301270189221935-0.17101007166283444j)         (5.9793852415718165-0j)          
#	******* Energies (in eV)  and Occupation Numbers ******* 
1:--->  -5.9974821643533875  [2 Electrons] 
2:--->  -5.9974821643533875  [2 Electrons] 
3:--->  5.997482164353387  [0 Electrons] 
4:--->  5.997482164353387  [0 Electrons] 
Total_Energy: -1.7763568394002505e-15 
 
 
;***& Kpoint: 49 (0.38888888888888884 0.4444444444444444 ) Weight: 0.000000 
 
;		 --- Hamiltonian H(K) --- 
    C(  1) 2s       C(  1) 2px 
 C(  1) 2s       (-6.511474127809773+0j)         (0.32139380484326974+0.17101007166283444j)         0j         0j          
 C(  1) 2s       (0.32139380484326974-0.17101007166283444j)         (6.511474127809773+0j)         0j         0j          
 C(  1) 2s       0j         0j         (-6.511474127809773-0j)         (-0.32139380484326974+0.17101007166283444j)          
 C(  1) 2s       0j         0j         (-0.32139380484326974-0.17101007166283444j)         (6.511474127809773-0j)          
#	******* Energies (in eV)  and Occupation Numbers ******* 
1:--->  -6.521643484547267  [2 Electrons] 
2:--->  -6.521643484547267  [2 Electrons] 
3:--->  6.521643484547266  [0 Electrons] 
4:--->  6.521643484547266  [0 Electrons] 
Total_Energy: -1.7763568394002505e-15 
 
 
;***& Kpoint: 50 (0.4444444444444444 0.4444444444444444 ) Weight: 0.000000 
 
;		 --- Hamiltonian H(K) --- 
    C(  1) 2s       C(  1) 2px 
 C(  1) 2s       (-6.858770483143634+0j)         (0.17101007166283444+0.17101007166283444j)         0j         0j          
 C(  1) 2s       (0.17101007166283444-0.17101007166283444j)         (6.858770483143634+0j)         0j         0j          
 C(  1) 2s       0j         0j         (-6.858770483143634-0j)         (-0.17101007166283444+0.17101007166283444j)          
 C(  1) 2s       0j         0j         (-0.17101007166283444-0.17101007166283444j)         (6.858770483143634-0j)          
#	******* Energies (in eV)  and Occupation Numbers ******* 
1:--->  -6.863032961429124  [2 Electrons] 
2:--->  -6.863032961429124  [2 Electrons] 
3:--->  6.863032961429121  [0 Electrons] 
4:--->  6.863032961429121  [0 Electrons] 
Total_Energy: -7.105427357601002e-15 
 
 
;***& Kpoint: 51 (0.5 0.4444444444444444 ) Weight: 0.000000 
 
;		 --- Hamiltonian H(K) --- 
    C(  1) 2s       C(  1) 2px 
 C(  1) 2s       (-6.979385241571817+0j)         (6.123233995736766e-17+0.17101007166283444j)         0j         0j          
 C(  1) 2s       (6.123233995736766e-17-0.17101007166283444j)         (6.979385241571817+0j)         0j         0j          
 C(  1) 2s       0j         0j         (-6.979385241571817-0j)         (-6.123233995736766e-17+0.17101007166283444j)          
 C(  1) 2s       0j         0j         (-6.123233995736766e-17-0.17101007166283444j)         (6.979385241571817-0j)          
#	******* Energies (in eV)  and Occupation Numbers ******* 
1:--->  -6.981479985997284  [2 Electrons] 
2:--->  -6.981479985997284  [2 Electrons] 
3:--->  6.981479985997283  [0 Electrons] 
4:--->  6.981479985997283  [0 Electrons] 
Total_Energy: -1.7763568394002505e-15 
 
 
;***& Kpoint: 52 (0.0 0.5555555555555556 ) Weight: 0.000000 
 
;		 --- Hamiltonian H(K) --- 
    C(  1) 2s       C(  1) 2px 
 C(  1) 2s       (-2.9793852415718174+0j)         -0.17101007166283433j         0j         0j          
 C(  1) 2s       0.17101007166283433j         (2.9793852415718174+0j)         0j         0j          
 C(  1) 2s       0j         0j         (-2.9793852415718174-0j)         -0.17101007166283433j          
 C(  1) 2s       0j         0j         0.17101007166283433j         (2.9793852415718174-0j)          
#	******* Energies (in eV)  and Occupation Numbers ******* 
1:--->  -2.984289004487684  [2 Electrons] 
2:--->  -2.984289004487684  [2 Electrons] 
3:--->  2.9842890044876826  [0 Electrons] 
4:--->  2.9842890044876826  [0 Electrons] 
Total_Energy: -2.6645352591003757e-15 
 
 
;***& Kpoint: 53 (0.05555555555555555 0.5555555555555556 ) Weight: 0.000000 
 
;		 --- Hamiltonian H(K) --- 
    C(  1) 2s       C(  1) 2px 
 C(  1) 2s       (-3.1000000000000005+0j)         (0.17101007166283436-0.17101007166283433j)         0j         0j          
 C(  1) 2s       (0.17101007166283436+0.17101007166283433j)         (3.1000000000000005+0j)         0j         0j          
 C(  1) 2s       0j         0j         (-3.1000000000000005-0j)         (-0.17101007166283436-0.17101007166283433j)          
 C(  1) 2s       0j         0j         (-0.17101007166283436+0.17101007166283433j)         (3.1000000000000005-0j)          
#	******* Energies (in eV)  and Occupation Numbers ******* 
1:--->  -3.1094193813669238  [2 Electrons] 
2:--->  -3.1094193813669238  [2 Electrons] 
3:--->  3.109419381366925  [0 Electrons] 
4:--->  3.109419381366925  [0 Electrons] 
Total_Energy: 2.6645352591003757e-15 
 
 
;***& Kpoint: 54 (0.1111111111111111 0.5555555555555556 ) Weight: 0.000000 
 
;		 --- Hamiltonian H(K) --- 
    C(  1) 2s       C(  1) 2px 
 C(  1) 2s       (-3.4472963553338616+0j)         (0.3213938048432696-0.17101007166283433j)         0j         0j          
 C(  1) 2s       (0.3213938048432696+0.17101007166283433j)         (3.4472963553338616+0j)         0j         0j          
 C(  1) 2s       0j         0j         (-3.4472963553338616-0j)         (-0.3213938048432696-0.17101007166283433j)          
 C(  1) 2s       0j         0j         (-0.3213938048432696+0.17101007166283433j)         (3.4472963553338616-0j)          
#	******* Energies (in eV)  and Occupation Numbers ******* 
1:--->  -3.4664665848526344  [2 Electrons] 
2:--->  -3.4664665848526344  [2 Electrons] 
3:--->  3.4664665848526344  [0 Electrons] 
4:--->  3.4664665848526344  [0 Electrons] 
Total_Energy: 0.0 
 
 
;***& Kpoint: 55 (0.16666666666666666 0.5555555555555556 ) Weight: 0.000000 
 
;		 --- Hamiltonian H(K) --- 
    C(  1) 2s       C(  1) 2px 
 C(  1) 2s       (-3.9793852415718174+0j)         (0.4330127018922193-0.17101007166283433j)         0j         0j          
 C(  1) 2s       (0.4330127018922193+0.17101007166283433j)         (3.9793852415718174+0j)         0j         0j          
 C(  1) 2s       0j         0j         (-3.9793852415718174-0j)         (-0.4330127018922193-0.17101007166283433j)          
 C(  1) 2s       0j         0j         (-0.4330127018922193+0.17101007166283433j)         (3.9793852415718174-0j)          
#	******* Energies (in eV)  and Occupation Numbers ******* 
1:--->  -4.0065260944426315  [2 Electrons] 
2:--->  -4.0065260944426315  [2 Electrons] 
3:--->  4.006526094442632  [0 Electrons] 
4:--->  4.006526094442632  [0 Electrons] 
Total_Energy: 1.7763568394002505e-15 
 
 
;***& Kpoint: 56 (0.2222222222222222 0.5555555555555556 ) Weight: 0.000000 
 
;		 --- Hamiltonian H(K) --- 
    C(  1) 2s       C(  1) 2px 
 C(  1) 2s       (-4.632088886237956+0j)         (0.492403876506104-0.17101007166283433j)         0j         0j          
 C(  1) 2s       (0.492403876506104+0.17101007166283433j)         (4.632088886237956+0j)         0j         0j          
 C(  1) 2s       0j         0j         (-4.632088886237956-0j)         (-0.492403876506104-0.17101007166283433j)          
 C(  1) 2s       0j         0j         (-0.492403876506104+0.17101007166283433j)         (4.632088886237956-0j)          
#	******* Energies (in eV)  and Occupation Numbers ******* 
1:--->  -4.661325291397025  [2 Electrons] 
2:--->  -4.661325291397025  [2 Electrons] 
3:--->  4.6613252913970245  [0 Electrons] 
4:--->  4.6613252913970245  [0 Electrons] 
Total_Energy: -1.7763568394002505e-15 
 
 
;***& Kpoint: 57 (0.2777777777777778 0.5555555555555556 ) Weight: 0.000000 
 
;		 --- Hamiltonian H(K) --- 
    C(  1) 2s       C(  1) 2px 
 C(  1) 2s       (-5.3266815969056776+0j)         (0.492403876506104-0.17101007166283433j)         0j         0j          
 C(  1) 2s       (0.492403876506104+0.17101007166283433j)         (5.3266815969056776+0j)         0j         0j          
 C(  1) 2s       0j         0j         (-5.3266815969056776-0j)         (-0.492403876506104-0.17101007166283433j)          
 C(  1) 2s       0j         0j         (-0.492403876506104+0.17101007166283433j)         (5.3266815969056776-0j)          
#	******* Energies (in eV)  and Occupation Numbers ******* 
1:--->  -5.352125078604013  [2 Electrons] 
2:--->  -5.352125078604013  [2 Electrons] 
3:--->  5.35212507860401  [0 Electrons] 
4:--->  5.35212507860401  [0 Electrons] 
Total_Energy: -5.329070518200751e-15 
 
 
;***& Kpoint: 58 (0.3333333333333333 0.5555555555555556 ) Weight: 0.000000 
 
;		 --- Hamiltonian H(K) --- 
    C(  1) 2s       C(  1) 2px 
 C(  1) 2s       (-5.9793852415718165+0j)         (0.43301270189221935-0.17101007166283433j)         0j         0j          
 C(  1) 2s       (0.43301270189221935+0.17101007166283433j)         (5.9793852415718165+0j)         0j         0j          
 C(  1) 2s       0j         0j         (-5.9793852415718165-0j)         (-0.43301270189221935-0.17101007166283433j)          
 C(  1) 2s       0j         0j         (-0.43301270189221935+0.17101007166283433j)         (5.9793852415718165-0j)          
#	******* Energies (in eV)  and Occupation Numbers ******* 
1:--->  -5.9974821643533875  [2 Electrons] 
2:--->  -5.9974821643533875  [2 Electrons] 
3:--->  5.997482164353387  [0 Electrons] 
4:--->  5.997482164353387  [0 Electrons] 
Total_Energy: -1.7763568394002505e-15 
 
 
;***& Kpoint: 59 (0.38888888888888884 0.5555555555555556 ) Weight: 0.000000 
 
;		 --- Hamiltonian H(K) --- 
    C(  1) 2s       C(  1) 2px 
 C(  1) 2s       (-6.511474127809773+0j)         (0.32139380484326974-0.17101007166283433j)         0j         0j          
 C(  1) 2s       (0.32139380484326974+0.17101007166283433j)         (6.511474127809773+0j)         0j         0j          
 C(  1) 2s       0j         0j         (-6.511474127809773-0j)         (-0.32139380484326974-0.17101007166283433j)          
 C(  1) 2s       0j         0j         (-0.32139380484326974+0.17101007166283433j)         (6.511474127809773-0j)          
#	******* Energies (in eV)  and Occupation Numbers ******* 
1:--->  -6.521643484547267  [2 Electrons] 
2:--->  -6.521643484547267  [2 Electrons] 
3:--->  6.521643484547263  [0 Electrons] 
4:--->  6.521643484547263  [0 Electrons] 
Total_Energy: -8.881784197001252e-15 
 
 
;***& Kpoint: 60 (0.4444444444444444 0.5555555555555556 ) Weight: 0.000000 
 
;		 --- Hamiltonian H(K) --- 
    C(  1) 2s       C(  1) 2px 
 C(  1) 2s       (-6.858770483143634+0j)         (0.17101007166283444-0.17101007166283433j)         0j         0j          
 C(  1) 2s       (0.17101007166283444+0.17101007166283433j)         (6.858770483143634+0j)         0j         0j          
 C(  1) 2s       0j         0j         (-6.858770483143634-0j)         (-0.17101007166283444-0.17101007166283433j)          
 C(  1) 2s       0j         0j         (-0.17101007166283444+0.17101007166283433j)         (6.858770483143634-0j)          
#	******* Energies (in eV)  and Occupation Numbers ******* 
1:--->  -6.863032961429124  [2 Electrons] 
2:--->  -6.863032961429124  [2 Electrons] 
3:--->  6.863032961429124  [0 Electrons] 
4:--->  6.863032961429124  [0 Electrons] 
Total_Energy: 0.0 
 
 
;***& Kpoint: 61 (0.5 0.5555555555555556 ) Weight: 0.000000 
 
;		 --- Hamiltonian H(K) --- 
    C(  1) 2s       C(  1) 2px 
 C(  1) 2s       (-6.979385241571817+0j)         (6.123233995736766e-17-0.17101007166283433j)         0j         0j          
 C(  1) 2s       (6.123233995736766e-17+0.17101007166283433j)         (6.979385241571817+0j)         0j         0j          
 C(  1) 2s       0j         0j         (-6.979385241571817-0j)         (-6.123233995736766e-17-0.17101007166283433j)          
 C(  1) 2s       0j         0j         (-6.123233995736766e-17+0.17101007166283433j)         (6.979385241571817-0j)          
#	******* Energies (in eV)  and Occupation Numbers ******* 
1:--->  -6.981479985997284  [2 Electrons] 
2:--->  -6.981479985997284  [2 Electrons] 
3:--->  6.981479985997283  [0 Electrons] 
4:--->  6.981479985997283  [0 Electrons] 
Total_Energy: -1.7763568394002505e-15 
 
 
;***& Kpoint: 62 (0.0 0.6666666666666666 ) Weight: 0.000000 
 
;		 --- Hamiltonian H(K) --- 
    C(  1) 2s       C(  1) 2px 
 C(  1) 2s       (-2.1000000000000014+0j)         -0.43301270189221924j         0j         0j          
 C(  1) 2s       0.43301270189221924j         (2.1000000000000014+0j)         0j         0j          
 C(  1) 2s       0j         0j         (-2.1000000000000014-0j)         -0.43301270189221924j          
 C(  1) 2s       0j         0j         0.43301270189221924j         (2.1000000000000014-0j)          
#	******* Energies (in eV)  and Occupation Numbers ******* 
1:--->  -2.1441781642391593  [2 Electrons] 
2:--->  -2.1441781642391593  [2 Electrons] 
3:--->  2.144178164239158  [0 Electrons] 
4:--->  2.144178164239158  [0 Electrons] 
Total_Energy: -2.6645352591003757e-15 
 
 
;***& Kpoint: 63 (0.05555555555555555 0.6666666666666666 ) Weight: 0.000000 
 
;		 --- Hamiltonian H(K) --- 
    C(  1) 2s       C(  1) 2px 
 C(  1) 2s       (-2.2206147584281846+0j)         (0.17101007166283436-0.43301270189221924j)         0j         0j          
 C(  1) 2s       (0.17101007166283436+0.43301270189221924j)         (2.2206147584281846+0j)         0j         0j          
 C(  1) 2s       0j         0j         (-2.2206147584281846-0j)         (-0.17101007166283436-0.43301270189221924j)          
 C(  1) 2s       0j         0j         (-0.17101007166283436+0.43301270189221924j)         (2.2206147584281846-0j)          
#	******* Energies (in eV)  and Occupation Numbers ******* 
1:--->  -2.2688927585849434  [2 Electrons] 
2:--->  -2.2688927585849434  [2 Electrons] 
3:--->  2.268892758584943  [0 Electrons] 
4:--->  2.268892758584943  [0 Electrons] 
Total_Energy: -8.881784197001252e-16 
 
 
;***& Kpoint: 64 (0.1111111111111111 0.6666666666666666 ) Weight: 0.000000 
 
;		 --- Hamiltonian H(K) --- 
    C(  1) 2s       C(  1) 2px 
 C(  1) 2s       (-2.5679111137620456+0j)         (0.3213938048432696-0.43301270189221924j)         0j         0j          
 C(  1) 2s       (0.3213938048432696+0.43301270189221924j)         (2.5679111137620456+0j)         0j         0j          
 C(  1) 2s       0j         0j         (-2.5679111137620456-0j)         (-0.3213938048432696-0.43301270189221924j)          
 C(  1) 2s       0j         0j         (-0.3213938048432696+0.43301270189221924j)         (2.5679111137620456-0j)          
#	******* Energies (in eV)  and Occupation Numbers ******* 
1:--->  -2.623921009858007  [2 Electrons] 
2:--->  -2.623921009858007  [2 Electrons] 
3:--->  2.623921009858007  [0 Electrons] 
4:--->  2.623921009858007  [0 Electrons] 
Total_Energy: 0.0 
 
 
;***& Kpoint: 65 (0.16666666666666666 0.6666666666666666 ) Weight: 0.000000 
 
;		 --- Hamiltonian H(K) --- 
    C(  1) 2s       C(  1) 2px 
 C(  1) 2s       (-3.1000000000000014+0j)         (0.4330127018922193-0.43301270189221924j)         0j         0j          
 C(  1) 2s       (0.4330127018922193+0.43301270189221924j)         (3.1000000000000014+0j)         0j         0j          
 C(  1) 2s       0j         0j         (-3.1000000000000014-0j)         (-0.4330127018922193-0.43301270189221924j)          
 C(  1) 2s       0j         0j         (-0.4330127018922193+0.43301270189221924j)         (3.1000000000000014-0j)          
#	******* Energies (in eV)  and Occupation Numbers ******* 
1:--->  -3.1599050618649933  [2 Electrons] 
2:--->  -3.1599050618649933  [2 Electrons] 
3:--->  3.1599050618649938  [0 Electrons] 
4:--->  3.1599050618649938  [0 Electrons] 
Total_Energy: 8.881784197001252e-16 
 
 
;***& Kpoint: 66 (0.2222222222222222 0.6666666666666666 ) Weight: 0.000000 
 
;		 --- Hamiltonian H(K) --- 
    C(  1) 2s       C(  1) 2px 
 C(  1) 2s       (-3.7527036446661404+0j)         (0.492403876506104-0.43301270189221924j)         0j         0j          
 C(  1) 2s       (0.492403876506104+0.43301270189221924j)         (3.7527036446661404+0j)         0j         0j          
 C(  1) 2s       0j         0j         (-3.7527036446661404-0j)         (-0.492403876506104-0.43301270189221924j)          
 C(  1) 2s       0j         0j         (-0.492403876506104+0.43301270189221924j)         (3.7527036446661404-0j)          
#	******* Energies (in eV)  and Occupation Numbers ******* 
1:--->  -3.8095598462668594  [2 Electrons] 
2:--->  -3.8095598462668594  [2 Electrons] 
3:--->  3.8095598462668585  [0 Electrons] 
4:--->  3.8095598462668585  [0 Electrons] 
Total_Energy: -1.7763568394002505e-15 
 
 
;***& Kpoint: 67 (0.2777777777777778 0.6666666666666666 ) Weight: 0.000000 
 
;		 --- Hamiltonian H(K) --- 
    C(  1) 2s       C(  1) 2px 
 C(  1) 2s       (-4.447296355333862+0j)         (0.492403876506104-0.43301270189221924j)         0j         0j          
 C(  1) 2s       (0.492403876506104+0.43301270189221924j)         (4.447296355333862+0j)         0j         0j          
 C(  1) 2s       0j         0j         (-4.447296355333862-0j)         (-0.492403876506104-0.43301270189221924j)          
 C(  1) 2s       0j         0j         (-0.492403876506104+0.43301270189221924j)         (4.447296355333862-0j)          
#	******* Energies (in eV)  and Occupation Numbers ******* 
1:--->  -4.495376118831893  [2 Electrons] 
2:--->  -4.495376118831893  [2 Electrons] 
3:--->  4.495376118831892  [0 Electrons] 
4:--->  4.495376118831892  [0 Electrons] 
Total_Energy: -1.7763568394002505e-15 
 
 
;***& Kpoint: 68 (0.3333333333333333 0.6666666666666666 ) Weight: 0.000000 
 
;		 --- Hamiltonian H(K) --- 
    C(  1) 2s       C(  1) 2px 
 C(  1) 2s       (-5.1000000000000005+0j)         (0.43301270189221935-0.43301270189221924j)         0j         0j          
 C(  1) 2s       (0.43301270189221935+0.43301270189221924j)         (5.1000000000000005+0j)         0j         0j          
 C(  1) 2s       0j         0j         (-5.1000000000000005-0j)         (-0.43301270189221935-0.43301270189221924j)          
 C(  1) 2s       0j         0j         (-0.43301270189221935+0.43301270189221924j)         (5.1000000000000005-0j)          
#	******* Energies (in eV)  and Occupation Numbers ******* 
1:--->  -5.1366331385451325  [2 Electrons] 
2:--->  -5.1366331385451325  [2 Electrons] 
3:--->  5.136633138545132  [0 Electrons] 
4:--->  5.136633138545132  [0 Electrons] 
Total_Energy: -1.7763568394002505e-15 
 
 
;***& Kpoint: 69 (0.38888888888888884 0.6666666666666666 ) Weight: 0.000000 
 
;		 --- Hamiltonian H(K) --- 
    C(  1) 2s       C(  1) 2px 
 C(  1) 2s       (-5.632088886237957+0j)         (0.32139380484326974-0.43301270189221924j)         0j         0j          
 C(  1) 2s       (0.32139380484326974+0.43301270189221924j)         (5.632088886237957+0j)         0j         0j          
 C(  1) 2s       0j         0j         (-5.632088886237957-0j)         (-0.32139380484326974-0.43301270189221924j)          
 C(  1) 2s       0j         0j         (-0.32139380484326974+0.43301270189221924j)         (5.632088886237957-0j)          
#	******* Energies (in eV)  and Occupation Numbers ******* 
1:--->  -5.657845809164189  [2 Electrons] 
2:--->  -5.657845809164189  [2 Electrons] 
3:--->  5.657845809164186  [0 Electrons] 
4:--->  5.657845809164186  [0 Electrons] 
Total_Energy: -5.329070518200751e-15 
 
 
;***& Kpoint: 70 (0.4444444444444444 0.6666666666666666 ) Weight: 0.000000 
 
;		 --- Hamiltonian H(K) --- 
    C(  1) 2s       C(  1) 2px 
 C(  1) 2s       (-5.979385241571818+0j)         (0.17101007166283444-0.43301270189221924j)         0j         0j          
 C(  1) 2s       (0.17101007166283444+0.43301270189221924j)         (5.979385241571818+0j)         0j         0j          
 C(  1) 2s       0j         0j         (-5.979385241571818-0j)         (-0.17101007166283444-0.43301270189221924j)          
 C(  1) 2s       0j         0j         (-0.17101007166283444+0.43301270189221924j)         (5.979385241571818-0j)          
#	******* Energies (in eV)  and Occupation Numbers ******* 
1:--->  -5.997482164353389  [2 Electrons] 
2:--->  -5.997482164353389  [2 Electrons] 
3:--->  5.997482164353388  [0 Electrons] 
4:--->  5.997482164353388  [0 Electrons] 
Total_Energy: -1.7763568394002505e-15 
 
 
;***& Kpoint: 71 (0.5 0.6666666666666666 ) Weight: 0.000000 
 
;		 --- Hamiltonian H(K) --- 
    C(  1) 2s       C(  1) 2px 
 C(  1) 2s       (-6.100000000000001+0j)         (6.123233995736766e-17-0.43301270189221924j)         0j         0j          
 C(  1) 2s       (6.123233995736766e-17+0.43301270189221924j)         (6.100000000000001+0j)         0j         0j          
 C(  1) 2s       0j         0j         (-6.100000000000001-0j)         (-6.123233995736766e-17-0.43301270189221924j)          
 C(  1) 2s       0j         0j         (-6.123233995736766e-17+0.43301270189221924j)         (6.100000000000001-0j)          
#	******* Energies (in eV)  and Occupation Numbers ******* 
1:--->  -6.1153495402961235  [2 Electrons] 
2:--->  -6.1153495402961235  [2 Electrons] 
3:--->  6.115349540296124  [0 Electrons] 
4:--->  6.115349540296124  [0 Electrons] 
Total_Energy: 1.7763568394002505e-15 
 
 
;***& Kpoint: 72 (0.0 0.7777777777777777 ) Weight: 0.000000 
 
;		 --- Hamiltonian H(K) --- 
    C(  1) 2s       C(  1) 2px 
 C(  1) 2s       (-0.7527036446661406+0j)         -0.49240387650610407j         0j         0j          
 C(  1) 2s       0.49240387650610407j         (0.7527036446661406+0j)         0j         0j          
 C(  1) 2s       0j         0j         (-0.7527036446661406-0j)         -0.49240387650610407j          
 C(  1) 2s       0j         0j         0.49240387650610407j         (0.7527036446661406-0j)          
#	******* Energies (in eV)  and Occupation Numbers ******* 
1:--->  -0.8994578112907409  [2 Electrons] 
2:--->  -0.8994578112907409  [2 Electrons] 
3:--->  0.899457811290741  [0 Electrons] 
4:--->  0.899457811290741  [0 Electrons] 
Total_Energy: 2.220446049250313e-16 
 
 
;***& Kpoint: 73 (0.05555555555555555 0.7777777777777777 ) Weight: 0.000000 
 
;		 --- Hamiltonian H(K) --- 
    C(  1) 2s       C(  1) 2px 
 C(  1) 2s       (-0.8733184030943237+0j)         (0.17101007166283436-0.49240387650610407j)         0j         0j          
 C(  1) 2s       (0.17101007166283436+0.49240387650610407j)         (0.8733184030943237+0j)         0j         0j          
 C(  1) 2s       0j         0j         (-0.8733184030943237-0j)         (-0.17101007166283436-0.49240387650610407j)          
 C(  1) 2s       0j         0j         (-0.17101007166283436+0.49240387650610407j)         (0.8733184030943237-0j)          
#	******* Energies (in eV)  and Occupation Numbers ******* 
1:--->  -1.0170501734878108  [2 Electrons] 
2:--->  -1.0170501734878108  [2 Electrons] 
3:--->  1.0170501734878108  [0 Electrons] 
4:--->  1.0170501734878108  [0 Electrons] 
Total_Energy: 0.0 
 
 
;***& Kpoint: 74 (0.1111111111111111 0.7777777777777777 ) Weight: 0.000000 
 
;		 --- Hamiltonian H(K) --- 
    C(  1) 2s       C(  1) 2px 
 C(  1) 2s       (-1.2206147584281846+0j)         (0.3213938048432696-0.49240387650610407j)         0j         0j          
 C(  1) 2s       (0.3213938048432696+0.49240387650610407j)         (1.2206147584281846+0j)         0j         0j          
 C(  1) 2s       0j         0j         (-1.2206147584281846-0j)         (-0.3213938048432696-0.49240387650610407j)          
 C(  1) 2s       0j         0j         (-0.3213938048432696+0.49240387650610407j)         (1.2206147584281846-0j)          
#	******* Energies (in eV)  and Occupation Numbers ******* 
1:--->  -1.3548638100866703  [2 Electrons] 
2:--->  -1.3548638100866703  [2 Electrons] 
3:--->  1.35486381008667  [0 Electrons] 
4:--->  1.35486381008667  [0 Electrons] 
Total_Energy: -8.881784197001252e-16 
 
 
;***& Kpoint: 75 (0.16666666666666666 0.7777777777777777 ) Weight: 0.000000 
 
;		 --- Hamiltonian H(K) --- 
    C(  1) 2s       C(  1) 2px 
 C(  1) 2s       (-1.7527036446661406+0j)         (0.4330127018922193-0.49240387650610407j)         0j         0j          
 C(  1) 2s       (0.4330127018922193+0.49240387650610407j)         (1.7527036446661406+0j)         0j         0j          
 C(  1) 2s       0j         0j         (-1.7527036446661406-0j)         (-0.4330127018922193-0.49240387650610407j)          
 C(  1) 2s       0j         0j         (-0.4330127018922193+0.49240387650610407j)         (1.7527036446661406-0j)          
#	******* Energies (in eV)  and Occupation Numbers ******* 
1:--->  -1.871344875650721  [2 Electrons] 
2:--->  -1.871344875650721  [2 Electrons] 
3:--->  1.8713448756507207  [0 Electrons] 
4:--->  1.8713448756507207  [0 Electrons] 
Total_Energy: -4.440892098500626e-16 
 
 
;***& Kpoint: 76 (0.2222222222222222 0.7777777777777777 ) Weight: 0.000000 
 
;		 --- Hamiltonian H(K) --- 
    C(  1) 2s       C(  1) 2px 
 C(  1) 2s       (-2.4054072893322793+0j)         (0.492403876506104-0.49240387650610407j)         0j         0j          
 C(  1) 2s       (0.492403876506104+0.49240387650610407j)         (2.4054072893322793+0j)         0j         0j          
 C(  1) 2s       0j         0j         (-2.4054072893322793-0j)         (-0.492403876506104-0.49240387650610407j)          
 C(  1) 2s       0j         0j         (-0.492403876506104+0.49240387650610407j)         (2.4054072893322793-0j)          
#	******* Energies (in eV)  and Occupation Numbers ******* 
1:--->  -2.504177985441399  [2 Electrons] 
2:--->  -2.504177985441399  [2 Electrons] 
3:--->  2.5041779854413986  [0 Electrons] 
4:--->  2.5041779854413986  [0 Electrons] 
Total_Energy: -8.881784197001252e-16 
 
 
;***& Kpoint: 77 (0.2777777777777778 0.7777777777777777 ) Weight: 0.000000 
 
;		 --- Hamiltonian H(K) --- 
    C(  1) 2s       C(  1) 2px 
 C(  1) 2s       (-3.1000000000000014+0j)         (0.492403876506104-0.49240387650610407j)         0j         0j          
 C(  1) 2s       (0.492403876506104+0.49240387650610407j)         (3.1000000000000014+0j)         0j         0j          
 C(  1) 2s       0j         0j         (-3.1000000000000014-0j)         (-0.492403876506104-0.49240387650610407j)          
 C(  1) 2s       0j         0j         (-0.492403876506104+0.49240387650610407j)         (3.1000000000000014-0j)          
#	******* Energies (in eV)  and Occupation Numbers ******* 
1:--->  -3.1772508801157793  [2 Electrons] 
2:--->  -3.1772508801157793  [2 Electrons] 
3:--->  3.177250880115778  [0 Electrons] 
4:--->  3.177250880115778  [0 Electrons] 
Total_Energy: -2.6645352591003757e-15 
 
 
;***& Kpoint: 78 (0.3333333333333333 0.7777777777777777 ) Weight: 0.000000 
 
;		 --- Hamiltonian H(K) --- 
    C(  1) 2s       C(  1) 2px 
 C(  1) 2s       (-3.7527036446661395+0j)         (0.43301270189221935-0.49240387650610407j)         0j         0j          
 C(  1) 2s       (0.43301270189221935+0.49240387650610407j)         (3.7527036446661395+0j)         0j         0j          
 C(  1) 2s       0j         0j         (-3.7527036446661395-0j)         (-0.43301270189221935-0.49240387650610407j)          
 C(  1) 2s       0j         0j         (-0.43301270189221935+0.49240387650610407j)         (3.7527036446661395-0j)          
#	******* Energies (in eV)  and Occupation Numbers ******* 
1:--->  -3.8095598462668585  [2 Electrons] 
2:--->  -3.8095598462668585  [2 Electrons] 
3:--->  3.8095598462668594  [0 Electrons] 
4:--->  3.8095598462668594  [0 Electrons] 
Total_Energy: 1.7763568394002505e-15 
 
 
;***& Kpoint: 79 (0.38888888888888884 0.7777777777777777 ) Weight: 0.000000 
 
;		 --- Hamiltonian H(K) --- 
    C(  1) 2s       C(  1) 2px 
 C(  1) 2s       (-4.284792530904096+0j)         (0.32139380484326974-0.49240387650610407j)         0j         0j          
 C(  1) 2s       (0.32139380484326974+0.49240387650610407j)         (4.284792530904096+0j)         0j         0j          
 C(  1) 2s       0j         0j         (-4.284792530904096-0j)         (-0.32139380484326974-0.49240387650610407j)          
 C(  1) 2s       0j         0j         (-0.32139380484326974+0.49240387650610407j)         (4.284792530904096-0j)          
#	******* Energies (in eV)  and Occupation Numbers ******* 
1:--->  -4.324951165999614  [2 Electrons] 
2:--->  -4.324951165999614  [2 Electrons] 
3:--->  4.324951165999612  [0 Electrons] 
4:--->  4.324951165999612  [0 Electrons] 
Total_Energy: -3.552713678800501e-15 
 
 
;***& Kpoint: 80 (0.4444444444444444 0.7777777777777777 ) Weight: 0.000000 
 
;		 --- Hamiltonian H(K) --- 
    C(  1) 2s       C(  1) 2px 
 C(  1) 2s       (-4.632088886237957+0j)         (0.17101007166283444-0.49240387650610407j)         0j         0j          
 C(  1) 2s       (0.17101007166283444+0.49240387650610407j)         (4.632088886237957+0j)         0j         0j          
 C(  1) 2s       0j         0j         (-4.632088886237957-0j)         (-0.17101007166283444-0.49240387650610407j)          
 C(  1) 2s       0j         0j         (-0.17101007166283444+0.49240387650610407j)         (4.632088886237957-0j)          
#	******* Energies (in eV)  and Occupation Numbers ******* 
1:--->  -4.661325291397025  [2 Electrons] 
2:--->  -4.661325291397025  [2 Electrons] 
3:--->  4.661325291397025  [0 Electrons] 
4:--->  4.661325291397025  [0 Electrons] 
Total_Energy: 0.0 
 
 
;***& Kpoint: 81 (0.5 0.7777777777777777 ) Weight: 0.000000 
 
;		 --- Hamiltonian H(K) --- 
    C(  1) 2s       C(  1) 2px 
 C(  1) 2s       (-4.75270364466614+0j)         (6.123233995736766e-17-0.49240387650610407j)         0j         0j          
 C(  1) 2s       (6.123233995736766e-17+0.49240387650610407j)         (4.75270364466614+0j)         0j         0j          
 C(  1) 2s       0j         0j         (-4.75270364466614-0j)         (-6.123233995736766e-17-0.49240387650610407j)          
 C(  1) 2s       0j         0j         (-6.123233995736766e-17+0.49240387650610407j)         (4.75270364466614-0j)          
#	******* Energies (in eV)  and Occupation Numbers ******* 
1:--->  -4.778143312168552  [2 Electrons] 
2:--->  -4.778143312168552  [2 Electrons] 
3:--->  4.7781433121685515  [0 Electrons] 
4:--->  4.7781433121685515  [0 Electrons] 
Total_Energy: -1.7763568394002505e-15 
 
 
;***& Kpoint: 82 (0.0 0.8888888888888888 ) Weight: 0.000000 
 
;		 --- Hamiltonian H(K) --- 
    C(  1) 2s       C(  1) 2px 
 C(  1) 2s       (0.43208888623795505+0j)         -0.3213938048432698j         0j         0j          
 C(  1) 2s       0.3213938048432698j         (-0.43208888623795505+0j)         0j         0j          
 C(  1) 2s       0j         0j         (0.43208888623795505-0j)         -0.3213938048432698j          
 C(  1) 2s       0j         0j         0.3213938048432698j         (-0.43208888623795505-0j)          
#	******* Energies (in eV)  and Occupation Numbers ******* 
1:--->  -0.5385116372020111  [2 Electrons] 
2:--->  -0.5385116372020111  [2 Electrons] 
3:--->  0.5385116372020109  [0 Electrons] 
4:--->  0.5385116372020109  [0 Electrons] 
Total_Energy: -4.440892098500626e-16 
 
 
;***& Kpoint: 83 (0.05555555555555555 0.8888888888888888 ) Weight: 0.000000 
 
;		 --- Hamiltonian H(K) --- 
    C(  1) 2s       C(  1) 2px 
 C(  1) 2s       (0.3114741278097719+0j)         (0.17101007166283436-0.3213938048432698j)         0j         0j          
 C(  1) 2s       (0.17101007166283436+0.3213938048432698j)         (-0.3114741278097719+0j)         0j         0j          
 C(  1) 2s       0j         0j         (0.3114741278097719-0j)         (-0.17101007166283436-0.3213938048432698j)          
 C(  1) 2s       0j         0j         (-0.17101007166283436+0.3213938048432698j)         (-0.3114741278097719-0j)          
#	******* Energies (in eV)  and Occupation Numbers ******* 
1:--->  -0.4791185184238017  [2 Electrons] 
2:--->  -0.4791185184238017  [2 Electrons] 
3:--->  0.4791185184238026  [0 Electrons] 
4:--->  0.4791185184238026  [0 Electrons] 
Total_Energy: 1.7763568394002505e-15 
 
 
;***& Kpoint: 84 (0.1111111111111111 0.8888888888888888 ) Weight: 0.000000 
 
;		 --- Hamiltonian H(K) --- 
    C(  1) 2s       C(  1) 2px 
 C(  1) 2s       (-0.03582222752408892+0j)         (0.3213938048432696-0.3213938048432698j)         0j         0j          
 C(  1) 2s       (0.3213938048432696+0.3213938048432698j)         (0.03582222752408892+0j)         0j         0j          
 C(  1) 2s       0j         0j         (-0.03582222752408892-0j)         (-0.3213938048432696-0.3213938048432698j)          
 C(  1) 2s       0j         0j         (-0.3213938048432696+0.3213938048432698j)         (0.03582222752408892-0j)          
#	******* Energies (in eV)  and Occupation Numbers ******* 
1:--->  -0.45592892819830444  [2 Electrons] 
2:--->  -0.45592892819830444  [2 Electrons] 
3:--->  0.45592892819830494  [0 Electrons] 
4:--->  0.45592892819830494  [0 Electrons] 
Total_Energy: 9.992007221626409e-16 
 
 
;***& Kpoint: 85 (0.16666666666666666 0.8888888888888888 ) Weight: 0.000000 
 
;		 --- Hamiltonian H(K) --- 
    C(  1) 2s       C(  1) 2px 
 C(  1) 2s       (-0.567911113762045+0j)         (0.4330127018922193-0.3213938048432698j)         0j         0j          
 C(  1) 2s       (0.4330127018922193+0.3213938048432698j)         (0.567911113762045+0j)         0j         0j          
 C(  1) 2s       0j         0j         (-0.567911113762045-0j)         (-0.4330127018922193-0.3213938048432698j)          
 C(  1) 2s       0j         0j         (-0.4330127018922193+0.3213938048432698j)         (0.567911113762045-0j)          
#	******* Energies (in eV)  and Occupation Numbers ******* 
1:--->  -0.7831455873118871  [2 Electrons] 
2:--->  -0.7831455873118871  [2 Electrons] 
3:--->  0.7831455873118868  [0 Electrons] 
4:--->  0.7831455873118868  [0 Electrons] 
Total_Energy: -6.661338147750939e-16 
 
 
;***& Kpoint: 86 (0.2222222222222222 0.8888888888888888 ) Weight: 0.000000 
 
;		 --- Hamiltonian H(K) --- 
    C(  1) 2s       C(  1) 2px 
 C(  1) 2s       (-1.220614758428184+0j)         (0.492403876506104-0.3213938048432698j)         0j         0j          
 C(  1) 2s       (0.492403876506104+0.3213938048432698j)         (1.220614758428184+0j)         0j         0j          
 C(  1) 2s       0j         0j         (-1.220614758428184-0j)         (-0.492403876506104-0.3213938048432698j)          
 C(  1) 2s       0j         0j         (-0.492403876506104+0.3213938048432698j)         (1.220614758428184-0j)          
#	******* Energies (in eV)  and Occupation Numbers ******* 
1:--->  -1.3548638100866695  [2 Electrons] 
2:--->  -1.3548638100866695  [2 Electrons] 
3:--->  1.3548638100866692  [0 Electrons] 
4:--->  1.3548638100866692  [0 Electrons] 
Total_Energy: -4.440892098500626e-16 
 
 
;***& Kpoint: 87 (0.2777777777777778 0.8888888888888888 ) Weight: 0.000000 
 
;		 --- Hamiltonian H(K) --- 
    C(  1) 2s       C(  1) 2px 
 C(  1) 2s       (-1.9152074690959056+0j)         (0.492403876506104-0.3213938048432698j)         0j         0j          
 C(  1) 2s       (0.492403876506104+0.3213938048432698j)         (1.9152074690959056+0j)         0j         0j          
 C(  1) 2s       0j         0j         (-1.9152074690959056-0j)         (-0.492403876506104-0.3213938048432698j)          
 C(  1) 2s       0j         0j         (-0.492403876506104+0.3213938048432698j)         (1.9152074690959056-0j)          
#	******* Energies (in eV)  and Occupation Numbers ******* 
1:--->  -2.0034408414202347  [2 Electrons] 
2:--->  -2.0034408414202347  [2 Electrons] 
3:--->  2.0034408414202334  [0 Electrons] 
4:--->  2.0034408414202334  [0 Electrons] 
Total_Energy: -2.6645352591003757e-15 
 
 
;***& Kpoint: 88 (0.3333333333333333 0.8888888888888888 ) Weight: 0.000000 
 
;		 --- Hamiltonian H(K) --- 
    C(  1) 2s       C(  1) 2px 
 C(  1) 2s       (-2.567911113762044+0j)         (0.43301270189221935-0.3213938048432698j)         0j         0j          
 C(  1) 2s       (0.43301270189221935+0.3213938048432698j)         (2.567911113762044+0j)         0j         0j          
 C(  1) 2s       0j         0j         (-2.567911113762044-0j)         (-0.43301270189221935-0.3213938048432698j)          
 C(  1) 2s       0j         0j         (-0.43301270189221935+0.3213938048432698j)         (2.567911113762044-0j)          
#	******* Energies (in eV)  and Occupation Numbers ******* 
1:--->  -2.623921009858006  [2 Electrons] 
2:--->  -2.623921009858006  [2 Electrons] 
3:--->  2.6239210098580052  [0 Electrons] 
4:--->  2.6239210098580052  [0 Electrons] 
Total_Energy: -1.7763568394002505e-15 
 
 
;***& Kpoint: 89 (0.38888888888888884 0.8888888888888888 ) Weight: 0.000000 
 
;		 --- Hamiltonian H(K) --- 
    C(  1) 2s       C(  1) 2px 
 C(  1) 2s       (-3.1000000000000005+0j)         (0.32139380484326974-0.3213938048432698j)         0j         0j          
 C(  1) 2s       (0.32139380484326974+0.3213938048432698j)         (3.1000000000000005+0j)         0j         0j          
 C(  1) 2s       0j         0j         (-3.1000000000000005-0j)         (-0.32139380484326974-0.3213938048432698j)          
 C(  1) 2s       0j         0j         (-0.32139380484326974+0.3213938048432698j)         (3.1000000000000005-0j)          
#	******* Energies (in eV)  and Occupation Numbers ******* 
1:--->  -3.1331434623367116  [2 Electrons] 
2:--->  -3.1331434623367116  [2 Electrons] 
3:--->  3.1331434623367107  [0 Electrons] 
4:--->  3.1331434623367107  [0 Electrons] 
Total_Energy: -1.7763568394002505e-15 
 
 
;***& Kpoint: 90 (0.4444444444444444 0.8888888888888888 ) Weight: 0.000000 
 
;		 --- Hamiltonian H(K) --- 
    C(  1) 2s       C(  1) 2px 
 C(  1) 2s       (-3.4472963553338616+0j)         (0.17101007166283444-0.3213938048432698j)         0j         0j          
 C(  1) 2s       (0.17101007166283444+0.3213938048432698j)         (3.4472963553338616+0j)         0j         0j          
 C(  1) 2s       0j         0j         (-3.4472963553338616-0j)         (-0.17101007166283444-0.3213938048432698j)          
 C(  1) 2s       0j         0j         (-0.17101007166283444+0.3213938048432698j)         (3.4472963553338616-0j)          
#	******* Energies (in eV)  and Occupation Numbers ******* 
1:--->  -3.4664665848526353  [2 Electrons] 
2:--->  -3.4664665848526353  [2 Electrons] 
3:--->  3.4664665848526344  [0 Electrons] 
4:--->  3.4664665848526344  [0 Electrons] 
Total_Energy: -1.7763568394002505e-15 
 
 
;***& Kpoint: 91 (0.5 0.8888888888888888 ) Weight: 0.000000 
 
;		 --- Hamiltonian H(K) --- 
    C(  1) 2s       C(  1) 2px 
 C(  1) 2s       (-3.5679111137620447+0j)         (6.123233995736766e-17-0.3213938048432698j)         0j         0j          
 C(  1) 2s       (6.123233995736766e-17+0.3213938048432698j)         (3.5679111137620447+0j)         0j         0j          
 C(  1) 2s       0j         0j         (-3.5679111137620447-0j)         (-6.123233995736766e-17-0.3213938048432698j)          
 C(  1) 2s       0j         0j         (-6.123233995736766e-17+0.3213938048432698j)         (3.5679111137620447-0j)          
#	******* Energies (in eV)  and Occupation Numbers ******* 
1:--->  -3.582357281665015  [2 Electrons] 
2:--->  -3.582357281665015  [2 Electrons] 
3:--->  3.582357281665014  [0 Electrons] 
4:--->  3.582357281665014  [0 Electrons] 
Total_Energy: -1.7763568394002505e-15 
 
 
;***& Kpoint: 92 (0.0 1.0 ) Weight: 0.000000 
 
;		 --- Hamiltonian H(K) --- 
    C(  1) 2s       C(  1) 2px 
 C(  1) 2s       (0.8999999999999995+0j)         -1.2246467991473532e-16j         0j         0j          
 C(  1) 2s       1.2246467991473532e-16j         (-0.8999999999999995+0j)         0j         0j          
 C(  1) 2s       0j         0j         (0.8999999999999995-0j)         -1.2246467991473532e-16j          
 C(  1) 2s       0j         0j         1.2246467991473532e-16j         (-0.8999999999999995-0j)          
#	******* Energies (in eV)  and Occupation Numbers ******* 
1:--->  -0.8999999999999995  [2 Electrons] 
2:--->  -0.8999999999999995  [2 Electrons] 
3:--->  0.8999999999999995  [0 Electrons] 
4:--->  0.8999999999999995  [0 Electrons] 
Total_Energy: 0.0 
 
 
;***& Kpoint: 93 (0.05555555555555555 1.0 ) Weight: 0.000000 
 
;		 --- Hamiltonian H(K) --- 
    C(  1) 2s       C(  1) 2px 
 C(  1) 2s       (0.7793852415718163+0j)         (0.17101007166283436-1.2246467991473532e-16j)         0j         0j          
 C(  1) 2s       (0.17101007166283436+1.2246467991473532e-16j)         (-0.7793852415718163+0j)         0j         0j          
 C(  1) 2s       0j         0j         (0.7793852415718163-0j)         (-0.17101007166283436-1.2246467991473532e-16j)          
 C(  1) 2s       0j         0j         (-0.17101007166283436+1.2246467991473532e-16j)         (-0.7793852415718163-0j)          
#	******* Energies (in eV)  and Occupation Numbers ******* 
1:--->  -0.7979259360304602  [2 Electrons] 
2:--->  -0.7979259360304602  [2 Electrons] 
3:--->  0.7979259360304604  [0 Electrons] 
4:--->  0.7979259360304604  [0 Electrons] 
Total_Energy: 2.220446049250313e-16 
 
 
;***& Kpoint: 94 (0.1111111111111111 1.0 ) Weight: 0.000000 
 
;		 --- Hamiltonian H(K) --- 
    C(  1) 2s       C(  1) 2px 
 C(  1) 2s       (0.4320888862379555+0j)         (0.3213938048432696-1.2246467991473532e-16j)         0j         0j          
 C(  1) 2s       (0.3213938048432696+1.2246467991473532e-16j)         (-0.4320888862379555+0j)         0j         0j          
 C(  1) 2s       0j         0j         (0.4320888862379555-0j)         (-0.3213938048432696-1.2246467991473532e-16j)          
 C(  1) 2s       0j         0j         (-0.3213938048432696+1.2246467991473532e-16j)         (-0.4320888862379555-0j)          
#	******* Energies (in eV)  and Occupation Numbers ******* 
1:--->  -0.5385116372020111  [2 Electrons] 
2:--->  -0.5385116372020111  [2 Electrons] 
3:--->  0.5385116372020112  [0 Electrons] 
4:--->  0.5385116372020112  [0 Electrons] 
Total_Energy: 2.220446049250313e-16 
 
 
;***& Kpoint: 95 (0.16666666666666666 1.0 ) Weight: 0.000000 
 
;		 --- Hamiltonian H(K) --- 
    C(  1) 2s       C(  1) 2px 
 C(  1) 2s       (-0.10000000000000053+0j)         (0.4330127018922193-1.2246467991473532e-16j)         0j         0j          
 C(  1) 2s       (0.4330127018922193+1.2246467991473532e-16j)         (0.10000000000000053+0j)         0j         0j          
 C(  1) 2s       0j         0j         (-0.10000000000000053-0j)         (-0.4330127018922193-1.2246467991473532e-16j)          
 C(  1) 2s       0j         0j         (-0.4330127018922193+1.2246467991473532e-16j)         (0.10000000000000053-0j)          
#	******* Energies (in eV)  and Occupation Numbers ******* 
1:--->  -0.44440972086577923  [2 Electrons] 
2:--->  -0.44440972086577923  [2 Electrons] 
3:--->  0.44440972086577957  [0 Electrons] 
4:--->  0.44440972086577957  [0 Electrons] 
Total_Energy: 6.661338147750939e-16 
 
 
;***& Kpoint: 96 (0.2222222222222222 1.0 ) Weight: 0.000000 
 
;		 --- Hamiltonian H(K) --- 
    C(  1) 2s       C(  1) 2px 
 C(  1) 2s       (-0.7527036446661395+0j)         (0.492403876506104-1.2246467991473532e-16j)         0j         0j          
 C(  1) 2s       (0.492403876506104+1.2246467991473532e-16j)         (0.7527036446661395+0j)         0j         0j          
 C(  1) 2s       0j         0j         (-0.7527036446661395-0j)         (-0.492403876506104-1.2246467991473532e-16j)          
 C(  1) 2s       0j         0j         (-0.492403876506104+1.2246467991473532e-16j)         (0.7527036446661395-0j)          
#	******* Energies (in eV)  and Occupation Numbers ******* 
1:--->  -0.89945781129074  [2 Electrons] 
2:--->  -0.89945781129074  [2 Electrons] 
3:--->  0.8994578112907401  [0 Electrons] 
4:--->  0.8994578112907401  [0 Electrons] 
Total_Energy: 2.220446049250313e-16 
 
 
;***& Kpoint: 97 (0.2777777777777778 1.0 ) Weight: 0.000000 
 
;		 --- Hamiltonian H(K) --- 
    C(  1) 2s       C(  1) 2px 
 C(  1) 2s       (-1.4472963553338611+0j)         (0.492403876506104-1.2246467991473532e-16j)         0j         0j          
 C(  1) 2s       (0.492403876506104+1.2246467991473532e-16j)         (1.4472963553338611+0j)         0j         0j          
 C(  1) 2s       0j         0j         (-1.4472963553338611-0j)         (-0.492403876506104-1.2246467991473532e-16j)          
 C(  1) 2s       0j         0j         (-0.492403876506104+1.2246467991473532e-16j)         (1.4472963553338611-0j)          
#	******* Energies (in eV)  and Occupation Numbers ******* 
1:--->  -1.5287669272197502  [2 Electrons] 
2:--->  -1.5287669272197502  [2 Electrons] 
3:--->  1.5287669272197502  [0 Electrons] 
4:--->  1.5287669272197502  [0 Electrons] 
Total_Energy: 0.0 
 
 
;***& Kpoint: 98 (0.3333333333333333 1.0 ) Weight: 0.000000 
 
;		 --- Hamiltonian H(K) --- 
    C(  1) 2s       C(  1) 2px 
 C(  1) 2s       (-2.0999999999999996+0j)         (0.43301270189221935-1.2246467991473532e-16j)         0j         0j          
 C(  1) 2s       (0.43301270189221935+1.2246467991473532e-16j)         (2.0999999999999996+0j)         0j         0j          
 C(  1) 2s       0j         0j         (-2.0999999999999996-0j)         (-0.43301270189221935-1.2246467991473532e-16j)          
 C(  1) 2s       0j         0j         (-0.43301270189221935+1.2246467991473532e-16j)         (2.0999999999999996-0j)          
#	******* Energies (in eV)  and Occupation Numbers ******* 
1:--->  -2.1441781642391575  [2 Electrons] 
2:--->  -2.1441781642391575  [2 Electrons] 
3:--->  2.144178164239156  [0 Electrons] 
4:--->  2.144178164239156  [0 Electrons] 
Total_Energy: -2.6645352591003757e-15 
 
 
;***& Kpoint: 99 (0.38888888888888884 1.0 ) Weight: 0.000000 
 
;		 --- Hamiltonian H(K) --- 
    C(  1) 2s       C(  1) 2px 
 C(  1) 2s       (-2.6320888862379563+0j)         (0.32139380484326974-1.2246467991473532e-16j)         0j         0j          
 C(  1) 2s       (0.32139380484326974+1.2246467991473532e-16j)         (2.6320888862379563+0j)         0j         0j          
 C(  1) 2s       0j         0j         (-2.6320888862379563-0j)         (-0.32139380484326974-1.2246467991473532e-16j)          
 C(  1) 2s       0j         0j         (-0.32139380484326974+1.2246467991473532e-16j)         (2.6320888862379563-0j)          
#	******* Energies (in eV)  and Occupation Numbers ******* 
1:--->  -2.6516383393760545  [2 Electrons] 
2:--->  -2.6516383393760545  [2 Electrons] 
3:--->  2.6516383393760545  [0 Electrons] 
4:--->  2.6516383393760545  [0 Electrons] 
Total_Energy: 0.0 
 
 
;***& Kpoint: 100 (0.4444444444444444 1.0 ) Weight: 0.000000 
 
;		 --- Hamiltonian H(K) --- 
    C(  1) 2s       C(  1) 2px 
 C(  1) 2s       (-2.9793852415718174+0j)         (0.17101007166283444-1.2246467991473532e-16j)         0j         0j          
 C(  1) 2s       (0.17101007166283444+1.2246467991473532e-16j)         (2.9793852415718174+0j)         0j         0j          
 C(  1) 2s       0j         0j         (-2.9793852415718174-0j)         (-0.17101007166283444-1.2246467991473532e-16j)          
 C(  1) 2s       0j         0j         (-0.17101007166283444+1.2246467991473532e-16j)         (2.9793852415718174-0j)          
#	******* Energies (in eV)  and Occupation Numbers ******* 
1:--->  -2.984289004487684  [2 Electrons] 
2:--->  -2.984289004487684  [2 Electrons] 
3:--->  2.9842890044876826  [0 Electrons] 
4:--->  2.9842890044876826  [0 Electrons] 
Total_Energy: -2.6645352591003757e-15 
 
 
;***& Kpoint: 101 (0.5 1.0 ) Weight: 0.000000 
 
;		 --- Hamiltonian H(K) --- 
    C(  1) 2s       C(  1) 2px 
 C(  1) 2s       (-3.1000000000000005+0j)         (6.123233995736766e-17-1.2246467991473532e-16j)         0j         0j          
 C(  1) 2s       (6.123233995736766e-17+1.2246467991473532e-16j)         (3.1000000000000005+0j)         0j         0j          
 C(  1) 2s       0j         0j         (-3.1000000000000005-0j)         (-6.123233995736766e-17-1.2246467991473532e-16j)          
 C(  1) 2s       0j         0j         (-6.123233995736766e-17+1.2246467991473532e-16j)         (3.1000000000000005-0j)          
#	******* Energies (in eV)  and Occupation Numbers ******* 
1:--->  -3.1000000000000005  [2 Electrons] 
2:--->  -3.1000000000000005  [2 Electrons] 
3:--->  3.1000000000000005  [0 Electrons] 
4:--->  3.1000000000000005  [0 Electrons] 
Total_Energy: 0.0 
 
 
;  The Fermi Level was determined for 217 K points based on 
;     an ordering of 3472 crystal orbitals occupied by 16.000000 electrons 
;      in the unit cell (3472.000000 electrons total) 
#Fermi_Energy:  0 
