#BIND_OUTPUT version: 3.0 
#JOB_TITLE: mp-47 
; ********* Atoms within the unit cell:  ********* 
# NUMBER OF ATOMS:  
	5 
# Crystallographic coordinates of atoms: 
   1    C 0.333333 0.666667 0.062772 
   2    C 0.666667 0.333333 0.562772 
  3    C 0.666667 0.333333 0.937228 
   4    C 0.333333 0.666667 0.437228 
   5    & 0.000000 0.000000 0.000000 
# ******** Extended Hueckel Parameters ******** 
;  FORMAT  quantum number orbital: Hii, <c1>, exponent1, <c2>, <exponent2> 
ATOM: C   Atomic number: 6  # Valence Electrons: 4 
	2S:   -35.7440     2.0083 
	2P:   -29.0014     1.9063 
ATOM: &   Atomic number: -1  # Valence Electrons: 0 
# CRYSTAL SPECIFICATION: 
#Cell Constants:  
2.5131 2.5131 4.1814  
# alpha:  90.0000 
# beta:  90.0000 
# gamma:  120.0000 
#Cell Volume: 22.8702 cubic Angstroms 
# Positions of atoms from crystal coordinates 
  1    C  -0.0000   1.4509   0.2625 
   2    C   1.2565   0.7255   2.3532 
   3    C   1.2565   0.7255   3.9189 
   4    C  -0.0000   1.4509   1.8282 
   5    &   0.0000   0.0000   0.0000 
; Number of orbitals 
#Num_Orbitals: 2 
; ------  Lattice Parameters ------ 
#Dimensionality: 2 
#Lattice Vectors 
(a) 2.513094 0.000000 0.000000 
(b) -1.256547 2.176403 0.000000 
(c) 0.000000 0.000000 4.181402 
; RHO = 22.627844 
;***& Kpoint: 1 (0.0 0.0 ) Weight: 0.000000 
 
;		 --- Hamiltonian H(K) --- 
    C(  1) 2s       C(  1) 2px 
 C(  1) 2s       (0.5000000000000001+0j)         (3+0j)          
 C(  1) 2s       (3+0j)         (-0.4999999999999999+0j)          
#	******* Energies (in eV)  and Occupation Numbers ******* 
1:--->  -3.041381265149111  [2 Electrons] 
2:--->  3.0413812651491092  [0 Electrons] 
Total_Energy: -1.7763568394002505e-15 
 
 
;***& Kpoint: 2 (0.0 0.0 ) Weight: 0.000000 
 
;		 --- Hamiltonian H(K) --- 
    C(  1) 2s       C(  1) 2px 
 C(  1) 2s       (0.5000000000000001+0j)         (3+0j)          
 C(  1) 2s       (3+0j)         (-0.4999999999999999+0j)          
#	******* Energies (in eV)  and Occupation Numbers ******* 
1:--->  -3.041381265149111  [2 Electrons] 
2:--->  3.0413812651491092  [0 Electrons] 
Total_Energy: -1.7763568394002505e-15 
 
 
;***& Kpoint: 3 (0.1111111111111111 0.0 ) Weight: 0.000000 
 
;		 --- Hamiltonian H(K) --- 
    C(  1) 2s       C(  1) 2px 
 C(  1) 2s       (0.5000000000000001+0j)         (2.83972238148306-0.012432561284418164j)          
 C(  1) 2s       (2.83972238148306+0.012432561284418164j)         (-0.49999999999999994+0j)          
#	******* Energies (in eV)  and Occupation Numbers ******* 
1:--->  -2.8834315966354938  [2 Electrons] 
2:--->  2.8834315966354938  [0 Electrons] 
Total_Energy: 0.0 
 
 
;***& Kpoint: 4 (0.2222222222222222 0.0 ) Weight: 0.000000 
 
;		 --- Hamiltonian H(K) --- 
    C(  1) 2s       C(  1) 2px 
 C(  1) 2s       (0.5+0j)         (2.3844238723496107-0.09547516764588049j)          
 C(  1) 2s       (2.3844238723496107+0.09547516764588049j)         (-0.49999999999999994+0j)          
#	******* Energies (in eV)  and Occupation Numbers ******* 
1:--->  -2.438153545342812  [2 Electrons] 
2:--->  2.4381535453428116  [0 Electrons] 
Total_Energy: -4.440892098500626e-16 
 
 
;***& Kpoint: 5 (0.3333333333333333 0.0 ) Weight: 0.000000 
 
;		 --- Hamiltonian H(K) --- 
    C(  1) 2s       C(  1) 2px 
 C(  1) 2s       (0.5+0j)         (1.7057370639048868-0.3007674663608705j)          
 C(  1) 2s       (1.7057370639048868+0.3007674663608705j)         (-0.5+0j)          
#	******* Energies (in eV)  and Occupation Numbers ******* 
1:--->  -1.8027756377319948  [2 Electrons] 
2:--->  1.802775637731995  [0 Electrons] 
Total_Energy: 2.220446049250313e-16 
 
 
;***& Kpoint: 6 (0.4444444444444444 0.0 ) Weight: 0.000000 
 
;		 --- Hamiltonian H(K) --- 
    C(  1) 2s       C(  1) 2px 
 C(  1) 2s       (0.5+0j)         (0.9075139506944826-0.6462568731945986j)          
 C(  1) 2s       (0.9075139506944826+0.6462568731945986j)         (-0.5+0j)          
#	******* Energies (in eV)  and Occupation Numbers ******* 
1:--->  -1.2211590874478095  [2 Electrons] 
2:--->  1.2211590874478095  [0 Electrons] 
Total_Energy: 0.0 
 
 
;***& Kpoint: 7 (0.5555555555555556 0.0 ) Weight: 0.000000 
 
;		 --- Hamiltonian H(K) --- 
    C(  1) 2s       C(  1) 2px 
 C(  1) 2s       (0.5+0j)         (0.10591789420958031-1.1090585721874993j)          
 C(  1) 2s       (0.10591789420958031+1.1090585721874993j)         (-0.5+0j)          
#	******* Energies (in eV)  and Occupation Numbers ******* 
1:--->  -1.2211590874478095  [2 Electrons] 
2:--->  1.2211590874478089  [0 Electrons] 
Total_Energy: -6.661338147750939e-16 
 
 
;***& Kpoint: 8 (0.6666666666666666 0.0 ) Weight: 0.000000 
 
;		 --- Hamiltonian H(K) --- 
    C(  1) 2s       C(  1) 2px 
 C(  1) 2s       (0.5+0j)         (-0.5923962654520469-1.6275953626987467j)          
 C(  1) 2s       (-0.5923962654520469+1.6275953626987467j)         (-0.5+0j)          
#	******* Energies (in eV)  and Occupation Numbers ******* 
1:--->  -1.8027756377319941  [2 Electrons] 
2:--->  1.8027756377319941  [0 Electrons] 
Total_Energy: 0.0 
 
 
;***& Kpoint: 9 (0.7777777777777777 0.0 ) Weight: 0.000000 
 
;		 --- Hamiltonian H(K) --- 
    C(  1) 2s       C(  1) 2px 
 C(  1) 2s       (0.5+0j)         (-1.1095280155628942-2.112709230667766j)          
 C(  1) 2s       (-1.1095280155628942+2.112709230667766j)         (-0.49999999999999994+0j)          
#	******* Energies (in eV)  and Occupation Numbers ******* 
1:--->  -2.4381535453428107  [2 Electrons] 
2:--->  2.4381535453428107  [0 Electrons] 
Total_Energy: 0.0 
 
 
;***& Kpoint: 10 (0.8888888888888888 0.0 ) Weight: 0.000000 
 
;		 --- Hamiltonian H(K) --- 
    C(  1) 2s       C(  1) 2px 
 C(  1) 2s       (0.5000000000000001+0j)         (-1.4090942768351167-2.4654880027017834j)          
 C(  1) 2s       (-1.4090942768351167+2.4654880027017834j)         (-0.49999999999999994+0j)          
#	******* Energies (in eV)  and Occupation Numbers ******* 
1:--->  -2.8834315966354933  [2 Electrons] 
2:--->  2.8834315966354938  [0 Electrons] 
Total_Energy: 4.440892098500626e-16 
 
 
;***& Kpoint: 11 (1.0 0.0 ) Weight: 0.000000 
 
;		 --- Hamiltonian H(K) --- 
    C(  1) 2s       C(  1) 2px 
 C(  1) 2s       (0.5000000000000001+0j)         (-1.5-2.598076211353316j)          
 C(  1) 2s       (-1.5+2.598076211353316j)         (-0.4999999999999999+0j)          
#	******* Energies (in eV)  and Occupation Numbers ******* 
1:--->  -3.041381265149111  [2 Electrons] 
2:--->  3.0413812651491092  [0 Electrons] 
Total_Energy: -1.7763568394002505e-15 
 
 
;***& Kpoint: 12 (0.0 0.1111111111111111 ) Weight: 0.000000 
 
;		 --- Hamiltonian H(K) --- 
    C(  1) 2s       C(  1) 2px 
 C(  1) 2s       (1.1592693432682455+0j)         (2.83972238148306-0.012432561284418164j)          
 C(  1) 2s       (2.83972238148306+0.012432561284418164j)         (-1.1592693432682455+0j)          
#	******* Energies (in eV)  and Occupation Numbers ******* 
1:--->  -3.067259881835496  [2 Electrons] 
2:--->  3.067259881835496  [0 Electrons] 
Total_Energy: 0.0 
 
 
;***& Kpoint: 13 (0.1111111111111111 0.1111111111111111 ) Weight: 0.000000 
 
;		 --- Hamiltonian H(K) --- 
    C(  1) 2s       C(  1) 2px 
 C(  1) 2s       (1.1592693432682455+0j)         (2.83972238148306+0.012432561284418164j)          
 C(  1) 2s       (2.83972238148306-0.012432561284418164j)         (-1.1592693432682455+0j)          
#	******* Energies (in eV)  and Occupation Numbers ******* 
1:--->  -3.067259881835496  [2 Electrons] 
2:--->  3.067259881835496  [0 Electrons] 
Total_Energy: 0.0 
 
 
;***& Kpoint: 14 (0.2222222222222222 0.1111111111111111 ) Weight: 0.000000 
 
;		 --- Hamiltonian H(K) --- 
    C(  1) 2s       C(  1) 2px 
 C(  1) 2s       (1.0050296169293376+0j)         (2.5320888862379562+0j)          
 C(  1) 2s       (2.5320888862379562+0j)         (-1.0050296169293376+0j)          
#	******* Energies (in eV)  and Occupation Numbers ******* 
1:--->  -2.7242537801597897  [2 Electrons] 
2:--->  2.7242537801597897  [0 Electrons] 
Total_Energy: 0.0 
 
 
;***& Kpoint: 15 (0.3333333333333333 0.1111111111111111 ) Weight: 0.000000 
 
;		 --- Hamiltonian H(K) --- 
    C(  1) 2s       C(  1) 2px 
 C(  1) 2s       (0.7687206463891127+0j)         (1.966283228321767-0.11452295661720988j)          
 C(  1) 2s       (1.966283228321767+0.11452295661720988j)         (-0.7687206463891127+0j)          
#	******* Energies (in eV)  and Occupation Numbers ******* 
1:--->  -2.1143123406338793  [2 Electrons] 
2:--->  2.1143123406338797  [0 Electrons] 
Total_Energy: 4.440892098500626e-16 
 
 
;***& Kpoint: 16 (0.4444444444444444 0.1111111111111111 ) Weight: 0.000000 
 
;		 --- Hamiltonian H(K) --- 
    C(  1) 2s       C(  1) 2px 
 C(  1) 2s       (0.56091402524501+0j)         (1.2315675774520936-0.36870712880946793j)          
 C(  1) 2s       (1.2315675774520936+0.36870712880946793j)         (-0.56091402524501+0j)          
#	******* Energies (in eV)  and Occupation Numbers ******* 
1:--->  -1.4026147683461414  [2 Electrons] 
2:--->  1.4026147683461414  [0 Electrons] 
Total_Energy: 0.0 
 
 
;***& Kpoint: 17 (0.5555555555555556 0.1111111111111111 ) Weight: 0.000000 
 
;		 --- Hamiltonian H(K) --- 
    C(  1) 2s       C(  1) 2px 
 C(  1) 2s       (0.4788447810436934+0j)         (0.43969262078590865-0.7615699589143086j)          
 C(  1) 2s       (0.43969262078590865+0.7615699589143086j)         (-0.47884478104369343+0j)          
#	******* Energies (in eV)  and Occupation Numbers ******* 
1:--->  -1.0013045128366822  [2 Electrons] 
2:--->  1.0013045128366818  [0 Electrons] 
Total_Energy: -4.440892098500626e-16 
 
 
;***& Kpoint: 18 (0.6666666666666666 0.1111111111111111 ) Weight: 0.000000 
 
;		 --- Hamiltonian H(K) --- 
    C(  1) 2s       C(  1) 2px 
 C(  1) 2s       (0.56091402524501+0j)         (-0.2964740486206253-1.2509223729555052j)          
 C(  1) 2s       (-0.2964740486206253+1.2509223729555052j)         (-0.56091402524501+0j)          
#	******* Energies (in eV)  and Occupation Numbers ******* 
1:--->  -1.4026147683461403  [2 Electrons] 
2:--->  1.4026147683461403  [0 Electrons] 
Total_Energy: 0.0 
 
 
;***& Kpoint: 19 (0.7777777777777777 0.1111111111111111 ) Weight: 0.000000 
 
;		 --- Hamiltonian H(K) --- 
    C(  1) 2s       C(  1) 2px 
 C(  1) 2s       (0.7687206463891123+0j)         (-0.8839618244138758-1.7601127050705316j)          
 C(  1) 2s       (-0.8839618244138758+1.7601127050705316j)         (-0.7687206463891123+0j)          
#	******* Energies (in eV)  and Occupation Numbers ******* 
1:--->  -2.114312340633878  [2 Electrons] 
2:--->  2.114312340633878  [0 Electrons] 
Total_Energy: 0.0 
 
 
;***& Kpoint: 20 (0.8888888888888888 0.1111111111111111 ) Weight: 0.000000 
 
;		 --- Hamiltonian H(K) --- 
    C(  1) 2s       C(  1) 2px 
 C(  1) 2s       (1.0050296169293373+0j)         (-1.266044443118978-2.192853300122315j)          
 C(  1) 2s       (-1.266044443118978+2.192853300122315j)         (-1.0050296169293373+0j)          
#	******* Energies (in eV)  and Occupation Numbers ******* 
1:--->  -2.7242537801597893  [2 Electrons] 
2:--->  2.7242537801597893  [0 Electrons] 
Total_Energy: 0.0 
 
 
;***& Kpoint: 21 (1.0 0.1111111111111111 ) Weight: 0.000000 
 
;		 --- Hamiltonian H(K) --- 
    C(  1) 2s       C(  1) 2px 
 C(  1) 2s       (1.1592693432682455+0j)         (-1.4306281046479432-2.4530554414173653j)          
 C(  1) 2s       (-1.4306281046479432+2.4530554414173653j)         (-1.1592693432682455+0j)          
#	******* Energies (in eV)  and Occupation Numbers ******* 
1:--->  -3.067259881835496  [2 Electrons] 
2:--->  3.0672598818354957  [0 Electrons] 
Total_Energy: -4.440892098500626e-16 
 
 
;***& Kpoint: 22 (0.0 0.2222222222222222 ) Weight: 0.000000 
 
;		 --- Hamiltonian H(K) --- 
    C(  1) 2s       C(  1) 2px 
 C(  1) 2s       (1.5100592338586751+0j)         (2.3844238723496107-0.09547516764588049j)          
 C(  1) 2s       (2.3844238723496107+0.09547516764588049j)         (-1.5100592338586751+0j)          
#	******* Energies (in eV)  and Occupation Numbers ******* 
1:--->  -2.8239815155962993  [2 Electrons] 
2:--->  2.8239815155962993  [0 Electrons] 
Total_Energy: 0.0 
 
 
;***& Kpoint: 23 (0.1111111111111111 0.2222222222222222 ) Weight: 0.000000 
 
;		 --- Hamiltonian H(K) --- 
    C(  1) 2s       C(  1) 2px 
 C(  1) 2s       (1.664298960197583+0j)         (2.5320888862379562+0j)          
 C(  1) 2s       (2.5320888862379562+0j)         (-1.664298960197583+0j)          
#	******* Energies (in eV)  and Occupation Numbers ******* 
1:--->  -3.0300767575631693  [2 Electrons] 
2:--->  3.0300767575631693  [0 Electrons] 
Total_Energy: 0.0 
 
 
;***& Kpoint: 24 (0.2222222222222222 0.2222222222222222 ) Weight: 0.000000 
 
;		 --- Hamiltonian H(K) --- 
    C(  1) 2s       C(  1) 2px 
 C(  1) 2s       (1.5100592338586751+0j)         (2.3844238723496107+0.09547516764588049j)          
 C(  1) 2s       (2.3844238723496107-0.09547516764588049j)         (-1.5100592338586751+0j)          
#	******* Energies (in eV)  and Occupation Numbers ******* 
1:--->  -2.8239815155962993  [2 Electrons] 
2:--->  2.8239815155962993  [0 Electrons] 
Total_Energy: 0.0 
 
 
;***& Kpoint: 25 (0.3333333333333333 0.2222222222222222 ) Weight: 0.000000 
 
;		 --- Hamiltonian H(K) --- 
    C(  1) 2s       C(  1) 2px 
 C(  1) 2s       (1.1195105369795424+0j)         (1.966283228321767+0.11452295661720988j)          
 C(  1) 2s       (1.966283228321767-0.11452295661720988j)         (-1.1195105369795424+0j)          
#	******* Energies (in eV)  and Occupation Numbers ******* 
1:--->  -2.2655438825986223  [2 Electrons] 
2:--->  2.2655438825986223  [0 Electrons] 
Total_Energy: 0.0 
 
 
;***& Kpoint: 26 (0.4444444444444444 0.2222222222222222 ) Weight: 0.000000 
 
;		 --- Hamiltonian H(K) --- 
    C(  1) 2s       C(  1) 2px 
 C(  1) 2s       (0.6753949452952148+0j)         (1.3472963553338613+0j)          
 C(  1) 2s       (1.3472963553338613+0j)         (-0.6753949452952148+0j)          
#	******* Energies (in eV)  and Occupation Numbers ******* 
1:--->  -1.5071051062305616  [2 Electrons] 
2:--->  1.5071051062305616  [0 Electrons] 
Total_Energy: 0.0 
 
 
;***& Kpoint: 27 (0.5555555555555556 0.2222222222222222 ) Weight: 0.000000 
 
;		 --- Hamiltonian H(K) --- 
    C(  1) 2s       C(  1) 2px 
 C(  1) 2s       (0.3855190799497952+0j)         (0.6280968089582578-0.27093451669821955j)          
 C(  1) 2s       (0.6280968089582578+0.27093451669821955j)         (-0.3855190799497953+0j)          
#	******* Energies (in eV)  and Occupation Numbers ******* 
1:--->  -0.7851981117956033  [2 Electrons] 
2:--->  0.7851981117956033  [0 Electrons] 
Total_Energy: 0.0 
 
 
;***& Kpoint: 28 (0.6666666666666666 0.2222222222222222 ) Weight: 0.000000 
 
;		 --- Hamiltonian H(K) --- 
    C(  1) 2s       C(  1) 2px 
 C(  1) 2s       (0.3855190799497952+0j)         (-0.0794122302564112-0.6794150509429022j)          
 C(  1) 2s       (-0.0794122302564112+0.6794150509429022j)         (-0.3855190799497953+0j)          
#	******* Energies (in eV)  and Occupation Numbers ******* 
1:--->  -0.7851981117956031  [2 Electrons] 
2:--->  0.7851981117956031  [0 Electrons] 
Total_Energy: 0.0 
 
 
;***& Kpoint: 29 (0.7777777777777777 0.2222222222222222 ) Weight: 0.000000 
 
;		 --- Hamiltonian H(K) --- 
    C(  1) 2s       C(  1) 2px 
 C(  1) 2s       (0.6753949452952144+0j)         (-0.6736481776669291-1.1667928701453083j)          
 C(  1) 2s       (-0.6736481776669291+1.1667928701453083j)         (-0.6753949452952144+0j)          
#	******* Energies (in eV)  and Occupation Numbers ******* 
1:--->  -1.5071051062305596  [2 Electrons] 
2:--->  1.5071051062305596  [0 Electrons] 
Total_Energy: 0.0 
 
 
;***& Kpoint: 30 (0.8888888888888888 0.2222222222222222 ) Weight: 0.000000 
 
;		 --- Hamiltonian H(K) --- 
    C(  1) 2s       C(  1) 2px 
 C(  1) 2s       (1.1195105369795422+0j)         (-1.0823214039078901-1.6455897484533222j)          
 C(  1) 2s       (-1.0823214039078901+1.6455897484533222j)         (-1.1195105369795422+0j)          
#	******* Energies (in eV)  and Occupation Numbers ******* 
1:--->  -2.2655438825986214  [2 Electrons] 
2:--->  2.2655438825986214  [0 Electrons] 
Total_Energy: 0.0 
 
 
;***& Kpoint: 31 (1.0 0.2222222222222222 ) Weight: 0.000000 
 
;		 --- Hamiltonian H(K) --- 
    C(  1) 2s       C(  1) 2px 
 C(  1) 2s       (1.510059233858675+0j)         (-1.2748958567867161-2.0172340630218857j)          
 C(  1) 2s       (-1.2748958567867161+2.0172340630218857j)         (-1.510059233858675+0j)          
#	******* Energies (in eV)  and Occupation Numbers ******* 
1:--->  -2.8239815155962984  [2 Electrons] 
2:--->  2.8239815155962984  [0 Electrons] 
Total_Energy: 0.0 
 
 
;***& Kpoint: 32 (0.0 0.3333333333333333 ) Weight: 0.000000 
 
;		 --- Hamiltonian H(K) --- 
    C(  1) 2s       C(  1) 2px 
 C(  1) 2s       (1.3882311833686551+0j)         (1.7057370639048868-0.3007674663608705j)          
 C(  1) 2s       (1.7057370639048868+0.3007674663608705j)         (-1.3882311833686551+0j)          
#	******* Energies (in eV)  and Occupation Numbers ******* 
1:--->  -2.219726518848018  [2 Electrons] 
2:--->  2.219726518848017  [0 Electrons] 
Total_Energy: -8.881784197001252e-16 
 
 
;***& Kpoint: 33 (0.1111111111111111 0.3333333333333333 ) Weight: 0.000000 
 
;		 --- Hamiltonian H(K) --- 
    C(  1) 2s       C(  1) 2px 
 C(  1) 2s       (1.7787798802477879+0j)         (1.966283228321767-0.11452295661720979j)          
 C(  1) 2s       (1.966283228321767+0.11452295661720979j)         (-1.7787798802477879+0j)          
#	******* Energies (in eV)  and Occupation Numbers ******* 
1:--->  -2.6539485872838893  [2 Electrons] 
2:--->  2.6539485872838893  [0 Electrons] 
Total_Energy: 0.0 
 
 
;***& Kpoint: 34 (0.2222222222222222 0.3333333333333333 ) Weight: 0.000000 
 
;		 --- Hamiltonian H(K) --- 
    C(  1) 2s       C(  1) 2px 
 C(  1) 2s       (1.7787798802477879+0j)         (1.966283228321767+0.1145229566172099j)          
 C(  1) 2s       (1.966283228321767-0.1145229566172099j)         (-1.7787798802477879+0j)          
#	******* Energies (in eV)  and Occupation Numbers ******* 
1:--->  -2.6539485872838893  [2 Electrons] 
2:--->  2.6539485872838893  [0 Electrons] 
Total_Energy: 0.0 
 
 
;***& Kpoint: 35 (0.3333333333333333 0.3333333333333333 ) Weight: 0.000000 
 
;		 --- Hamiltonian H(K) --- 
    C(  1) 2s       C(  1) 2px 
 C(  1) 2s       (1.3882311833686551+0j)         (1.7057370639048868+0.3007674663608705j)          
 C(  1) 2s       (1.7057370639048868-0.3007674663608705j)         (-1.3882311833686551+0j)          
#	******* Energies (in eV)  and Occupation Numbers ******* 
1:--->  -2.219726518848018  [2 Electrons] 
2:--->  2.219726518848017  [0 Electrons] 
Total_Energy: -8.881784197001252e-16 
 
 
;***& Kpoint: 36 (0.4444444444444444 0.3333333333333333 ) Weight: 0.000000 
 
;		 --- Hamiltonian H(K) --- 
    C(  1) 2s       C(  1) 2px 
 C(  1) 2s       (0.7898758653454196+0j)         (1.2315675774520936+0.36870712880946793j)          
 C(  1) 2s       (1.2315675774520936-0.36870712880946793j)         (-0.7898758653454196+0j)          
#	******* Energies (in eV)  and Occupation Numbers ******* 
1:--->  -1.5088431089153425  [2 Electrons] 
2:--->  1.5088431089153427  [0 Electrons] 
Total_Energy: 2.220446049250313e-16 
 
 
;***& Kpoint: 37 (0.5555555555555556 0.3333333333333333 ) Weight: 0.000000 
 
;		 --- Hamiltonian H(K) --- 
    C(  1) 2s       C(  1) 2px 
 C(  1) 2s       (0.2636910294597753+0j)         (0.6280968089582579+0.27093451669821933j)          
 C(  1) 2s       (0.6280968089582579-0.27093451669821933j)         (-0.2636910294597753+0j)          
#	******* Energies (in eV)  and Occupation Numbers ******* 
1:--->  -0.7331057718907962  [2 Electrons] 
2:--->  0.7331057718907962  [0 Electrons] 
Total_Energy: 0.0 
 
 
;***& Kpoint: 38 (0.6666666666666666 0.3333333333333333 ) Weight: 0.000000 
 
;		 --- Hamiltonian H(K) --- 
    C(  1) 2s       C(  1) 2px 
 C(  1) 2s       (0.055884408315672485+0j)         (4.440892098500626e-16+0j)          
 C(  1) 2s       (4.440892098500626e-16+0j)         (-0.05588440831567254+0j)          
#	******* Energies (in eV)  and Occupation Numbers ******* 
1:--->  -0.05588440831567254  [2 Electrons] 
2:--->  0.055884408315672485  [0 Electrons] 
Total_Energy: -5.551115123125783e-17 
 
 
;***& Kpoint: 39 (0.7777777777777777 0.3333333333333333 ) Weight: 0.000000 
 
;		 --- Hamiltonian H(K) --- 
    C(  1) 2s       C(  1) 2px 
 C(  1) 2s       (0.2636910294597749+0j)         (-0.5486845787018452-0.40848053424468267j)          
 C(  1) 2s       (-0.5486845787018452+0.40848053424468267j)         (-0.26369102945977496+0j)          
#	******* Energies (in eV)  and Occupation Numbers ******* 
1:--->  -0.7331057718907952  [2 Electrons] 
2:--->  0.7331057718907953  [0 Electrons] 
Total_Energy: 1.1102230246251565e-16 
 
 
;***& Kpoint: 40 (0.8888888888888888 0.3333333333333333 ) Weight: 0.000000 
 
;		 --- Hamiltonian H(K) --- 
    C(  1) 2s       C(  1) 2px 
 C(  1) 2s       (0.7898758653454194+0j)         (-0.9350935288314668-0.8822152441460378j)          
 C(  1) 2s       (-0.9350935288314668+0.8822152441460378j)         (-0.7898758653454194+0j)          
#	******* Energies (in eV)  and Occupation Numbers ******* 
1:--->  -1.5088431089153416  [2 Electrons] 
2:--->  1.5088431089153416  [0 Electrons] 
Total_Energy: 0.0 
 
 
;***& Kpoint: 41 (1.0 0.3333333333333333 ) Weight: 0.000000 
 
;		 --- Hamiltonian H(K) --- 
    C(  1) 2s       C(  1) 2px 
 C(  1) 2s       (1.3882311833686551+0j)         (-1.1133407984528385-1.3268278963378772j)          
 C(  1) 2s       (-1.1133407984528385+1.3268278963378772j)         (-1.3882311833686551+0j)          
#	******* Energies (in eV)  and Occupation Numbers ******* 
1:--->  -2.219726518848017  [2 Electrons] 
2:--->  2.219726518848017  [0 Electrons] 
Total_Energy: 0.0 
 
 
;***& Kpoint: 42 (0.0 0.4444444444444444 ) Weight: 0.000000 
 
;		 --- Hamiltonian H(K) --- 
    C(  1) 2s       C(  1) 2px 
 C(  1) 2s       (0.8507898905904296+0j)         (0.9075139506944826-0.6462568731945986j)          
 C(  1) 2s       (0.9075139506944826+0.6462568731945986j)         (-0.8507898905904296+0j)          
#	******* Energies (in eV)  and Occupation Numbers ******* 
1:--->  -1.4018105987569227  [2 Electrons] 
2:--->  1.4018105987569227  [0 Electrons] 
Total_Energy: 0.0 
 
 
;***& Kpoint: 43 (0.1111111111111111 0.4444444444444444 ) Weight: 0.000000 
 
;		 --- Hamiltonian H(K) --- 
    C(  1) 2s       C(  1) 2px 
 C(  1) 2s       (1.4491452086136651+0j)         (1.2315675774520936-0.368707128809468j)          
 C(  1) 2s       (1.2315675774520936+0.368707128809468j)         (-1.4491452086136651+0j)          
#	******* Energies (in eV)  and Occupation Numbers ******* 
1:--->  -1.9371952612770056  [2 Electrons] 
2:--->  1.937195261277005  [0 Electrons] 
Total_Energy: -6.661338147750939e-16 
 
 
;***& Kpoint: 44 (0.2222222222222222 0.4444444444444444 ) Weight: 0.000000 
 
;		 --- Hamiltonian H(K) --- 
    C(  1) 2s       C(  1) 2px 
 C(  1) 2s       (1.6854541791538897+0j)         (1.347296355333861+0j)          
 C(  1) 2s       (1.347296355333861+0j)         (-1.6854541791538897+0j)          
#	******* Energies (in eV)  and Occupation Numbers ******* 
1:--->  -2.1577681198690506  [2 Electrons] 
2:--->  2.1577681198690506  [0 Electrons] 
Total_Energy: 0.0 
 
 
;***& Kpoint: 45 (0.3333333333333333 0.4444444444444444 ) Weight: 0.000000 
 
;		 --- Hamiltonian H(K) --- 
    C(  1) 2s       C(  1) 2px 
 C(  1) 2s       (1.4491452086136651+0j)         (1.2315675774520936+0.368707128809468j)          
 C(  1) 2s       (1.2315675774520936-0.368707128809468j)         (-1.4491452086136651+0j)          
#	******* Energies (in eV)  and Occupation Numbers ******* 
1:--->  -1.9371952612770056  [2 Electrons] 
2:--->  1.937195261277005  [0 Electrons] 
Total_Energy: -6.661338147750939e-16 
 
 
;***& Kpoint: 46 (0.4444444444444444 0.4444444444444444 ) Weight: 0.000000 
 
;		 --- Hamiltonian H(K) --- 
    C(  1) 2s       C(  1) 2px 
 C(  1) 2s       (0.8507898905904296+0j)         (0.9075139506944826+0.6462568731945986j)          
 C(  1) 2s       (0.9075139506944826-0.6462568731945986j)         (-0.8507898905904296+0j)          
#	******* Energies (in eV)  and Occupation Numbers ******* 
1:--->  -1.4018105987569227  [2 Electrons] 
2:--->  1.4018105987569227  [0 Electrons] 
Total_Energy: 0.0 
 
 
;***& Kpoint: 47 (0.5555555555555556 0.4444444444444444 ) Weight: 0.000000 
 
;		 --- Hamiltonian H(K) --- 
    C(  1) 2s       C(  1) 2px 
 C(  1) 2s       (0.17036532836587714+0j)         (0.43969262078590887+0.7615699589143085j)          
 C(  1) 2s       (0.43969262078590887-0.7615699589143085j)         (-0.1703653283658772+0j)          
#	******* Energies (in eV)  and Occupation Numbers ******* 
1:--->  -0.8957358696644541  [2 Electrons] 
2:--->  0.895735869664454  [0 Electrons] 
Total_Energy: -1.1102230246251565e-16 
 
 
;***& Kpoint: 48 (0.6666666666666666 0.4444444444444444 ) Weight: 0.000000 
 
;		 --- Hamiltonian H(K) --- 
    C(  1) 2s       C(  1) 2px 
 C(  1) 2s       (-0.27375026331845026+0j)         (-0.0794122302564112+0.6794150509429022j)          
 C(  1) 2s       (-0.0794122302564112-0.6794150509429022j)         (0.2737502633184502+0j)          
#	******* Energies (in eV)  and Occupation Numbers ******* 
1:--->  -0.7367837677561611  [2 Electrons] 
2:--->  0.7367837677561608  [0 Electrons] 
Total_Energy: -2.220446049250313e-16 
 
 
;***& Kpoint: 49 (0.7777777777777777 0.4444444444444444 ) Weight: 0.000000 
 
;		 --- Hamiltonian H(K) --- 
    C(  1) 2s       C(  1) 2px 
 C(  1) 2s       (-0.2737502633184506+0j)         (-0.5486845787018453+0.4084805342446829j)          
 C(  1) 2s       (-0.5486845787018453-0.4084805342446829j)         (0.27375026331845054+0j)          
#	******* Energies (in eV)  and Occupation Numbers ******* 
1:--->  -0.7367837677561606  [2 Electrons] 
2:--->  0.7367837677561605  [0 Electrons] 
Total_Energy: -1.1102230246251565e-16 
 
 
;***& Kpoint: 50 (0.8888888888888888 0.4444444444444444 ) Weight: 0.000000 
 
;		 --- Hamiltonian H(K) --- 
    C(  1) 2s       C(  1) 2px 
 C(  1) 2s       (0.17036532836587703+0j)         (-0.8793852415718164+0j)          
 C(  1) 2s       (-0.8793852415718164+0j)         (-0.1703653283658771+0j)          
#	******* Energies (in eV)  and Occupation Numbers ******* 
1:--->  -0.8957358696644536  [2 Electrons] 
2:--->  0.8957358696644536  [0 Electrons] 
Total_Energy: 0.0 
 
 
;***& Kpoint: 51 (1.0 0.4444444444444444 ) Weight: 0.000000 
 
;		 --- Hamiltonian H(K) --- 
    C(  1) 2s       C(  1) 2px 
 C(  1) 2s       (0.8507898905904294+0j)         (-1.0134318449040622-0.46280169899290113j)          
 C(  1) 2s       (-1.0134318449040622+0.46280169899290113j)         (-0.8507898905904294+0j)          
#	******* Energies (in eV)  and Occupation Numbers ******* 
1:--->  -1.4018105987569227  [2 Electrons] 
2:--->  1.4018105987569227  [0 Electrons] 
Total_Energy: 0.0 
 
 
;***& Kpoint: 52 (0.0 0.5555555555555556 ) Weight: 0.000000 
 
;		 --- Hamiltonian H(K) --- 
    C(  1) 2s       C(  1) 2px 
 C(  1) 2s       (0.14921010940957058+0j)         (0.10591789420958031-1.1090585721874993j)          
 C(  1) 2s       (0.10591789420958031+1.1090585721874993j)         (-0.14921010940957058+0j)          
#	******* Energies (in eV)  and Occupation Numbers ******* 
1:--->  -1.1240521222818727  [2 Electrons] 
2:--->  1.1240521222818727  [0 Electrons] 
Total_Energy: 0.0 
 
 
;***& Kpoint: 53 (0.1111111111111111 0.5555555555555556 ) Weight: 0.000000 
 
;		 --- Hamiltonian H(K) --- 
    C(  1) 2s       C(  1) 2px 
 C(  1) 2s       (0.8296346716341225+0j)         (0.43969262078590865-0.7615699589143087j)          
 C(  1) 2s       (0.43969262078590865+0.7615699589143087j)         (-0.8296346716341226+0j)          
#	******* Energies (in eV)  and Occupation Numbers ******* 
1:--->  -1.2089715015134894  [2 Electrons] 
2:--->  1.2089715015134894  [0 Electrons] 
Total_Energy: 0.0 
 
 
;***& Kpoint: 54 (0.2222222222222222 0.5555555555555556 ) Weight: 0.000000 
 
;		 --- Hamiltonian H(K) --- 
    C(  1) 2s       C(  1) 2px 
 C(  1) 2s       (1.2737502633184503+0j)         (0.6280968089582578-0.27093451669821955j)          
 C(  1) 2s       (0.6280968089582578+0.27093451669821955j)         (-1.2737502633184503+0j)          
#	******* Energies (in eV)  and Occupation Numbers ******* 
1:--->  -1.4458045673831112  [2 Electrons] 
2:--->  1.4458045673831112  [0 Electrons] 
Total_Energy: 0.0 
 
 
;***& Kpoint: 55 (0.3333333333333333 0.5555555555555556 ) Weight: 0.000000 
 
;		 --- Hamiltonian H(K) --- 
    C(  1) 2s       C(  1) 2px 
 C(  1) 2s       (1.2737502633184505+0j)         (0.6280968089582579+0.27093451669821933j)          
 C(  1) 2s       (0.6280968089582579-0.27093451669821933j)         (-1.2737502633184505+0j)          
#	******* Energies (in eV)  and Occupation Numbers ******* 
1:--->  -1.4458045673831115  [2 Electrons] 
2:--->  1.4458045673831115  [0 Electrons] 
Total_Energy: 0.0 
 
 
;***& Kpoint: 56 (0.4444444444444444 0.5555555555555556 ) Weight: 0.000000 
 
;		 --- Hamiltonian H(K) --- 
    C(  1) 2s       C(  1) 2px 
 C(  1) 2s       (0.829634671634123+0j)         (0.43969262078590887+0.7615699589143085j)          
 C(  1) 2s       (0.43969262078590887-0.7615699589143085j)         (-0.829634671634123+0j)          
#	******* Energies (in eV)  and Occupation Numbers ******* 
1:--->  -1.2089715015134894  [2 Electrons] 
2:--->  1.2089715015134894  [0 Electrons] 
Total_Energy: 0.0 
 
 
;***& Kpoint: 57 (0.5555555555555556 0.5555555555555556 ) Weight: 0.000000 
 
;		 --- Hamiltonian H(K) --- 
    C(  1) 2s       C(  1) 2px 
 C(  1) 2s       (0.14921010940957058+0j)         (0.10591789420958031+1.1090585721874993j)          
 C(  1) 2s       (0.10591789420958031-1.1090585721874993j)         (-0.14921010940957058+0j)          
#	******* Energies (in eV)  and Occupation Numbers ******* 
1:--->  -1.1240521222818727  [2 Electrons] 
2:--->  1.1240521222818727  [0 Electrons] 
Total_Energy: 0.0 
 
 
;***& Kpoint: 58 (0.6666666666666666 0.5555555555555556 ) Weight: 0.000000 
 
;		 --- Hamiltonian H(K) --- 
    C(  1) 2s       C(  1) 2px 
 C(  1) 2s       (-0.4491452086136649+0j)         (-0.29647404862062576+1.2509223729555057j)          
 C(  1) 2s       (-0.29647404862062576-1.2509223729555057j)         (0.4491452086136649+0j)          
#	******* Energies (in eV)  and Occupation Numbers ******* 
1:--->  -1.3617764365294145  [2 Electrons] 
2:--->  1.3617764365294145  [0 Electrons] 
Total_Energy: 0.0 
 
 
;***& Kpoint: 59 (0.7777777777777777 0.5555555555555556 ) Weight: 0.000000 
 
;		 --- Hamiltonian H(K) --- 
    C(  1) 2s       C(  1) 2px 
 C(  1) 2s       (-0.6854541791538897+0j)         (-0.6736481776669296+1.1667928701453092j)          
 C(  1) 2s       (-0.6736481776669296-1.1667928701453092j)         (0.6854541791538897+0j)          
#	******* Energies (in eV)  and Occupation Numbers ******* 
1:--->  -1.5116398052497284  [2 Electrons] 
2:--->  1.5116398052497284  [0 Electrons] 
Total_Energy: 0.0 
 
 
;***& Kpoint: 60 (0.8888888888888888 0.5555555555555556 ) Weight: 0.000000 
 
;		 --- Hamiltonian H(K) --- 
    C(  1) 2s       C(  1) 2px 
 C(  1) 2s       (-0.44914520861366536+0j)         (-0.9350935288314669+0.882215244146038j)          
 C(  1) 2s       (-0.9350935288314669-0.882215244146038j)         (0.44914520861366536+0j)          
#	******* Energies (in eV)  and Occupation Numbers ******* 
1:--->  -1.3617764365294152  [2 Electrons] 
2:--->  1.3617764365294152  [0 Electrons] 
Total_Energy: 0.0 
 
 
;***& Kpoint: 61 (1.0 0.5555555555555556 ) Weight: 0.000000 
 
;		 --- Hamiltonian H(K) --- 
    C(  1) 2s       C(  1) 2px 
 C(  1) 2s       (0.14921010940957036+0j)         (-1.0134318449040622+0.46280169899290113j)          
 C(  1) 2s       (-1.0134318449040622-0.46280169899290113j)         (-0.14921010940957036+0j)          
#	******* Energies (in eV)  and Occupation Numbers ******* 
1:--->  -1.1240521222818731  [2 Electrons] 
2:--->  1.1240521222818731  [0 Electrons] 
Total_Energy: 0.0 
 
 
;***& Kpoint: 62 (0.0 0.6666666666666666 ) Weight: 0.000000 
 
;		 --- Hamiltonian H(K) --- 
    C(  1) 2s       C(  1) 2px 
 C(  1) 2s       (-0.3882311833686549+0j)         (-0.5923962654520469-1.6275953626987467j)          
 C(  1) 2s       (-0.5923962654520469+1.6275953626987467j)         (0.3882311833686549+0j)          
#	******* Energies (in eV)  and Occupation Numbers ******* 
1:--->  -1.7750277326678092  [2 Electrons] 
2:--->  1.7750277326678092  [0 Electrons] 
Total_Energy: 0.0 
 
 
;***& Kpoint: 63 (0.1111111111111111 0.6666666666666666 ) Weight: 0.000000 
 
;		 --- Hamiltonian H(K) --- 
    C(  1) 2s       C(  1) 2px 
 C(  1) 2s       (0.21012413465458052+0j)         (-0.2964740486206253-1.2509223729555052j)          
 C(  1) 2s       (-0.2964740486206253+1.2509223729555052j)         (-0.21012413465458052+0j)          
#	******* Energies (in eV)  and Occupation Numbers ******* 
1:--->  -1.3026341760565294  [2 Electrons] 
2:--->  1.3026341760565294  [0 Electrons] 
Total_Energy: 0.0 
 
 
;***& Kpoint: 64 (0.2222222222222222 0.6666666666666666 ) Weight: 0.000000 
 
;		 --- Hamiltonian H(K) --- 
    C(  1) 2s       C(  1) 2px 
 C(  1) 2s       (0.7363089705402248+0j)         (-0.0794122302564112-0.6794150509429021j)          
 C(  1) 2s       (-0.0794122302564112+0.6794150509429021j)         (-0.7363089705402249+0j)          
#	******* Energies (in eV)  and Occupation Numbers ******* 
1:--->  -1.0050184146870391  [2 Electrons] 
2:--->  1.0050184146870391  [0 Electrons] 
Total_Energy: 0.0 
 
 
;***& Kpoint: 65 (0.3333333333333333 0.6666666666666666 ) Weight: 0.000000 
 
;		 --- Hamiltonian H(K) --- 
    C(  1) 2s       C(  1) 2px 
 C(  1) 2s       (0.9441155916843277+0j)         (4.440892098500626e-16+0j)          
 C(  1) 2s       (4.440892098500626e-16+0j)         (-0.9441155916843278+0j)          
#	******* Energies (in eV)  and Occupation Numbers ******* 
1:--->  -0.9441155916843278  [2 Electrons] 
2:--->  0.9441155916843277  [0 Electrons] 
Total_Energy: -1.1102230246251565e-16 
 
 
;***& Kpoint: 66 (0.4444444444444444 0.6666666666666666 ) Weight: 0.000000 
 
;		 --- Hamiltonian H(K) --- 
    C(  1) 2s       C(  1) 2px 
 C(  1) 2s       (0.7363089705402248+0j)         (-0.0794122302564112+0.6794150509429022j)          
 C(  1) 2s       (-0.0794122302564112-0.6794150509429022j)         (-0.7363089705402249+0j)          
#	******* Energies (in eV)  and Occupation Numbers ******* 
1:--->  -1.0050184146870391  [2 Electrons] 
2:--->  1.0050184146870393  [0 Electrons] 
Total_Energy: 2.220446049250313e-16 
 
 
;***& Kpoint: 67 (0.5555555555555556 0.6666666666666666 ) Weight: 0.000000 
 
;		 --- Hamiltonian H(K) --- 
    C(  1) 2s       C(  1) 2px 
 C(  1) 2s       (0.2101241346545804+0j)         (-0.29647404862062576+1.2509223729555057j)          
 C(  1) 2s       (-0.29647404862062576-1.2509223729555057j)         (-0.2101241346545804+0j)          
#	******* Energies (in eV)  and Occupation Numbers ******* 
1:--->  -1.3026341760565299  [2 Electrons] 
2:--->  1.3026341760565299  [0 Electrons] 
Total_Energy: 0.0 
 
 
;***& Kpoint: 68 (0.6666666666666666 0.6666666666666666 ) Weight: 0.000000 
 
;		 --- Hamiltonian H(K) --- 
    C(  1) 2s       C(  1) 2px 
 C(  1) 2s       (-0.3882311833686549+0j)         (-0.5923962654520469+1.6275953626987467j)          
 C(  1) 2s       (-0.5923962654520469-1.6275953626987467j)         (0.3882311833686549+0j)          
#	******* Energies (in eV)  and Occupation Numbers ******* 
1:--->  -1.7750277326678092  [2 Electrons] 
2:--->  1.7750277326678092  [0 Electrons] 
Total_Energy: 0.0 
 
 
;***& Kpoint: 69 (0.7777777777777777 0.6666666666666666 ) Weight: 0.000000 
 
;		 --- Hamiltonian H(K) --- 
    C(  1) 2s       C(  1) 2px 
 C(  1) 2s       (-0.7787798802477877+0j)         (-0.8839618244138758+1.7601127050705316j)          
 C(  1) 2s       (-0.8839618244138758-1.7601127050705316j)         (0.7787798802477877+0j)          
#	******* Energies (in eV)  and Occupation Numbers ******* 
1:--->  -2.1179904021148377  [2 Electrons] 
2:--->  2.1179904021148377  [0 Electrons] 
Total_Energy: 0.0 
 
 
;***& Kpoint: 70 (0.8888888888888888 0.6666666666666666 ) Weight: 0.000000 
 
;		 --- Hamiltonian H(K) --- 
    C(  1) 2s       C(  1) 2px 
 C(  1) 2s       (-0.7787798802477879+0j)         (-1.0823214039078901+1.6455897484533222j)          
 C(  1) 2s       (-1.0823214039078901-1.6455897484533222j)         (0.7787798802477879+0j)          
#	******* Energies (in eV)  and Occupation Numbers ******* 
1:--->  -2.117990402114838  [2 Electrons] 
2:--->  2.117990402114838  [0 Electrons] 
Total_Energy: 0.0 
 
 
;***& Kpoint: 71 (1.0 0.6666666666666666 ) Weight: 0.000000 
 
;		 --- Hamiltonian H(K) --- 
    C(  1) 2s       C(  1) 2px 
 C(  1) 2s       (-0.38823118336865503+0j)         (-1.1133407984528385+1.3268278963378761j)          
 C(  1) 2s       (-1.1133407984528385-1.3268278963378761j)         (0.38823118336865503+0j)          
#	******* Energies (in eV)  and Occupation Numbers ******* 
1:--->  -1.7750277326678094  [2 Electrons] 
2:--->  1.7750277326678094  [0 Electrons] 
Total_Energy: 0.0 
 
 
;***& Kpoint: 72 (0.0 0.7777777777777777 ) Weight: 0.000000 
 
;		 --- Hamiltonian H(K) --- 
    C(  1) 2s       C(  1) 2px 
 C(  1) 2s       (-0.5100592338586751+0j)         (-1.1095280155628942-2.112709230667766j)          
 C(  1) 2s       (-1.1095280155628942+2.112709230667766j)         (0.5100592338586751+0j)          
#	******* Energies (in eV)  and Occupation Numbers ******* 
1:--->  -2.4402362862461118  [2 Electrons] 
2:--->  2.4402362862461118  [0 Electrons] 
Total_Energy: 0.0 
 
 
;***& Kpoint: 73 (0.1111111111111111 0.7777777777777777 ) Weight: 0.000000 
 
;		 --- Hamiltonian H(K) --- 
    C(  1) 2s       C(  1) 2px 
 C(  1) 2s       (-0.11951053697954206+0j)         (-0.8839618244138758-1.7601127050705316j)          
 C(  1) 2s       (-0.8839618244138758+1.7601127050705316j)         (0.11951053697954206+0j)          
#	******* Energies (in eV)  and Occupation Numbers ******* 
1:--->  -1.9732379506843445  [2 Electrons] 
2:--->  1.9732379506843445  [0 Electrons] 
Total_Energy: 0.0 
 
 
;***& Kpoint: 74 (0.2222222222222222 0.7777777777777777 ) Weight: 0.000000 
 
;		 --- Hamiltonian H(K) --- 
    C(  1) 2s       C(  1) 2px 
 C(  1) 2s       (0.32460505470478546+0j)         (-0.6736481776669292-1.1667928701453083j)          
 C(  1) 2s       (-0.6736481776669292+1.1667928701453083j)         (-0.32460505470478546+0j)          
#	******* Energies (in eV)  and Occupation Numbers ******* 
1:--->  -1.3858484443241972  [2 Electrons] 
2:--->  1.3858484443241972  [0 Electrons] 
Total_Energy: 0.0 
 
 
;***& Kpoint: 75 (0.3333333333333333 0.7777777777777777 ) Weight: 0.000000 
 
;		 --- Hamiltonian H(K) --- 
    C(  1) 2s       C(  1) 2px 
 C(  1) 2s       (0.614480920050205+0j)         (-0.5486845787018452-0.40848053424468267j)          
 C(  1) 2s       (-0.5486845787018452+0.40848053424468267j)         (-0.6144809200502052+0j)          
#	******* Energies (in eV)  and Occupation Numbers ******* 
1:--->  -0.9195096056419358  [2 Electrons] 
2:--->  0.9195096056419365  [0 Electrons] 
Total_Energy: 6.661338147750939e-16 
 
 
;***& Kpoint: 76 (0.4444444444444444 0.7777777777777777 ) Weight: 0.000000 
 
;		 --- Hamiltonian H(K) --- 
    C(  1) 2s       C(  1) 2px 
 C(  1) 2s       (0.6144809200502049+0j)         (-0.5486845787018453+0.4084805342446829j)          
 C(  1) 2s       (-0.5486845787018453-0.4084805342446829j)         (-0.614480920050205+0j)          
#	******* Energies (in eV)  and Occupation Numbers ******* 
1:--->  -0.9195096056419365  [2 Electrons] 
2:--->  0.9195096056419363  [0 Electrons] 
Total_Energy: -2.220446049250313e-16 
 
 
;***& Kpoint: 77 (0.5555555555555556 0.7777777777777777 ) Weight: 0.000000 
 
;		 --- Hamiltonian H(K) --- 
    C(  1) 2s       C(  1) 2px 
 C(  1) 2s       (0.3246050547047852+0j)         (-0.6736481776669296+1.1667928701453092j)          
 C(  1) 2s       (-0.6736481776669296-1.1667928701453092j)         (-0.3246050547047852+0j)          
#	******* Energies (in eV)  and Occupation Numbers ******* 
1:--->  -1.385848444324198  [2 Electrons] 
2:--->  1.385848444324198  [0 Electrons] 
Total_Energy: 0.0 
 
 
;***& Kpoint: 78 (0.6666666666666666 0.7777777777777777 ) Weight: 0.000000 
 
;		 --- Hamiltonian H(K) --- 
    C(  1) 2s       C(  1) 2px 
 C(  1) 2s       (-0.1195105369795425+0j)         (-0.8839618244138758+1.7601127050705316j)          
 C(  1) 2s       (-0.8839618244138758-1.7601127050705316j)         (0.1195105369795425+0j)          
#	******* Energies (in eV)  and Occupation Numbers ******* 
1:--->  -1.9732379506843445  [2 Electrons] 
2:--->  1.9732379506843445  [0 Electrons] 
Total_Energy: 0.0 
 
 
;***& Kpoint: 79 (0.7777777777777777 0.7777777777777777 ) Weight: 0.000000 
 
;		 --- Hamiltonian H(K) --- 
    C(  1) 2s       C(  1) 2px 
 C(  1) 2s       (-0.5100592338586751+0j)         (-1.1095280155628942+2.112709230667766j)          
 C(  1) 2s       (-1.1095280155628942-2.112709230667766j)         (0.5100592338586751+0j)          
#	******* Energies (in eV)  and Occupation Numbers ******* 
1:--->  -2.4402362862461118  [2 Electrons] 
2:--->  2.4402362862461118  [0 Electrons] 
Total_Energy: 0.0 
 
 
;***& Kpoint: 80 (0.8888888888888888 0.7777777777777777 ) Weight: 0.000000 
 
;		 --- Hamiltonian H(K) --- 
    C(  1) 2s       C(  1) 2px 
 C(  1) 2s       (-0.6642989601975835+0j)         (-1.2660444431189775+2.192853300122315j)          
 C(  1) 2s       (-1.2660444431189775-2.192853300122315j)         (0.6642989601975835+0j)          
#	******* Energies (in eV)  and Occupation Numbers ******* 
1:--->  -2.617779065606828  [2 Electrons] 
2:--->  2.617779065606828  [0 Electrons] 
Total_Energy: 0.0 
 
 
;***& Kpoint: 81 (1.0 0.7777777777777777 ) Weight: 0.000000 
 
;		 --- Hamiltonian H(K) --- 
    C(  1) 2s       C(  1) 2px 
 C(  1) 2s       (-0.5100592338586754+0j)         (-1.2748958567867157+2.0172340630218857j)          
 C(  1) 2s       (-1.2748958567867157-2.0172340630218857j)         (0.5100592338586754+0j)          
#	******* Energies (in eV)  and Occupation Numbers ******* 
1:--->  -2.440236286246112  [2 Electrons] 
2:--->  2.440236286246112  [0 Electrons] 
Total_Energy: 0.0 
 
 
;***& Kpoint: 82 (0.0 0.8888888888888888 ) Weight: 0.000000 
 
;		 --- Hamiltonian H(K) --- 
    C(  1) 2s       C(  1) 2px 
 C(  1) 2s       (-0.1592693432682457+0j)         (-1.4090942768351167-2.4654880027017834j)          
 C(  1) 2s       (-1.4090942768351167+2.4654880027017834j)         (0.15926934326824588+0j)          
#	******* Energies (in eV)  and Occupation Numbers ******* 
1:--->  -2.844212456231251  [2 Electrons] 
2:--->  2.844212456231252  [0 Electrons] 
Total_Energy: 8.881784197001252e-16 
 
 
;***& Kpoint: 83 (0.1111111111111111 0.8888888888888888 ) Weight: 0.000000 
 
;		 --- Hamiltonian H(K) --- 
    C(  1) 2s       C(  1) 2px 
 C(  1) 2s       (-0.005029616929337788+0j)         (-1.2660444431189777-2.192853300122315j)          
 C(  1) 2s       (-1.2660444431189777+2.192853300122315j)         (0.0050296169293378434+0j)          
#	******* Energies (in eV)  and Occupation Numbers ******* 
1:--->  -2.532093881524977  [2 Electrons] 
2:--->  2.532093881524977  [0 Electrons] 
Total_Energy: 0.0 
 
 
;***& Kpoint: 84 (0.2222222222222222 0.8888888888888888 ) Weight: 0.000000 
 
;		 --- Hamiltonian H(K) --- 
    C(  1) 2s       C(  1) 2px 
 C(  1) 2s       (0.23127935361088714+0j)         (-1.0823214039078901-1.6455897484533222j)          
 C(  1) 2s       (-1.0823214039078901+1.6455897484533222j)         (-0.23127935361088714+0j)          
#	******* Energies (in eV)  and Occupation Numbers ******* 
1:--->  -1.9831478464750134  [2 Electrons] 
2:--->  1.9831478464750136  [0 Electrons] 
Total_Energy: 2.220446049250313e-16 
 
 
;***& Kpoint: 85 (0.3333333333333333 0.8888888888888888 ) Weight: 0.000000 
 
;		 --- Hamiltonian H(K) --- 
    C(  1) 2s       C(  1) 2px 
 C(  1) 2s       (0.43908597475499+0j)         (-0.9350935288314667-0.8822152441460379j)          
 C(  1) 2s       (-0.9350935288314667+0.8822152441460379j)         (-0.43908597475499+0j)          
#	******* Energies (in eV)  and Occupation Numbers ******* 
1:--->  -1.358491861548194  [2 Electrons] 
2:--->  1.358491861548194  [0 Electrons] 
Total_Energy: 0.0 
 
 
;***& Kpoint: 86 (0.4444444444444444 0.8888888888888888 ) Weight: 0.000000 
 
;		 --- Hamiltonian H(K) --- 
    C(  1) 2s       C(  1) 2px 
 C(  1) 2s       (0.5211552189563067+0j)         (-0.8793852415718164+0j)          
 C(  1) 2s       (-0.8793852415718164+0j)         (-0.5211552189563068+0j)          
#	******* Energies (in eV)  and Occupation Numbers ******* 
1:--->  -1.022213854993033  [2 Electrons] 
2:--->  1.0222138549930335  [0 Electrons] 
Total_Energy: 4.440892098500626e-16 
 
 
;***& Kpoint: 87 (0.5555555555555556 0.8888888888888888 ) Weight: 0.000000 
 
;		 --- Hamiltonian H(K) --- 
    C(  1) 2s       C(  1) 2px 
 C(  1) 2s       (0.4390859747549901+0j)         (-0.9350935288314668+0.882215244146038j)          
 C(  1) 2s       (-0.9350935288314668-0.882215244146038j)         (-0.4390859747549901+0j)          
#	******* Energies (in eV)  and Occupation Numbers ******* 
1:--->  -1.3584918615481942  [2 Electrons] 
2:--->  1.3584918615481942  [0 Electrons] 
Total_Energy: 0.0 
 
 
;***& Kpoint: 88 (0.6666666666666666 0.8888888888888888 ) Weight: 0.000000 
 
;		 --- Hamiltonian H(K) --- 
    C(  1) 2s       C(  1) 2px 
 C(  1) 2s       (0.23127935361088714+0j)         (-1.0823214039078901+1.6455897484533222j)          
 C(  1) 2s       (-1.0823214039078901-1.6455897484533222j)         (-0.23127935361088714+0j)          
#	******* Energies (in eV)  and Occupation Numbers ******* 
1:--->  -1.9831478464750134  [2 Electrons] 
2:--->  1.9831478464750136  [0 Electrons] 
Total_Energy: 2.220446049250313e-16 
 
 
;***& Kpoint: 89 (0.7777777777777777 0.8888888888888888 ) Weight: 0.000000 
 
;		 --- Hamiltonian H(K) --- 
    C(  1) 2s       C(  1) 2px 
 C(  1) 2s       (-0.005029616929337566+0j)         (-1.2660444431189775+2.192853300122315j)          
 C(  1) 2s       (-1.2660444431189775-2.192853300122315j)         (0.005029616929337621+0j)          
#	******* Energies (in eV)  and Occupation Numbers ******* 
1:--->  -2.532093881524977  [2 Electrons] 
2:--->  2.532093881524977  [0 Electrons] 
Total_Energy: 0.0 
 
 
;***& Kpoint: 90 (0.8888888888888888 0.8888888888888888 ) Weight: 0.000000 
 
;		 --- Hamiltonian H(K) --- 
    C(  1) 2s       C(  1) 2px 
 C(  1) 2s       (-0.1592693432682457+0j)         (-1.4090942768351167+2.4654880027017834j)          
 C(  1) 2s       (-1.4090942768351167-2.4654880027017834j)         (0.15926934326824588+0j)          
#	******* Energies (in eV)  and Occupation Numbers ******* 
1:--->  -2.844212456231251  [2 Electrons] 
2:--->  2.844212456231252  [0 Electrons] 
Total_Energy: 8.881784197001252e-16 
 
 
;***& Kpoint: 91 (1.0 0.8888888888888888 ) Weight: 0.000000 
 
;		 --- Hamiltonian H(K) --- 
    C(  1) 2s       C(  1) 2px 
 C(  1) 2s       (-0.15926934326824582+0j)         (-1.430628104647943+2.4530554414173653j)          
 C(  1) 2s       (-1.430628104647943-2.4530554414173653j)         (0.159269343268246+0j)          
#	******* Energies (in eV)  and Occupation Numbers ******* 
1:--->  -2.844212456231251  [2 Electrons] 
2:--->  2.844212456231252  [0 Electrons] 
Total_Energy: 8.881784197001252e-16 
 
 
;***& Kpoint: 92 (0.0 1.0 ) Weight: 0.000000 
 
;		 --- Hamiltonian H(K) --- 
    C(  1) 2s       C(  1) 2px 
 C(  1) 2s       (0.49999999999999983+0j)         (-1.5-2.598076211353316j)          
 C(  1) 2s       (-1.5+2.598076211353316j)         (-0.4999999999999996+0j)          
#	******* Energies (in eV)  and Occupation Numbers ******* 
1:--->  -3.0413812651491106  [2 Electrons] 
2:--->  3.0413812651491092  [0 Electrons] 
Total_Energy: -1.3322676295501878e-15 
 
 
;***& Kpoint: 93 (0.1111111111111111 1.0 ) Weight: 0.000000 
 
;		 --- Hamiltonian H(K) --- 
    C(  1) 2s       C(  1) 2px 
 C(  1) 2s       (0.49999999999999983+0j)         (-1.4306281046479432-2.4530554414173653j)          
 C(  1) 2s       (-1.4306281046479432+2.4530554414173653j)         (-0.49999999999999967+0j)          
#	******* Energies (in eV)  and Occupation Numbers ******* 
1:--->  -2.8834315966354938  [2 Electrons] 
2:--->  2.8834315966354933  [0 Electrons] 
Total_Energy: -4.440892098500626e-16 
 
 
;***& Kpoint: 94 (0.2222222222222222 1.0 ) Weight: 0.000000 
 
;		 --- Hamiltonian H(K) --- 
    C(  1) 2s       C(  1) 2px 
 C(  1) 2s       (0.49999999999999983+0j)         (-1.2748958567867161-2.0172340630218857j)          
 C(  1) 2s       (-1.2748958567867161+2.0172340630218857j)         (-0.4999999999999998+0j)          
#	******* Energies (in eV)  and Occupation Numbers ******* 
1:--->  -2.438153545342811  [2 Electrons] 
2:--->  2.4381535453428107  [0 Electrons] 
Total_Energy: -4.440892098500626e-16 
 
 
;***& Kpoint: 95 (0.3333333333333333 1.0 ) Weight: 0.000000 
 
;		 --- Hamiltonian H(K) --- 
    C(  1) 2s       C(  1) 2px 
 C(  1) 2s       (0.49999999999999983+0j)         (-1.1133407984528385-1.3268278963378772j)          
 C(  1) 2s       (-1.1133407984528385+1.3268278963378772j)         (-0.49999999999999983+0j)          
#	******* Energies (in eV)  and Occupation Numbers ******* 
1:--->  -1.8027756377319948  [2 Electrons] 
2:--->  1.8027756377319948  [0 Electrons] 
Total_Energy: 0.0 
 
 
;***& Kpoint: 96 (0.4444444444444444 1.0 ) Weight: 0.000000 
 
;		 --- Hamiltonian H(K) --- 
    C(  1) 2s       C(  1) 2px 
 C(  1) 2s       (0.5+0j)         (-1.013431844904062-0.46280169899290113j)          
 C(  1) 2s       (-1.013431844904062+0.46280169899290113j)         (-0.5+0j)          
#	******* Energies (in eV)  and Occupation Numbers ******* 
1:--->  -1.2211590874478093  [2 Electrons] 
2:--->  1.2211590874478098  [0 Electrons] 
Total_Energy: 4.440892098500626e-16 
 
 
;***& Kpoint: 97 (0.5555555555555556 1.0 ) Weight: 0.000000 
 
;		 --- Hamiltonian H(K) --- 
    C(  1) 2s       C(  1) 2px 
 C(  1) 2s       (0.5+0j)         (-1.013431844904062+0.4628016989929012j)          
 C(  1) 2s       (-1.013431844904062-0.4628016989929012j)         (-0.5+0j)          
#	******* Energies (in eV)  and Occupation Numbers ******* 
1:--->  -1.2211590874478093  [2 Electrons] 
2:--->  1.2211590874478098  [0 Electrons] 
Total_Energy: 4.440892098500626e-16 
 
 
;***& Kpoint: 98 (0.6666666666666666 1.0 ) Weight: 0.000000 
 
;		 --- Hamiltonian H(K) --- 
    C(  1) 2s       C(  1) 2px 
 C(  1) 2s       (0.49999999999999994+0j)         (-1.1133407984528385+1.3268278963378761j)          
 C(  1) 2s       (-1.1133407984528385-1.3268278963378761j)         (-0.49999999999999994+0j)          
#	******* Energies (in eV)  and Occupation Numbers ******* 
1:--->  -1.802775637731994  [2 Electrons] 
2:--->  1.802775637731994  [0 Electrons] 
Total_Energy: 0.0 
 
 
;***& Kpoint: 99 (0.7777777777777777 1.0 ) Weight: 0.000000 
 
;		 --- Hamiltonian H(K) --- 
    C(  1) 2s       C(  1) 2px 
 C(  1) 2s       (0.4999999999999999+0j)         (-1.2748958567867157+2.0172340630218857j)          
 C(  1) 2s       (-1.2748958567867157-2.0172340630218857j)         (-0.49999999999999983+0j)          
#	******* Energies (in eV)  and Occupation Numbers ******* 
1:--->  -2.4381535453428107  [2 Electrons] 
2:--->  2.438153545342811  [0 Electrons] 
Total_Energy: 4.440892098500626e-16 
 
 
;***& Kpoint: 100 (0.8888888888888888 1.0 ) Weight: 0.000000 
 
;		 --- Hamiltonian H(K) --- 
    C(  1) 2s       C(  1) 2px 
 C(  1) 2s       (0.5+0j)         (-1.430628104647943+2.4530554414173653j)          
 C(  1) 2s       (-1.430628104647943-2.4530554414173653j)         (-0.49999999999999983+0j)          
#	******* Energies (in eV)  and Occupation Numbers ******* 
1:--->  -2.8834315966354933  [2 Electrons] 
2:--->  2.8834315966354938  [0 Electrons] 
Total_Energy: 4.440892098500626e-16 
 
 
;***& Kpoint: 101 (1.0 1.0 ) Weight: 0.000000 
 
;		 --- Hamiltonian H(K) --- 
    C(  1) 2s       C(  1) 2px 
 C(  1) 2s       (0.49999999999999983+0j)         (-1.5+2.598076211353316j)          
 C(  1) 2s       (-1.5-2.598076211353316j)         (-0.4999999999999996+0j)          
#	******* Energies (in eV)  and Occupation Numbers ******* 
1:--->  -3.0413812651491106  [2 Electrons] 
2:--->  3.0413812651491092  [0 Electrons] 
Total_Energy: -1.3322676295501878e-15 
 
 
;  The Fermi Level was determined for 217 K points based on 
;     an ordering of 3472 crystal orbitals occupied by 16.000000 electrons 
;      in the unit cell (3472.000000 electrons total) 
#Fermi_Energy:  0 
